TN:
SF:app/+not-found.tsx
FN:5,NotFoundScreen
FNF:1
FNH:0
FNDA:0,NotFoundScreen
DA:6,0
DA:7,0
DA:20,0
LF:3
LH:0
BRF:0
BRH:0
end_of_record
TN:
SF:app/_layout.tsx
FN:26,(anonymous_0)
FN:36,isAbsoluteHttpUrl
FN:47,UserSyncHandler
FN:52,(anonymous_3)
FN:56,handleUserSync
FN:62,(anonymous_5)
FN:64,(anonymous_6)
FN:84,RootLayoutNav
FN:106,(anonymous_8)
FN:116,(anonymous_9)
FN:143,(anonymous_10)
FN:182,RootLayout
FN:183,(anonymous_12)
FN:207,ConvexHeartbeat
FN:212,(anonymous_14)
FN:216,(anonymous_15)
FN:246,(anonymous_16)
FN:253,ConvexUserSync
FN:258,(anonymous_18)
FN:262,(anonymous_19)
FN:310,(anonymous_20)
FN:323,(anonymous_21)
FN:340,ConvexClerkWrapper
FN:344,(anonymous_23)
FN:345,(anonymous_24)
FNF:25
FNH:0
FNDA:0,(anonymous_0)
FNDA:0,isAbsoluteHttpUrl
FNDA:0,UserSyncHandler
FNDA:0,(anonymous_3)
FNDA:0,handleUserSync
FNDA:0,(anonymous_5)
FNDA:0,(anonymous_6)
FNDA:0,RootLayoutNav
FNDA:0,(anonymous_8)
FNDA:0,(anonymous_9)
FNDA:0,(anonymous_10)
FNDA:0,RootLayout
FNDA:0,(anonymous_12)
FNDA:0,ConvexHeartbeat
FNDA:0,(anonymous_14)
FNDA:0,(anonymous_15)
FNDA:0,(anonymous_16)
FNDA:0,ConvexUserSync
FNDA:0,(anonymous_18)
FNDA:0,(anonymous_19)
FNDA:0,(anonymous_20)
FNDA:0,(anonymous_21)
FNDA:0,ConvexClerkWrapper
FNDA:0,(anonymous_23)
FNDA:0,(anonymous_24)
DA:16,0
DA:17,0
DA:20,0
DA:21,0
DA:22,0
DA:25,0
DA:26,0
DA:37,0
DA:38,0
DA:39,0
DA:40,0
DA:42,0
DA:48,0
DA:49,0
DA:50,0
DA:52,0
DA:54,0
DA:57,0
DA:58,0
DA:59,0
DA:60,0
DA:62,0
DA:63,0
DA:65,0
DA:68,0
DA:70,0
DA:72,0
DA:73,0
DA:77,0
DA:81,0
DA:85,0
DA:86,0
DA:87,0
DA:88,0
DA:91,0
DA:92,0
DA:94,0
DA:106,0
DA:108,0
DA:109,0
DA:110,0
DA:111,0
DA:114,0
DA:116,0
DA:117,0
DA:118,0
DA:119,0
DA:122,0
DA:124,0
DA:125,0
DA:126,0
DA:129,0
DA:132,0
DA:134,0
DA:135,0
DA:136,0
DA:141,0
DA:143,0
DA:144,0
DA:149,0
DA:150,0
DA:152,0
DA:153,0
DA:161,0
DA:162,0
DA:163,0
DA:165,0
DA:166,0
DA:170,0
DA:183,0
DA:185,0
DA:195,0
DA:196,0
DA:197,0
DA:198,0
DA:200,0
DA:201,0
DA:203,0
DA:204,0
DA:208,0
DA:209,0
DA:210,0
DA:212,0
DA:214,0
DA:216,0
DA:217,0
DA:219,0
DA:221,0
DA:222,0
DA:223,0
DA:224,0
DA:225,0
DA:228,0
DA:229,0
DA:231,0
DA:232,0
DA:235,0
DA:240,0
DA:243,0
DA:245,0
DA:246,0
DA:250,0
DA:254,0
DA:255,0
DA:256,0
DA:258,0
DA:260,0
DA:262,0
DA:263,0
DA:265,0
DA:269,0
DA:270,0
DA:271,0
DA:272,0
DA:273,0
DA:276,0
DA:277,0
DA:281,0
DA:288,0
DA:295,0
DA:296,0
DA:298,0
DA:299,0
DA:300,0
DA:302,0
DA:303,0
DA:304,0
DA:306,0
DA:307,0
DA:308,0
DA:309,0
DA:310,0
DA:312,0
DA:317,0
DA:322,0
DA:323,0
DA:327,0
DA:331,0
DA:343,0
DA:344,0
DA:345,0
DA:346,0
DA:347,0
DA:348,0
DA:349,0
DA:350,0
DA:352,0
DA:355,0
DA:358,0
DA:362,0
DA:363,0
DA:373,0
DA:374,0
DA:390,0
LF:154
LH:0
BRDA:37,0,0,0
BRDA:37,0,1,0
BRDA:40,1,0,0
BRDA:40,1,1,0
BRDA:54,2,0,0
BRDA:54,2,1,0
BRDA:54,3,0,0
BRDA:54,3,1,0
BRDA:54,3,2,0
BRDA:54,3,3,0
BRDA:59,4,0,0
BRDA:59,4,1,0
BRDA:59,5,0,0
BRDA:59,5,1,0
BRDA:108,6,0,0
BRDA:108,6,1,0
BRDA:124,7,0,0
BRDA:124,7,1,0
BRDA:134,8,0,0
BRDA:134,8,1,0
BRDA:152,9,0,0
BRDA:152,9,1,0
BRDA:152,10,0,0
BRDA:152,10,1,0
BRDA:161,11,0,0
BRDA:161,11,1,0
BRDA:161,12,0,0
BRDA:161,12,1,0
BRDA:162,13,0,0
BRDA:162,13,1,0
BRDA:162,14,0,0
BRDA:162,14,1,0
BRDA:165,15,0,0
BRDA:165,15,1,0
BRDA:165,16,0,0
BRDA:165,16,1,0
BRDA:165,16,2,0
BRDA:196,17,0,0
BRDA:196,17,1,0
BRDA:203,18,0,0
BRDA:203,18,1,0
BRDA:214,19,0,0
BRDA:214,19,1,0
BRDA:214,20,0,0
BRDA:214,20,1,0
BRDA:214,20,2,0
BRDA:214,20,3,0
BRDA:223,21,0,0
BRDA:223,21,1,0
BRDA:235,22,0,0
BRDA:235,22,1,0
BRDA:260,23,0,0
BRDA:260,23,1,0
BRDA:260,24,0,0
BRDA:260,24,1,0
BRDA:260,24,2,0
BRDA:260,24,3,0
BRDA:271,25,0,0
BRDA:271,25,1,0
BRDA:282,26,0,0
BRDA:282,26,1,0
BRDA:283,27,0,0
BRDA:283,27,1,0
BRDA:284,28,0,0
BRDA:284,28,1,0
BRDA:285,29,0,0
BRDA:285,29,1,0
BRDA:306,30,0,0
BRDA:306,30,1,0
BRDA:306,31,0,0
BRDA:306,31,1,0
BRDA:317,32,0,0
BRDA:317,32,1,0
BRDA:346,33,0,0
BRDA:346,33,1,0
BRDA:349,34,0,0
BRDA:349,34,1,0
BRDA:373,35,0,0
BRDA:373,35,1,0
BRDA:395,36,0,0
BRDA:395,36,1,0
BRF:81
BRH:0
end_of_record
TN:
SF:app/index.tsx
FN:13,SplashScreen
FN:19,(anonymous_1)
FN:37,(anonymous_2)
FN:42,(anonymous_3)
FNF:4
FNH:0
FNDA:0,SplashScreen
FNDA:0,(anonymous_1)
FNDA:0,(anonymous_2)
FNDA:0,(anonymous_3)
DA:14,0
DA:16,0
DA:17,0
DA:19,0
DA:21,0
DA:37,0
DA:38,0
DA:42,0
DA:45,0
DA:70,0
LF:10
LH:0
BRF:0
BRH:0
end_of_record
TN:
SF:app/loading.tsx
FN:12,LoadingScreen
FN:33,(anonymous_1)
FN:35,(anonymous_2)
FN:153,(anonymous_3)
FN:154,(anonymous_4)
FN:158,(anonymous_5)
FN:166,(anonymous_6)
FNF:7
FNH:0
FNDA:0,LoadingScreen
FNDA:0,(anonymous_1)
FNDA:0,(anonymous_2)
FNDA:0,(anonymous_3)
FNDA:0,(anonymous_4)
FNDA:0,(anonymous_5)
FNDA:0,(anonymous_6)
DA:13,0
DA:15,0
DA:25,0
DA:26,0
DA:27,0
DA:28,0
DA:29,0
DA:30,0
DA:31,0
DA:33,0
DA:35,0
DA:37,0
DA:53,0
DA:69,0
DA:85,0
DA:101,0
DA:117,0
DA:150,0
DA:153,0
DA:154,0
DA:155,0
DA:156,0
DA:158,0
DA:159,0
DA:161,0
DA:166,0
DA:169,0
DA:209,0
LF:28
LH:0
BRDA:155,0,0,0
BRDA:155,0,1,0
BRF:2
BRH:0
end_of_record
TN:
SF:app/onboarding.tsx
FN:82,OnboardingFlow
FN:91,(anonymous_1)
FNF:2
FNH:0
FNDA:0,OnboardingFlow
FNDA:0,(anonymous_1)
DA:20,0
DA:83,0
DA:85,0
DA:91,0
DA:92,0
DA:94,0
DA:97,0
DA:102,0
DA:104,0
DA:209,0
LF:10
LH:0
BRDA:92,0,0,0
BRDA:92,0,1,0
BRDA:113,1,0,0
BRDA:113,1,1,0
BRDA:122,2,0,0
BRDA:122,2,1,0
BRDA:134,3,0,0
BRDA:134,3,1,0
BRDA:173,4,0,0
BRDA:173,4,1,0
BRDA:179,5,0,0
BRDA:179,5,1,0
BRDA:180,6,0,0
BRDA:180,6,1,0
BRF:14
BRH:0
end_of_record
TN:
SF:app/quote.tsx
FN:16,QuoteScreen
FN:23,(anonymous_1)
FN:48,(anonymous_2)
FN:53,(anonymous_3)
FNF:4
FNH:0
FNDA:0,QuoteScreen
FNDA:0,(anonymous_1)
FNDA:0,(anonymous_2)
FNDA:0,(anonymous_3)
DA:17,0
DA:19,0
DA:20,0
DA:21,0
DA:23,0
DA:25,0
DA:48,0
DA:49,0
DA:53,0
DA:56,0
DA:99,0
LF:11
LH:0
BRF:0
BRH:0
end_of_record
TN:
SF:app/(app)/_layout.tsx
FN:16,AppLayout
FN:27,(anonymous_1)
FN:28,(anonymous_2)
FN:76,(anonymous_3)
FN:79,(anonymous_4)
FN:92,(anonymous_5)
FN:103,(anonymous_6)
FN:109,(anonymous_7)
FN:112,(anonymous_8)
FN:159,(anonymous_9)
FN:164,(anonymous_10)
FN:185,(anonymous_11)
FN:192,(anonymous_12)
FN:199,(anonymous_13)
FN:210,(anonymous_14)
FN:210,(anonymous_15)
FN:219,(anonymous_16)
FN:222,(anonymous_17)
FN:227,(anonymous_18)
FN:248,(anonymous_19)
FN:250,(anonymous_20)
FN:250,(anonymous_21)
FN:253,(anonymous_22)
FN:303,(anonymous_23)
FN:348,(anonymous_24)
FN:348,(anonymous_25)
FNF:26
FNH:0
FNDA:0,AppLayout
FNDA:0,(anonymous_1)
FNDA:0,(anonymous_2)
FNDA:0,(anonymous_3)
FNDA:0,(anonymous_4)
FNDA:0,(anonymous_5)
FNDA:0,(anonymous_6)
FNDA:0,(anonymous_7)
FNDA:0,(anonymous_8)
FNDA:0,(anonymous_9)
FNDA:0,(anonymous_10)
FNDA:0,(anonymous_11)
FNDA:0,(anonymous_12)
FNDA:0,(anonymous_13)
FNDA:0,(anonymous_14)
FNDA:0,(anonymous_15)
FNDA:0,(anonymous_16)
FNDA:0,(anonymous_17)
FNDA:0,(anonymous_18)
FNDA:0,(anonymous_19)
FNDA:0,(anonymous_20)
FNDA:0,(anonymous_21)
FNDA:0,(anonymous_22)
FNDA:0,(anonymous_23)
FNDA:0,(anonymous_24)
FNDA:0,(anonymous_25)
DA:17,0
DA:18,0
DA:19,0
DA:20,0
DA:21,0
DA:22,0
DA:24,0
DA:27,0
DA:28,0
DA:29,0
DA:31,0
DA:32,0
DA:36,0
DA:37,0
DA:38,0
DA:39,0
DA:40,0
DA:41,0
DA:43,0
DA:46,0
DA:50,0
DA:51,0
DA:52,0
DA:53,0
DA:54,0
DA:55,0
DA:56,0
DA:58,0
DA:61,0
DA:66,0
DA:67,0
DA:72,0
DA:73,0
DA:76,0
DA:77,0
DA:79,0
DA:80,0
DA:81,0
DA:82,0
DA:84,0
DA:89,0
DA:92,0
DA:93,0
DA:97,0
DA:98,0
DA:100,0
DA:103,0
DA:104,0
DA:109,0
DA:110,0
DA:112,0
DA:113,0
DA:114,0
DA:118,0
DA:119,0
DA:121,0
DA:144,0
DA:145,0
DA:148,0
DA:152,0
DA:157,0
DA:159,0
DA:160,0
DA:162,0
DA:164,0
DA:165,0
DA:166,0
DA:171,0
DA:172,0
DA:175,0
DA:180,0
DA:183,0
DA:185,0
DA:186,0
DA:187,0
DA:192,0
DA:193,0
DA:195,0
DA:198,0
DA:199,0
DA:202,0
DA:203,0
DA:210,0
DA:214,0
DA:219,0
DA:220,0
DA:221,0
DA:222,0
DA:224,0
DA:225,0
DA:226,0
DA:227,0
DA:240,0
DA:241,0
DA:245,0
DA:247,0
DA:249,0
DA:250,0
DA:254,0
DA:255,0
DA:256,0
DA:258,0
DA:259,0
DA:260,0
DA:261,0
DA:264,0
DA:265,0
DA:266,0
DA:267,0
DA:268,0
DA:270,0
DA:271,0
DA:274,0
DA:275,0
DA:276,0
DA:279,0
DA:280,0
DA:281,0
DA:284,0
DA:285,0
DA:286,0
DA:289,0
DA:290,0
DA:291,0
DA:294,0
DA:301,0
DA:303,0
DA:304,0
DA:305,0
DA:306,0
DA:307,0
DA:312,0
DA:313,0
DA:320,0
DA:321,0
DA:322,0
DA:325,0
DA:348,0
LF:138
LH:0
BRDA:31,0,0,0
BRDA:31,0,1,0
BRDA:36,1,0,0
BRDA:36,1,1,0
BRDA:38,2,0,0
BRDA:38,2,1,0
BRDA:53,3,0,0
BRDA:53,3,1,0
BRDA:66,4,0,0
BRDA:66,4,1,0
BRDA:66,5,0,0
BRDA:66,5,1,0
BRDA:66,5,2,0
BRDA:77,6,0,0
BRDA:77,6,1,0
BRDA:77,7,0,0
BRDA:77,7,1,0
BRDA:93,8,0,0
BRDA:93,8,1,0
BRDA:94,9,0,0
BRDA:94,9,1,0
BRDA:110,10,0,0
BRDA:110,10,1,0
BRDA:110,11,0,0
BRDA:110,11,1,0
BRDA:110,11,2,0
BRDA:119,12,0,0
BRDA:119,12,1,0
BRDA:135,13,0,0
BRDA:135,13,1,0
BRDA:139,14,0,0
BRDA:139,14,1,0
BRDA:160,15,0,0
BRDA:160,15,1,0
BRDA:160,16,0,0
BRDA:160,16,1,0
BRDA:171,17,0,0
BRDA:171,17,1,0
BRDA:171,18,0,0
BRDA:171,18,1,0
BRDA:193,19,0,0
BRDA:193,19,1,0
BRDA:198,20,0,0
BRDA:198,20,1,0
BRDA:199,21,0,0
BRDA:199,21,1,0
BRDA:202,22,0,0
BRDA:202,22,1,0
BRDA:202,23,0,0
BRDA:202,23,1,0
BRDA:205,24,0,0
BRDA:205,24,1,0
BRDA:206,25,0,0
BRDA:206,25,1,0
BRDA:220,26,0,0
BRDA:220,26,1,0
BRDA:220,27,0,0
BRDA:220,27,1,0
BRDA:245,28,0,0
BRDA:245,28,1,0
BRDA:249,29,0,0
BRDA:249,29,1,0
BRDA:249,30,0,0
BRDA:249,30,1,0
BRDA:256,31,0,0
BRDA:256,31,1,0
BRDA:258,32,0,0
BRDA:258,32,1,0
BRDA:258,33,0,0
BRDA:258,33,1,0
BRDA:264,34,0,0
BRDA:264,34,1,0
BRDA:265,35,0,0
BRDA:265,35,1,0
BRDA:266,36,0,0
BRDA:266,36,1,0
BRDA:274,37,0,0
BRDA:274,37,1,0
BRDA:279,38,0,0
BRDA:279,38,1,0
BRDA:284,39,0,0
BRDA:284,39,1,0
BRDA:289,40,0,0
BRDA:289,40,1,0
BRDA:305,41,0,0
BRDA:305,41,1,0
BRDA:312,42,0,0
BRDA:312,42,1,0
BRDA:320,43,0,0
BRDA:320,43,1,0
BRDA:328,44,0,0
BRDA:328,44,1,0
BRF:92
BRH:0
end_of_record
TN:
SF:app/(app)/change-password.tsx
FN:18,ChangePasswordScreen
FN:28,(anonymous_1)
FN:57,(anonymous_2)
FN:93,(anonymous_3)
FN:117,(anonymous_4)
FNF:5
FNH:0
FNDA:0,ChangePasswordScreen
FNDA:0,(anonymous_1)
FNDA:0,(anonymous_2)
FNDA:0,(anonymous_3)
FNDA:0,(anonymous_4)
DA:19,0
DA:20,0
DA:21,0
DA:22,0
DA:23,0
DA:24,0
DA:25,0
DA:26,0
DA:28,0
DA:30,0
DA:31,0
DA:32,0
DA:35,0
DA:36,0
DA:37,0
DA:40,0
DA:41,0
DA:42,0
DA:45,0
DA:47,0
DA:49,0
DA:54,0
DA:57,0
DA:60,0
DA:61,0
DA:66,0
DA:70,0
DA:93,0
DA:117,0
DA:169,0
LF:30
LH:0
BRDA:30,0,0,0
BRDA:30,0,1,0
BRDA:30,1,0,0
BRDA:30,1,1,0
BRDA:30,1,2,0
BRDA:35,2,0,0
BRDA:35,2,1,0
BRDA:40,3,0,0
BRDA:40,3,1,0
BRDA:63,4,0,0
BRDA:63,4,1,0
BRDA:96,5,0,0
BRDA:96,5,1,0
BRDA:120,6,0,0
BRDA:120,6,1,0
BRDA:153,7,0,0
BRDA:153,7,1,0
BRDA:157,8,0,0
BRDA:157,8,1,0
BRF:19
BRH:0
end_of_record
TN:
SF:app/(app)/help-support.tsx
FNF:0
FNH:0
LF:0
LH:0
BRF:0
BRH:0
end_of_record
TN:
SF:app/(app)/(tabs)/home.tsx
FN:47,MoodChartSection
FN:52,(anonymous_1)
FN:72,(anonymous_2)
FN:77,(anonymous_3)
FN:78,(anonymous_4)
FN:87,(anonymous_5)
FN:113,(anonymous_6)
FN:124,(anonymous_7)
FN:158,(anonymous_8)
FN:166,(anonymous_9)
FN:218,HomeScreen
FN:261,(anonymous_11)
FN:272,(anonymous_12)
FN:289,(anonymous_13)
FN:298,(anonymous_14)
FN:307,(anonymous_15)
FN:316,(anonymous_16)
FN:323,(anonymous_17)
FN:339,(anonymous_18)
FN:365,(anonymous_19)
FN:388,(anonymous_20)
FN:399,(anonymous_21)
FN:409,(anonymous_22)
FN:433,(anonymous_23)
FN:450,(anonymous_24)
FN:465,(anonymous_25)
FN:468,(anonymous_26)
FN:498,(anonymous_27)
FN:503,(anonymous_28)
FN:508,(anonymous_29)
FN:514,(anonymous_30)
FN:552,(anonymous_31)
FN:574,(anonymous_32)
FN:585,(anonymous_33)
FN:595,(anonymous_34)
FN:596,(anonymous_35)
FN:611,(anonymous_36)
FN:646,(anonymous_37)
FN:656,(anonymous_38)
FN:678,(anonymous_39)
FN:697,(anonymous_40)
FN:717,(anonymous_41)
FN:736,(anonymous_42)
FN:784,(anonymous_43)
FN:799,(anonymous_44)
FN:849,(anonymous_45)
FN:904,(anonymous_46)
FN:908,(anonymous_47)
FN:964,(anonymous_48)
FN:987,(anonymous_49)
FNF:50
FNH:0
FNDA:0,MoodChartSection
FNDA:0,(anonymous_1)
FNDA:0,(anonymous_2)
FNDA:0,(anonymous_3)
FNDA:0,(anonymous_4)
FNDA:0,(anonymous_5)
FNDA:0,(anonymous_6)
FNDA:0,(anonymous_7)
FNDA:0,(anonymous_8)
FNDA:0,(anonymous_9)
FNDA:0,HomeScreen
FNDA:0,(anonymous_11)
FNDA:0,(anonymous_12)
FNDA:0,(anonymous_13)
FNDA:0,(anonymous_14)
FNDA:0,(anonymous_15)
FNDA:0,(anonymous_16)
FNDA:0,(anonymous_17)
FNDA:0,(anonymous_18)
FNDA:0,(anonymous_19)
FNDA:0,(anonymous_20)
FNDA:0,(anonymous_21)
FNDA:0,(anonymous_22)
FNDA:0,(anonymous_23)
FNDA:0,(anonymous_24)
FNDA:0,(anonymous_25)
FNDA:0,(anonymous_26)
FNDA:0,(anonymous_27)
FNDA:0,(anonymous_28)
FNDA:0,(anonymous_29)
FNDA:0,(anonymous_30)
FNDA:0,(anonymous_31)
FNDA:0,(anonymous_32)
FNDA:0,(anonymous_33)
FNDA:0,(anonymous_34)
FNDA:0,(anonymous_35)
FNDA:0,(anonymous_36)
FNDA:0,(anonymous_37)
FNDA:0,(anonymous_38)
FNDA:0,(anonymous_39)
FNDA:0,(anonymous_40)
FNDA:0,(anonymous_41)
FNDA:0,(anonymous_42)
FNDA:0,(anonymous_43)
FNDA:0,(anonymous_44)
FNDA:0,(anonymous_45)
FNDA:0,(anonymous_46)
FNDA:0,(anonymous_47)
FNDA:0,(anonymous_48)
FNDA:0,(anonymous_49)
DA:48,0
DA:49,0
DA:52,0
DA:53,0
DA:58,0
DA:61,0
DA:62,0
DA:69,0
DA:71,0
DA:72,0
DA:74,0
DA:77,0
DA:78,0
DA:81,0
DA:87,0
DA:114,0
DA:115,0
DA:118,0
DA:121,0
DA:124,0
DA:125,0
DA:126,0
DA:127,0
DA:128,0
DA:129,0
DA:130,0
DA:133,0
DA:160,0
DA:161,0
DA:162,0
DA:163,0
DA:166,0
DA:167,0
DA:168,0
DA:169,0
DA:170,0
DA:171,0
DA:173,0
DA:175,0
DA:220,0
DA:221,0
DA:222,0
DA:223,0
DA:227,0
DA:231,0
DA:232,0
DA:233,0
DA:234,0
DA:235,0
DA:236,0
DA:237,0
DA:240,0
DA:242,0
DA:243,0
DA:244,0
DA:258,0
DA:261,0
DA:264,0
DA:272,0
DA:273,0
DA:274,0
DA:275,0
DA:277,0
DA:281,0
DA:289,0
DA:298,0
DA:307,0
DA:316,0
DA:323,0
DA:324,0
DA:325,0
DA:326,0
DA:327,0
DA:328,0
DA:331,0
DA:332,0
DA:339,0
DA:340,0
DA:356,0
DA:365,0
DA:366,0
DA:382,0
DA:388,0
DA:389,0
DA:390,0
DA:391,0
DA:392,0
DA:393,0
DA:399,0
DA:400,0
DA:401,0
DA:402,0
DA:409,0
DA:411,0
DA:412,0
DA:413,0
DA:417,0
DA:418,0
DA:419,0
DA:420,0
DA:423,0
DA:424,0
DA:433,0
DA:434,0
DA:436,0
DA:439,0
DA:442,0
DA:449,0
DA:450,0
DA:453,0
DA:455,0
DA:456,0
DA:465,0
DA:466,0
DA:468,0
DA:469,0
DA:470,0
DA:473,0
DA:476,0
DA:483,0
DA:484,0
DA:486,0
DA:491,0
DA:492,0
DA:497,0
DA:499,0
DA:501,0
DA:502,0
DA:503,0
DA:506,0
DA:508,0
DA:509,0
DA:510,0
DA:512,0
DA:514,0
DA:515,0
DA:516,0
DA:517,0
DA:519,0
DA:520,0
DA:521,0
DA:523,0
DA:524,0
DA:528,0
DA:529,0
DA:531,0
DA:532,0
DA:533,0
DA:534,0
DA:535,0
DA:539,0
DA:540,0
DA:541,0
DA:544,0
DA:546,0
DA:547,0
DA:552,0
DA:553,0
DA:555,0
DA:556,0
DA:557,0
DA:558,0
DA:559,0
DA:560,0
DA:564,0
DA:565,0
DA:566,0
DA:574,0
DA:575,0
DA:579,0
DA:580,0
DA:585,0
DA:586,0
DA:588,0
DA:589,0
DA:590,0
DA:594,0
DA:595,0
DA:596,0
DA:599,0
DA:600,0
DA:603,0
DA:604,0
DA:605,0
DA:611,0
DA:612,0
DA:614,0
DA:615,0
DA:616,0
DA:617,0
DA:618,0
DA:620,0
DA:623,0
DA:624,0
DA:625,0
DA:630,0
DA:638,0
DA:640,0
DA:644,0
DA:646,0
DA:647,0
DA:648,0
DA:656,0
DA:657,0
DA:658,0
DA:659,0
DA:660,0
DA:662,0
DA:663,0
DA:664,0
DA:665,0
DA:667,0
DA:678,0
DA:679,0
DA:697,0
DA:698,0
DA:700,0
DA:702,0
DA:704,0
DA:706,0
DA:708,0
DA:710,0
DA:717,0
DA:718,0
DA:720,0
DA:722,0
DA:724,0
DA:726,0
DA:728,0
DA:730,0
DA:735,0
DA:736,0
DA:744,0
DA:745,0
DA:752,0
DA:784,0
DA:799,0
DA:850,0
DA:905,0
DA:908,0
DA:964,0
DA:987,0
LF:242
LH:0
BRDA:58,0,0,0
BRDA:58,0,1,0
BRDA:61,1,0,0
BRDA:61,1,1,0
BRDA:93,2,0,0
BRDA:93,2,1,0
BRDA:107,3,0,0
BRDA:107,3,1,0
BRDA:112,4,0,0
BRDA:112,4,1,0
BRDA:118,5,0,0
BRDA:118,5,1,0
BRDA:121,6,0,0
BRDA:121,6,1,0
BRDA:121,7,0,0
BRDA:121,7,1,0
BRDA:121,8,0,0
BRDA:121,8,1,0
BRDA:125,9,0,0
BRDA:125,9,1,0
BRDA:125,10,0,0
BRDA:125,10,1,0
BRDA:126,11,0,0
BRDA:126,11,1,0
BRDA:127,12,0,0
BRDA:127,12,1,0
BRDA:128,13,0,0
BRDA:128,13,1,0
BRDA:129,14,0,0
BRDA:129,14,1,0
BRDA:140,15,0,0
BRDA:140,15,1,0
BRDA:145,16,0,0
BRDA:145,16,1,0
BRDA:147,17,0,0
BRDA:147,17,1,0
BRDA:147,17,2,0
BRDA:161,18,0,0
BRDA:161,18,1,0
BRDA:161,19,0,0
BRDA:161,19,1,0
BRDA:161,20,0,0
BRDA:161,20,1,0
BRDA:184,21,0,0
BRDA:184,21,1,0
BRDA:188,22,0,0
BRDA:188,22,1,0
BRDA:188,23,0,0
BRDA:188,23,1,0
BRDA:222,24,0,0
BRDA:222,24,1,0
BRDA:227,25,0,0
BRDA:227,25,1,0
BRDA:227,25,2,0
BRDA:227,25,3,0
BRDA:274,26,0,0
BRDA:274,26,1,0
BRDA:325,27,0,0
BRDA:325,27,1,0
BRDA:356,28,0,0
BRDA:356,28,1,0
BRDA:382,29,0,0
BRDA:382,29,1,0
BRDA:391,30,0,0
BRDA:391,30,1,0
BRDA:392,31,0,0
BRDA:392,31,1,0
BRDA:400,32,0,0
BRDA:400,32,1,0
BRDA:401,33,0,0
BRDA:401,33,1,0
BRDA:411,34,0,0
BRDA:411,34,1,0
BRDA:418,35,0,0
BRDA:418,35,1,0
BRDA:439,36,0,0
BRDA:439,36,1,0
BRDA:466,37,0,0
BRDA:466,37,1,0
BRDA:466,38,0,0
BRDA:466,38,1,0
BRDA:473,39,0,0
BRDA:473,39,1,0
BRDA:491,40,0,0
BRDA:491,40,1,0
BRDA:491,41,0,0
BRDA:491,41,1,0
BRDA:501,42,0,0
BRDA:501,42,1,0
BRDA:509,43,0,0
BRDA:509,43,1,0
BRDA:517,44,0,0
BRDA:517,44,1,0
BRDA:519,45,0,0
BRDA:519,45,1,0
BRDA:520,46,0,0
BRDA:520,46,1,0
BRDA:523,47,0,0
BRDA:523,47,1,0
BRDA:529,48,0,0
BRDA:529,48,1,0
BRDA:531,49,0,0
BRDA:531,49,1,0
BRDA:533,50,0,0
BRDA:533,50,1,0
BRDA:534,51,0,0
BRDA:534,51,1,0
BRDA:539,52,0,0
BRDA:539,52,1,0
BRDA:540,53,0,0
BRDA:540,53,1,0
BRDA:544,54,0,0
BRDA:544,54,1,0
BRDA:547,55,0,0
BRDA:547,55,1,0
BRDA:553,56,0,0
BRDA:553,56,1,0
BRDA:555,57,0,0
BRDA:555,57,1,0
BRDA:557,58,0,0
BRDA:557,58,1,0
BRDA:559,59,0,0
BRDA:559,59,1,0
BRDA:565,60,0,0
BRDA:565,60,1,0
BRDA:575,61,0,0
BRDA:575,61,1,0
BRDA:579,62,0,0
BRDA:579,62,1,0
BRDA:586,63,0,0
BRDA:586,63,1,0
BRDA:590,64,0,0
BRDA:590,64,1,0
BRDA:595,65,0,0
BRDA:595,65,1,0
BRDA:595,65,2,0
BRDA:599,66,0,0
BRDA:599,66,1,0
BRDA:604,67,0,0
BRDA:604,67,1,0
BRDA:612,68,0,0
BRDA:612,68,1,0
BRDA:615,69,0,0
BRDA:615,69,1,0
BRDA:617,70,0,0
BRDA:617,70,1,0
BRDA:624,71,0,0
BRDA:624,71,1,0
BRDA:640,72,0,0
BRDA:640,72,1,0
BRDA:662,73,0,0
BRDA:662,73,1,0
BRDA:664,74,0,0
BRDA:664,74,1,0
BRDA:685,75,0,0
BRDA:685,75,1,0
BRDA:698,76,0,0
BRDA:698,76,1,0
BRDA:698,76,2,0
BRDA:698,76,3,0
BRDA:698,76,4,0
BRDA:698,76,5,0
BRDA:718,77,0,0
BRDA:718,77,1,0
BRDA:718,77,2,0
BRDA:718,77,3,0
BRDA:718,77,4,0
BRDA:718,77,5,0
BRDA:735,78,0,0
BRDA:735,78,1,0
BRDA:738,79,0,0
BRDA:738,79,1,0
BRDA:738,79,2,0
BRDA:738,79,3,0
BRDA:739,80,0,0
BRDA:739,80,1,0
BRDA:739,80,2,0
BRDA:744,81,0,0
BRDA:744,81,1,0
BRDA:760,82,0,0
BRDA:760,82,1,0
BRDA:795,83,0,0
BRDA:795,83,1,0
BRDA:839,84,0,0
BRDA:839,84,1,0
BRDA:860,85,0,0
BRDA:860,85,1,0
BRDA:868,86,0,0
BRDA:868,86,1,0
BRDA:873,87,0,0
BRDA:873,87,1,0
BRDA:903,88,0,0
BRDA:903,88,1,0
BRDA:914,89,0,0
BRDA:914,89,1,0
BRDA:961,90,0,0
BRDA:961,90,1,0
BRF:197
BRH:0
end_of_record
TN:
SF:app/(app)/(tabs)/appointments/appointment-list.tsx
FN:42,AppointmentList
FN:48,(anonymous_1)
FN:86,(anonymous_2)
FN:101,(anonymous_3)
FN:108,(anonymous_4)
FN:117,(anonymous_5)
FN:123,(anonymous_6)
FN:125,(anonymous_7)
FN:126,(anonymous_8)
FN:136,(anonymous_9)
FN:145,(anonymous_10)
FN:151,(anonymous_11)
FN:164,(anonymous_12)
FN:184,(anonymous_13)
FN:185,(anonymous_14)
FN:214,(anonymous_15)
FN:215,(anonymous_16)
FN:232,(anonymous_17)
FN:233,(anonymous_18)
FN:257,(anonymous_19)
FN:273,(anonymous_20)
FN:274,(anonymous_21)
FN:300,(anonymous_22)
FN:306,(anonymous_23)
FN:315,(anonymous_24)
FN:333,(anonymous_25)
FN:341,(anonymous_26)
FN:342,(anonymous_27)
FN:343,(anonymous_28)
FN:344,(anonymous_29)
FN:345,(anonymous_30)
FN:346,(anonymous_31)
FN:347,(anonymous_32)
FN:348,(anonymous_33)
FN:349,(anonymous_34)
FN:350,(anonymous_35)
FN:351,(anonymous_36)
FN:355,(anonymous_37)
FN:364,(anonymous_38)
FN:372,(anonymous_39)
FN:396,(anonymous_40)
FN:404,(anonymous_41)
FN:412,(anonymous_42)
FN:420,(anonymous_43)
FN:432,(anonymous_44)
FN:434,(anonymous_45)
FN:435,(anonymous_46)
FN:439,(anonymous_47)
FN:477,(anonymous_48)
FN:479,(anonymous_49)
FN:480,(anonymous_50)
FN:484,(anonymous_51)
FN:528,(anonymous_52)
FN:540,(anonymous_53)
FN:545,(anonymous_54)
FN:553,(anonymous_55)
FN:591,(anonymous_56)
FN:605,(anonymous_57)
FNF:58
FNH:0
FNDA:0,AppointmentList
FNDA:0,(anonymous_1)
FNDA:0,(anonymous_2)
FNDA:0,(anonymous_3)
FNDA:0,(anonymous_4)
FNDA:0,(anonymous_5)
FNDA:0,(anonymous_6)
FNDA:0,(anonymous_7)
FNDA:0,(anonymous_8)
FNDA:0,(anonymous_9)
FNDA:0,(anonymous_10)
FNDA:0,(anonymous_11)
FNDA:0,(anonymous_12)
FNDA:0,(anonymous_13)
FNDA:0,(anonymous_14)
FNDA:0,(anonymous_15)
FNDA:0,(anonymous_16)
FNDA:0,(anonymous_17)
FNDA:0,(anonymous_18)
FNDA:0,(anonymous_19)
FNDA:0,(anonymous_20)
FNDA:0,(anonymous_21)
FNDA:0,(anonymous_22)
FNDA:0,(anonymous_23)
FNDA:0,(anonymous_24)
FNDA:0,(anonymous_25)
FNDA:0,(anonymous_26)
FNDA:0,(anonymous_27)
FNDA:0,(anonymous_28)
FNDA:0,(anonymous_29)
FNDA:0,(anonymous_30)
FNDA:0,(anonymous_31)
FNDA:0,(anonymous_32)
FNDA:0,(anonymous_33)
FNDA:0,(anonymous_34)
FNDA:0,(anonymous_35)
FNDA:0,(anonymous_36)
FNDA:0,(anonymous_37)
FNDA:0,(anonymous_38)
FNDA:0,(anonymous_39)
FNDA:0,(anonymous_40)
FNDA:0,(anonymous_41)
FNDA:0,(anonymous_42)
FNDA:0,(anonymous_43)
FNDA:0,(anonymous_44)
FNDA:0,(anonymous_45)
FNDA:0,(anonymous_46)
FNDA:0,(anonymous_47)
FNDA:0,(anonymous_48)
FNDA:0,(anonymous_49)
FNDA:0,(anonymous_50)
FNDA:0,(anonymous_51)
FNDA:0,(anonymous_52)
FNDA:0,(anonymous_53)
FNDA:0,(anonymous_54)
FNDA:0,(anonymous_55)
FNDA:0,(anonymous_56)
FNDA:0,(anonymous_57)
DA:43,0
DA:44,0
DA:47,0
DA:48,0
DA:49,0
DA:50,0
DA:51,0
DA:53,0
DA:54,0
DA:57,0
DA:58,0
DA:59,0
DA:60,0
DA:61,0
DA:62,0
DA:65,0
DA:66,0
DA:67,0
DA:68,0
DA:71,0
DA:73,0
DA:76,0
DA:80,0
DA:86,0
DA:89,0
DA:101,0
DA:102,0
DA:103,0
DA:104,0
DA:105,0
DA:108,0
DA:109,0
DA:110,0
DA:111,0
DA:112,0
DA:113,0
DA:114,0
DA:117,0
DA:118,0
DA:119,0
DA:123,0
DA:124,0
DA:125,0
DA:126,0
DA:128,0
DA:133,0
DA:134,0
DA:135,0
DA:137,0
DA:138,0
DA:139,0
DA:141,0
DA:145,0
DA:146,0
DA:151,0
DA:153,0
DA:154,0
DA:157,0
DA:158,0
DA:164,0
DA:166,0
DA:167,0
DA:168,0
DA:170,0
DA:171,0
DA:174,0
DA:184,0
DA:185,0
DA:186,0
DA:189,0
DA:190,0
DA:191,0
DA:192,0
DA:193,0
DA:196,0
DA:197,0
DA:198,0
DA:199,0
DA:200,0
DA:201,0
DA:202,0
DA:203,0
DA:204,0
DA:206,0
DA:209,0
DA:213,0
DA:214,0
DA:216,0
DA:218,0
DA:219,0
DA:222,0
DA:232,0
DA:233,0
DA:234,0
DA:237,0
DA:238,0
DA:239,0
DA:240,0
DA:241,0
DA:244,0
DA:245,0
DA:246,0
DA:247,0
DA:248,0
DA:249,0
DA:250,0
DA:251,0
DA:252,0
DA:254,0
DA:257,0
DA:271,0
DA:273,0
DA:274,0
DA:286,0
DA:287,0
DA:288,0
DA:290,0
DA:291,0
DA:292,0
DA:294,0
DA:300,0
DA:301,0
DA:302,0
DA:306,0
DA:307,0
DA:308,0
DA:309,0
DA:311,0
DA:315,0
DA:316,0
DA:318,0
DA:319,0
DA:320,0
DA:321,0
DA:322,0
DA:323,0
DA:325,0
DA:327,0
DA:329,0
DA:333,0
DA:334,0
DA:340,0
DA:341,0
DA:342,0
DA:343,0
DA:344,0
DA:345,0
DA:346,0
DA:347,0
DA:348,0
DA:349,0
DA:350,0
DA:351,0
DA:355,0
DA:356,0
DA:357,0
DA:358,0
DA:359,0
DA:361,0
DA:364,0
DA:365,0
DA:372,0
DA:373,0
DA:376,0
DA:377,0
DA:384,0
DA:396,0
DA:404,0
DA:412,0
DA:420,0
DA:432,0
DA:434,0
DA:436,0
DA:439,0
DA:477,0
DA:479,0
DA:481,0
DA:484,0
DA:528,0
DA:540,0
DA:545,0
DA:554,0
DA:591,0
DA:605,0
LF:184
LH:0
BRDA:49,0,0,0
BRDA:49,0,1,0
BRDA:49,1,0,0
BRDA:49,1,1,0
BRDA:50,2,0,0
BRDA:50,2,1,0
BRDA:51,3,0,0
BRDA:51,3,1,0
BRDA:54,4,0,0
BRDA:54,4,1,0
BRDA:78,5,0,0
BRDA:78,5,1,0
BRDA:82,6,0,0
BRDA:82,6,1,0
BRDA:109,7,0,0
BRDA:109,7,1,0
BRDA:109,8,0,0
BRDA:109,8,1,0
BRDA:109,8,2,0
BRDA:118,9,0,0
BRDA:118,9,1,0
BRDA:119,10,0,0
BRDA:119,10,1,0
BRDA:125,11,0,0
BRDA:125,11,1,0
BRDA:134,12,0,0
BRDA:134,12,1,0
BRDA:146,13,0,0
BRDA:146,13,1,0
BRDA:154,14,0,0
BRDA:154,14,1,0
BRDA:154,15,0,0
BRDA:154,15,1,0
BRDA:154,15,2,0
BRDA:166,16,0,0
BRDA:166,16,1,0
BRDA:167,17,0,0
BRDA:167,17,1,0
BRDA:171,18,0,0
BRDA:171,18,1,0
BRDA:186,19,0,0
BRDA:186,19,1,0
BRDA:196,20,0,0
BRDA:196,20,1,0
BRDA:197,21,0,0
BRDA:197,21,1,0
BRDA:198,22,0,0
BRDA:198,22,1,0
BRDA:199,23,0,0
BRDA:199,23,1,0
BRDA:200,24,0,0
BRDA:200,24,1,0
BRDA:201,25,0,0
BRDA:201,25,1,0
BRDA:202,26,0,0
BRDA:202,26,1,0
BRDA:203,27,0,0
BRDA:203,27,1,0
BRDA:219,28,0,0
BRDA:219,28,1,0
BRDA:234,29,0,0
BRDA:234,29,1,0
BRDA:244,30,0,0
BRDA:244,30,1,0
BRDA:245,31,0,0
BRDA:245,31,1,0
BRDA:246,32,0,0
BRDA:246,32,1,0
BRDA:247,33,0,0
BRDA:247,33,1,0
BRDA:248,34,0,0
BRDA:248,34,1,0
BRDA:249,35,0,0
BRDA:249,35,1,0
BRDA:250,36,0,0
BRDA:250,36,1,0
BRDA:251,37,0,0
BRDA:251,37,1,0
BRDA:259,38,0,0
BRDA:259,38,1,0
BRDA:259,38,2,0
BRDA:262,39,0,0
BRDA:262,39,1,0
BRDA:263,40,0,0
BRDA:263,40,1,0
BRDA:276,41,0,0
BRDA:276,41,1,0
BRDA:276,41,2,0
BRDA:279,42,0,0
BRDA:279,42,1,0
BRDA:280,43,0,0
BRDA:280,43,1,0
BRDA:301,44,0,0
BRDA:301,44,1,0
BRDA:301,45,0,0
BRDA:301,45,1,0
BRDA:301,45,2,0
BRDA:308,46,0,0
BRDA:308,46,1,0
BRDA:316,47,0,0
BRDA:316,47,1,0
BRDA:322,48,0,0
BRDA:322,48,1,0
BRDA:356,49,0,0
BRDA:356,49,1,0
BRDA:357,50,0,0
BRDA:357,50,1,0
BRDA:358,51,0,0
BRDA:358,51,1,0
BRDA:366,52,0,0
BRDA:366,52,1,0
BRDA:366,52,2,0
BRDA:376,53,0,0
BRDA:376,53,1,0
BRDA:394,54,0,0
BRDA:394,54,1,0
BRDA:401,55,0,0
BRDA:401,55,1,0
BRDA:410,56,0,0
BRDA:410,56,1,0
BRDA:417,57,0,0
BRDA:417,57,1,0
BRDA:431,58,0,0
BRDA:431,58,1,0
BRDA:432,59,0,0
BRDA:432,59,1,0
BRDA:438,60,0,0
BRDA:438,60,1,0
BRDA:452,61,0,0
BRDA:452,61,1,0
BRDA:453,62,0,0
BRDA:453,62,1,0
BRDA:458,63,0,0
BRDA:458,63,1,0
BRDA:459,64,0,0
BRDA:459,64,1,0
BRDA:463,65,0,0
BRDA:463,65,1,0
BRDA:464,66,0,0
BRDA:464,66,1,0
BRDA:465,67,0,0
BRDA:465,67,1,0
BRDA:472,68,0,0
BRDA:472,68,1,0
BRDA:477,69,0,0
BRDA:477,69,1,0
BRDA:483,70,0,0
BRDA:483,70,1,0
BRDA:488,71,0,0
BRDA:488,71,1,0
BRDA:497,72,0,0
BRDA:497,72,1,0
BRDA:498,73,0,0
BRDA:498,73,1,0
BRDA:503,74,0,0
BRDA:503,74,1,0
BRDA:504,75,0,0
BRDA:504,75,1,0
BRDA:508,76,0,0
BRDA:508,76,1,0
BRDA:509,77,0,0
BRDA:509,77,1,0
BRDA:510,78,0,0
BRDA:510,78,1,0
BRDA:558,79,0,0
BRDA:558,79,1,0
BRDA:566,80,0,0
BRDA:566,80,1,0
BRDA:566,81,0,0
BRDA:566,81,1,0
BRDA:571,82,0,0
BRDA:571,82,1,0
BRDA:572,83,0,0
BRDA:572,83,1,0
BRDA:576,84,0,0
BRDA:576,84,1,0
BRDA:576,84,2,0
BRF:177
BRH:0
end_of_record
TN:
SF:app/(app)/(tabs)/appointments/book.tsx
FN:46,BookAppointment
FN:52,(anonymous_1)
FN:90,(anonymous_2)
FN:95,(anonymous_3)
FN:103,(anonymous_4)
FN:117,(anonymous_5)
FN:117,(anonymous_6)
FN:158,(anonymous_7)
FN:168,(anonymous_8)
FN:182,(anonymous_9)
FN:229,(anonymous_10)
FN:241,(anonymous_11)
FN:273,(anonymous_12)
FN:276,(anonymous_13)
FN:285,(anonymous_14)
FN:293,(anonymous_15)
FN:301,(anonymous_16)
FN:309,(anonymous_17)
FN:317,(anonymous_18)
FN:325,(anonymous_19)
FN:333,(anonymous_20)
FN:341,(anonymous_21)
FN:349,(anonymous_22)
FN:357,(anonymous_23)
FN:365,(anonymous_24)
FN:382,(anonymous_25)
FN:391,(anonymous_26)
FN:430,(anonymous_27)
FN:437,(anonymous_28)
FN:454,(anonymous_29)
FN:461,(anonymous_30)
FN:473,(anonymous_31)
FN:480,(anonymous_32)
FN:499,(anonymous_33)
FN:540,(anonymous_34)
FN:545,(anonymous_35)
FN:553,(anonymous_36)
FN:593,(anonymous_37)
FN:607,(anonymous_38)
FNF:39
FNH:0
FNDA:0,BookAppointment
FNDA:0,(anonymous_1)
FNDA:0,(anonymous_2)
FNDA:0,(anonymous_3)
FNDA:0,(anonymous_4)
FNDA:0,(anonymous_5)
FNDA:0,(anonymous_6)
FNDA:0,(anonymous_7)
FNDA:0,(anonymous_8)
FNDA:0,(anonymous_9)
FNDA:0,(anonymous_10)
FNDA:0,(anonymous_11)
FNDA:0,(anonymous_12)
FNDA:0,(anonymous_13)
FNDA:0,(anonymous_14)
FNDA:0,(anonymous_15)
FNDA:0,(anonymous_16)
FNDA:0,(anonymous_17)
FNDA:0,(anonymous_18)
FNDA:0,(anonymous_19)
FNDA:0,(anonymous_20)
FNDA:0,(anonymous_21)
FNDA:0,(anonymous_22)
FNDA:0,(anonymous_23)
FNDA:0,(anonymous_24)
FNDA:0,(anonymous_25)
FNDA:0,(anonymous_26)
FNDA:0,(anonymous_27)
FNDA:0,(anonymous_28)
FNDA:0,(anonymous_29)
FNDA:0,(anonymous_30)
FNDA:0,(anonymous_31)
FNDA:0,(anonymous_32)
FNDA:0,(anonymous_33)
FNDA:0,(anonymous_34)
FNDA:0,(anonymous_35)
FNDA:0,(anonymous_36)
FNDA:0,(anonymous_37)
FNDA:0,(anonymous_38)
DA:47,0
DA:48,0
DA:51,0
DA:52,0
DA:53,0
DA:54,0
DA:55,0
DA:57,0
DA:58,0
DA:60,0
DA:61,0
DA:62,0
DA:63,0
DA:64,0
DA:66,0
DA:67,0
DA:68,0
DA:69,0
DA:71,0
DA:72,0
DA:73,0
DA:76,0
DA:77,0
DA:78,0
DA:81,0
DA:82,0
DA:83,0
DA:84,0
DA:87,0
DA:90,0
DA:95,0
DA:96,0
DA:97,0
DA:98,0
DA:99,0
DA:103,0
DA:104,0
DA:107,0
DA:108,0
DA:117,0
DA:118,0
DA:119,0
DA:120,0
DA:121,0
DA:122,0
DA:125,0
DA:126,0
DA:129,0
DA:131,0
DA:132,0
DA:135,0
DA:136,0
DA:137,0
DA:138,0
DA:141,0
DA:144,0
DA:145,0
DA:146,0
DA:148,0
DA:151,0
DA:158,0
DA:159,0
DA:160,0
DA:161,0
DA:162,0
DA:163,0
DA:164,0
DA:165,0
DA:168,0
DA:169,0
DA:170,0
DA:171,0
DA:172,0
DA:173,0
DA:174,0
DA:175,0
DA:176,0
DA:177,0
DA:178,0
DA:179,0
DA:182,0
DA:183,0
DA:186,0
DA:187,0
DA:188,0
DA:189,0
DA:191,0
DA:193,0
DA:194,0
DA:201,0
DA:202,0
DA:217,0
DA:229,0
DA:230,0
DA:231,0
DA:232,0
DA:234,0
DA:241,0
DA:242,0
DA:244,0
DA:245,0
DA:246,0
DA:249,0
DA:250,0
DA:251,0
DA:257,0
DA:258,0
DA:259,0
DA:262,0
DA:264,0
DA:266,0
DA:273,0
DA:274,0
DA:276,0
DA:281,0
DA:286,0
DA:287,0
DA:294,0
DA:295,0
DA:302,0
DA:303,0
DA:310,0
DA:311,0
DA:318,0
DA:319,0
DA:326,0
DA:327,0
DA:334,0
DA:335,0
DA:342,0
DA:343,0
DA:350,0
DA:351,0
DA:358,0
DA:359,0
DA:366,0
DA:367,0
DA:382,0
DA:383,0
DA:384,0
DA:385,0
DA:386,0
DA:388,0
DA:391,0
DA:392,0
DA:400,0
DA:401,0
DA:408,0
DA:431,0
DA:437,0
DA:455,0
DA:461,0
DA:474,0
DA:475,0
DA:476,0
DA:480,0
DA:501,0
DA:502,0
DA:503,0
DA:504,0
DA:506,0
DA:508,0
DA:509,0
DA:510,0
DA:540,0
DA:545,0
DA:554,0
DA:593,0
DA:607,0
LF:169
LH:0
BRDA:53,0,0,0
BRDA:53,0,1,0
BRDA:53,1,0,0
BRDA:53,1,1,0
BRDA:54,2,0,0
BRDA:54,2,1,0
BRDA:55,3,0,0
BRDA:55,3,1,0
BRDA:58,4,0,0
BRDA:58,4,1,0
BRDA:77,5,0,0
BRDA:77,5,1,0
BRDA:117,6,0,0
BRDA:117,6,1,0
BRDA:125,7,0,0
BRDA:125,7,1,0
BRDA:125,7,2,0
BRDA:126,8,0,0
BRDA:126,8,1,0
BRDA:160,9,0,0
BRDA:160,9,1,0
BRDA:163,10,0,0
BRDA:163,10,1,0
BRDA:164,11,0,0
BRDA:164,11,1,0
BRDA:164,12,0,0
BRDA:164,12,1,0
BRDA:164,13,0,0
BRDA:164,13,1,0
BRDA:171,14,0,0
BRDA:171,14,1,0
BRDA:171,15,0,0
BRDA:171,15,1,0
BRDA:171,15,2,0
BRDA:174,16,0,0
BRDA:174,16,1,0
BRDA:175,17,0,0
BRDA:175,17,1,0
BRDA:177,18,0,0
BRDA:177,18,1,0
BRDA:178,19,0,0
BRDA:178,19,1,0
BRDA:183,20,0,0
BRDA:183,20,1,0
BRDA:183,21,0,0
BRDA:183,21,1,0
BRDA:191,22,0,0
BRDA:191,22,1,0
BRDA:191,23,0,0
BRDA:191,23,1,0
BRDA:191,23,2,0
BRDA:201,24,0,0
BRDA:201,24,1,0
BRDA:210,25,0,0
BRDA:210,25,1,0
BRDA:211,26,0,0
BRDA:211,26,1,0
BRDA:231,27,0,0
BRDA:231,27,1,0
BRDA:242,28,0,0
BRDA:242,28,1,0
BRDA:249,29,0,0
BRDA:249,29,1,0
BRDA:258,30,0,0
BRDA:258,30,1,0
BRDA:383,31,0,0
BRDA:383,31,1,0
BRDA:384,32,0,0
BRDA:384,32,1,0
BRDA:385,33,0,0
BRDA:385,33,1,0
BRDA:393,34,0,0
BRDA:393,34,1,0
BRDA:393,34,2,0
BRDA:400,35,0,0
BRDA:400,35,1,0
BRDA:435,36,0,0
BRDA:435,36,1,0
BRDA:442,37,0,0
BRDA:442,37,1,0
BRDA:444,38,0,0
BRDA:444,38,1,0
BRDA:446,39,0,0
BRDA:446,39,1,0
BRDA:459,40,0,0
BRDA:459,40,1,0
BRDA:464,41,0,0
BRDA:464,41,1,0
BRDA:465,42,0,0
BRDA:465,42,1,0
BRDA:474,43,0,0
BRDA:474,43,1,0
BRDA:484,44,0,0
BRDA:484,44,1,0
BRDA:485,45,0,0
BRDA:485,45,1,0
BRDA:491,46,0,0
BRDA:491,46,1,0
BRDA:492,47,0,0
BRDA:492,47,1,0
BRDA:499,48,0,0
BRDA:499,48,1,0
BRDA:499,48,2,0
BRDA:506,49,0,0
BRDA:506,49,1,0
BRDA:506,50,0,0
BRDA:506,50,1,0
BRDA:506,50,2,0
BRDA:514,51,0,0
BRDA:514,51,1,0
BRDA:522,52,0,0
BRDA:522,52,1,0
BRDA:526,53,0,0
BRDA:526,53,1,0
BRDA:526,53,2,0
BRDA:559,54,0,0
BRDA:559,54,1,0
BRDA:567,55,0,0
BRDA:567,55,1,0
BRDA:567,56,0,0
BRDA:567,56,1,0
BRDA:573,57,0,0
BRDA:573,57,1,0
BRDA:574,58,0,0
BRDA:574,58,1,0
BRDA:578,59,0,0
BRDA:578,59,1,0
BRDA:578,59,2,0
BRF:128
BRH:0
end_of_record
TN:
SF:app/(app)/(tabs)/appointments/confirm.tsx
FN:37,getNotificationsModule
FN:47,ConfirmAppointment
FN:73,(anonymous_2)
FN:83,(anonymous_3)
FN:88,(anonymous_4)
FN:105,(anonymous_5)
FN:115,(anonymous_6)
FN:115,(anonymous_7)
FN:125,(anonymous_8)
FN:139,(anonymous_9)
FN:146,(anonymous_10)
FN:168,(anonymous_11)
FN:249,(anonymous_12)
FN:259,(anonymous_13)
FN:317,(anonymous_14)
FN:348,(anonymous_15)
FN:354,(anonymous_16)
FN:372,(anonymous_17)
FN:381,(anonymous_18)
FN:389,(anonymous_19)
FN:407,(anonymous_20)
FN:427,(anonymous_21)
FN:445,(anonymous_22)
FN:458,(anonymous_23)
FN:466,(anonymous_24)
FN:474,(anonymous_25)
FN:482,(anonymous_26)
FN:490,(anonymous_27)
FN:498,(anonymous_28)
FN:506,(anonymous_29)
FN:514,(anonymous_30)
FN:522,(anonymous_31)
FN:530,(anonymous_32)
FN:538,(anonymous_33)
FN:653,(anonymous_34)
FN:663,(anonymous_35)
FN:680,(anonymous_36)
FN:685,(anonymous_37)
FN:693,(anonymous_38)
FN:733,(anonymous_39)
FN:747,(anonymous_40)
FNF:41
FNH:0
FNDA:0,getNotificationsModule
FNDA:0,ConfirmAppointment
FNDA:0,(anonymous_2)
FNDA:0,(anonymous_3)
FNDA:0,(anonymous_4)
FNDA:0,(anonymous_5)
FNDA:0,(anonymous_6)
FNDA:0,(anonymous_7)
FNDA:0,(anonymous_8)
FNDA:0,(anonymous_9)
FNDA:0,(anonymous_10)
FNDA:0,(anonymous_11)
FNDA:0,(anonymous_12)
FNDA:0,(anonymous_13)
FNDA:0,(anonymous_14)
FNDA:0,(anonymous_15)
FNDA:0,(anonymous_16)
FNDA:0,(anonymous_17)
FNDA:0,(anonymous_18)
FNDA:0,(anonymous_19)
FNDA:0,(anonymous_20)
FNDA:0,(anonymous_21)
FNDA:0,(anonymous_22)
FNDA:0,(anonymous_23)
FNDA:0,(anonymous_24)
FNDA:0,(anonymous_25)
FNDA:0,(anonymous_26)
FNDA:0,(anonymous_27)
FNDA:0,(anonymous_28)
FNDA:0,(anonymous_29)
FNDA:0,(anonymous_30)
FNDA:0,(anonymous_31)
FNDA:0,(anonymous_32)
FNDA:0,(anonymous_33)
FNDA:0,(anonymous_34)
FNDA:0,(anonymous_35)
FNDA:0,(anonymous_36)
FNDA:0,(anonymous_37)
FNDA:0,(anonymous_38)
FNDA:0,(anonymous_39)
FNDA:0,(anonymous_40)
DA:32,0
DA:35,0
DA:38,0
DA:39,0
DA:41,0
DA:42,0
DA:44,0
DA:48,0
DA:51,0
DA:52,0
DA:53,0
DA:54,0
DA:55,0
DA:56,0
DA:59,0
DA:60,0
DA:61,0
DA:62,0
DA:65,0
DA:66,0
DA:69,0
DA:72,0
DA:73,0
DA:74,0
DA:75,0
DA:76,0
DA:78,0
DA:79,0
DA:80,0
DA:83,0
DA:86,0
DA:88,0
DA:89,0
DA:90,0
DA:93,0
DA:94,0
DA:95,0
DA:96,0
DA:97,0
DA:98,0
DA:99,0
DA:100,0
DA:101,0
DA:102,0
DA:105,0
DA:106,0
DA:115,0
DA:116,0
DA:125,0
DA:126,0
DA:127,0
DA:128,0
DA:129,0
DA:130,0
DA:131,0
DA:132,0
DA:134,0
DA:136,0
DA:139,0
DA:140,0
DA:141,0
DA:142,0
DA:143,0
DA:146,0
DA:147,0
DA:148,0
DA:149,0
DA:150,0
DA:151,0
DA:152,0
DA:153,0
DA:154,0
DA:155,0
DA:156,0
DA:157,0
DA:158,0
DA:159,0
DA:160,0
DA:161,0
DA:162,0
DA:168,0
DA:174,0
DA:175,0
DA:176,0
DA:180,0
DA:182,0
DA:184,0
DA:185,0
DA:186,0
DA:187,0
DA:189,0
DA:190,0
DA:191,0
DA:194,0
DA:197,0
DA:198,0
DA:199,0
DA:200,0
DA:201,0
DA:204,0
DA:205,0
DA:206,0
DA:210,0
DA:213,0
DA:216,0
DA:217,0
DA:218,0
DA:219,0
DA:222,0
DA:223,0
DA:225,0
DA:239,0
DA:241,0
DA:242,0
DA:249,0
DA:250,0
DA:251,0
DA:252,0
DA:253,0
DA:259,0
DA:260,0
DA:261,0
DA:264,0
DA:265,0
DA:266,0
DA:269,0
DA:278,0
DA:279,0
DA:281,0
DA:282,0
DA:283,0
DA:284,0
DA:285,0
DA:294,0
DA:295,0
DA:296,0
DA:297,0
DA:298,0
DA:300,0
DA:303,0
DA:304,0
DA:307,0
DA:308,0
DA:310,0
DA:317,0
DA:318,0
DA:319,0
DA:320,0
DA:321,0
DA:322,0
DA:323,0
DA:329,0
DA:330,0
DA:331,0
DA:332,0
DA:334,0
DA:337,0
DA:340,0
DA:341,0
DA:343,0
DA:348,0
DA:349,0
DA:351,0
DA:352,0
DA:354,0
DA:355,0
DA:356,0
DA:358,0
DA:361,0
DA:363,0
DA:365,0
DA:368,0
DA:372,0
DA:373,0
DA:374,0
DA:375,0
DA:376,0
DA:378,0
DA:381,0
DA:382,0
DA:389,0
DA:390,0
DA:392,0
DA:393,0
DA:394,0
DA:395,0
DA:396,0
DA:397,0
DA:399,0
DA:401,0
DA:403,0
DA:407,0
DA:408,0
DA:415,0
DA:416,0
DA:427,0
DA:437,0
DA:445,0
DA:446,0
DA:447,0
DA:448,0
DA:450,0
DA:454,0
DA:459,0
DA:460,0
DA:467,0
DA:468,0
DA:475,0
DA:476,0
DA:483,0
DA:484,0
DA:491,0
DA:492,0
DA:499,0
DA:500,0
DA:507,0
DA:508,0
DA:515,0
DA:516,0
DA:523,0
DA:524,0
DA:531,0
DA:532,0
DA:539,0
DA:540,0
DA:552,0
DA:553,0
DA:567,0
DA:653,0
DA:663,0
DA:680,0
DA:685,0
DA:694,0
DA:733,0
DA:747,0
LF:235
LH:0
BRDA:38,0,0,0
BRDA:38,0,1,0
BRDA:41,1,0,0
BRDA:41,1,1,0
BRDA:74,2,0,0
BRDA:74,2,1,0
BRDA:74,3,0,0
BRDA:74,3,1,0
BRDA:75,4,0,0
BRDA:75,4,1,0
BRDA:76,5,0,0
BRDA:76,5,1,0
BRDA:79,6,0,0
BRDA:79,6,1,0
BRDA:80,7,0,0
BRDA:80,7,1,0
BRDA:89,8,0,0
BRDA:89,8,1,0
BRDA:89,9,0,0
BRDA:89,9,1,0
BRDA:90,10,0,0
BRDA:90,10,1,0
BRDA:101,11,0,0
BRDA:101,11,1,0
BRDA:115,12,0,0
BRDA:115,12,1,0
BRDA:127,13,0,0
BRDA:127,13,1,0
BRDA:130,14,0,0
BRDA:130,14,1,0
BRDA:131,15,0,0
BRDA:131,15,1,0
BRDA:132,16,0,0
BRDA:132,16,1,0
BRDA:134,17,0,0
BRDA:134,17,1,0
BRDA:149,18,0,0
BRDA:149,18,1,0
BRDA:150,19,0,0
BRDA:150,19,1,0
BRDA:151,20,0,0
BRDA:151,20,1,0
BRDA:152,21,0,0
BRDA:152,21,1,0
BRDA:152,22,0,0
BRDA:152,22,1,0
BRDA:152,22,2,0
BRDA:153,23,0,0
BRDA:153,23,1,0
BRDA:154,24,0,0
BRDA:154,24,1,0
BRDA:155,25,0,0
BRDA:155,25,1,0
BRDA:156,26,0,0
BRDA:156,26,1,0
BRDA:157,27,0,0
BRDA:157,27,1,0
BRDA:158,28,0,0
BRDA:158,28,1,0
BRDA:160,29,0,0
BRDA:160,29,1,0
BRDA:161,30,0,0
BRDA:161,30,1,0
BRDA:174,31,0,0
BRDA:174,31,1,0
BRDA:180,32,0,0
BRDA:180,32,1,0
BRDA:185,33,0,0
BRDA:185,33,1,0
BRDA:189,34,0,0
BRDA:189,34,1,0
BRDA:194,35,0,0
BRDA:194,35,1,0
BRDA:204,36,0,0
BRDA:204,36,1,0
BRDA:204,37,0,0
BRDA:204,37,1,0
BRDA:204,37,2,0
BRDA:217,38,0,0
BRDA:217,38,1,0
BRDA:223,39,0,0
BRDA:223,39,1,0
BRDA:260,40,0,0
BRDA:260,40,1,0
BRDA:260,41,0,0
BRDA:260,41,1,0
BRDA:279,42,0,0
BRDA:279,42,1,0
BRDA:281,43,0,0
BRDA:281,43,1,0
BRDA:282,44,0,0
BRDA:282,44,1,0
BRDA:287,45,0,0
BRDA:287,45,1,0
BRDA:288,46,0,0
BRDA:288,46,1,0
BRDA:298,47,0,0
BRDA:298,47,1,0
BRDA:304,48,0,0
BRDA:304,48,1,0
BRDA:318,49,0,0
BRDA:318,49,1,0
BRDA:318,50,0,0
BRDA:318,50,1,0
BRDA:337,51,0,0
BRDA:337,51,1,0
BRDA:349,52,0,0
BRDA:349,52,1,0
BRDA:349,53,0,0
BRDA:349,53,1,0
BRDA:351,54,0,0
BRDA:351,54,1,0
BRDA:351,55,0,0
BRDA:351,55,1,0
BRDA:351,55,2,0
BRDA:355,56,0,0
BRDA:355,56,1,0
BRDA:363,57,0,0
BRDA:363,57,1,0
BRDA:363,58,0,0
BRDA:363,58,1,0
BRDA:373,59,0,0
BRDA:373,59,1,0
BRDA:374,60,0,0
BRDA:374,60,1,0
BRDA:375,61,0,0
BRDA:375,61,1,0
BRDA:383,62,0,0
BRDA:383,62,1,0
BRDA:383,62,2,0
BRDA:390,63,0,0
BRDA:390,63,1,0
BRDA:396,64,0,0
BRDA:396,64,1,0
BRDA:415,65,0,0
BRDA:415,65,1,0
BRDA:415,66,0,0
BRDA:415,66,1,0
BRDA:447,67,0,0
BRDA:447,67,1,0
BRDA:552,68,0,0
BRDA:552,68,1,0
BRDA:587,69,0,0
BRDA:587,69,1,0
BRDA:590,70,0,0
BRDA:590,70,1,0
BRDA:593,71,0,0
BRDA:593,71,1,0
BRDA:602,72,0,0
BRDA:602,72,1,0
BRDA:616,73,0,0
BRDA:616,73,1,0
BRDA:662,74,0,0
BRDA:662,74,1,0
BRDA:699,75,0,0
BRDA:699,75,1,0
BRDA:707,76,0,0
BRDA:707,76,1,0
BRDA:707,77,0,0
BRDA:707,77,1,0
BRDA:713,78,0,0
BRDA:713,78,1,0
BRDA:714,79,0,0
BRDA:714,79,1,0
BRDA:718,80,0,0
BRDA:718,80,1,0
BRDA:718,80,2,0
BRF:167
BRH:0
end_of_record
TN:
SF:app/(app)/(tabs)/appointments/details.tsx
FN:53,BookAppointment
FN:79,(anonymous_1)
FN:85,(anonymous_2)
FN:96,(anonymous_3)
FN:96,(anonymous_4)
FN:106,(anonymous_5)
FN:121,(anonymous_6)
FN:145,(anonymous_7)
FN:155,(anonymous_8)
FN:184,(anonymous_9)
FN:188,(anonymous_10)
FN:197,(anonymous_11)
FN:218,(anonymous_12)
FN:230,(anonymous_13)
FN:253,(anonymous_14)
FN:265,(anonymous_15)
FN:273,(anonymous_16)
FN:281,(anonymous_17)
FN:289,(anonymous_18)
FN:297,(anonymous_19)
FN:305,(anonymous_20)
FN:313,(anonymous_21)
FN:321,(anonymous_22)
FN:329,(anonymous_23)
FN:337,(anonymous_24)
FN:345,(anonymous_25)
FN:385,(anonymous_26)
FN:399,(anonymous_27)
FN:399,(anonymous_28)
FN:445,(anonymous_29)
FN:463,(anonymous_30)
FN:532,(anonymous_31)
FN:558,(anonymous_32)
FN:589,(anonymous_33)
FN:596,(anonymous_34)
FN:630,(anonymous_35)
FN:640,(anonymous_36)
FN:659,(anonymous_37)
FN:698,(anonymous_38)
FN:703,(anonymous_39)
FN:711,(anonymous_40)
FN:751,(anonymous_41)
FN:765,(anonymous_42)
FNF:43
FNH:0
FNDA:0,BookAppointment
FNDA:0,(anonymous_1)
FNDA:0,(anonymous_2)
FNDA:0,(anonymous_3)
FNDA:0,(anonymous_4)
FNDA:0,(anonymous_5)
FNDA:0,(anonymous_6)
FNDA:0,(anonymous_7)
FNDA:0,(anonymous_8)
FNDA:0,(anonymous_9)
FNDA:0,(anonymous_10)
FNDA:0,(anonymous_11)
FNDA:0,(anonymous_12)
FNDA:0,(anonymous_13)
FNDA:0,(anonymous_14)
FNDA:0,(anonymous_15)
FNDA:0,(anonymous_16)
FNDA:0,(anonymous_17)
FNDA:0,(anonymous_18)
FNDA:0,(anonymous_19)
FNDA:0,(anonymous_20)
FNDA:0,(anonymous_21)
FNDA:0,(anonymous_22)
FNDA:0,(anonymous_23)
FNDA:0,(anonymous_24)
FNDA:0,(anonymous_25)
FNDA:0,(anonymous_26)
FNDA:0,(anonymous_27)
FNDA:0,(anonymous_28)
FNDA:0,(anonymous_29)
FNDA:0,(anonymous_30)
FNDA:0,(anonymous_31)
FNDA:0,(anonymous_32)
FNDA:0,(anonymous_33)
FNDA:0,(anonymous_34)
FNDA:0,(anonymous_35)
FNDA:0,(anonymous_36)
FNDA:0,(anonymous_37)
FNDA:0,(anonymous_38)
FNDA:0,(anonymous_39)
FNDA:0,(anonymous_40)
FNDA:0,(anonymous_41)
FNDA:0,(anonymous_42)
DA:54,0
DA:56,0
DA:57,0
DA:58,0
DA:59,0
DA:60,0
DA:61,0
DA:62,0
DA:63,0
DA:66,0
DA:67,0
DA:68,0
DA:69,0
DA:72,0
DA:73,0
DA:76,0
DA:79,0
DA:82,0
DA:85,0
DA:86,0
DA:96,0
DA:97,0
DA:106,0
DA:108,0
DA:109,0
DA:110,0
DA:111,0
DA:112,0
DA:113,0
DA:114,0
DA:116,0
DA:118,0
DA:121,0
DA:122,0
DA:123,0
DA:124,0
DA:125,0
DA:126,0
DA:127,0
DA:129,0
DA:130,0
DA:131,0
DA:132,0
DA:133,0
DA:134,0
DA:136,0
DA:137,0
DA:138,0
DA:139,0
DA:145,0
DA:146,0
DA:147,0
DA:148,0
DA:149,0
DA:155,0
DA:156,0
DA:157,0
DA:158,0
DA:159,0
DA:160,0
DA:161,0
DA:162,0
DA:163,0
DA:165,0
DA:176,0
DA:177,0
DA:179,0
DA:184,0
DA:185,0
DA:188,0
DA:189,0
DA:190,0
DA:191,0
DA:192,0
DA:194,0
DA:197,0
DA:198,0
DA:206,0
DA:218,0
DA:219,0
DA:220,0
DA:221,0
DA:223,0
DA:230,0
DA:231,0
DA:233,0
DA:234,0
DA:235,0
DA:237,0
DA:238,0
DA:239,0
DA:242,0
DA:244,0
DA:246,0
DA:253,0
DA:254,0
DA:261,0
DA:266,0
DA:267,0
DA:274,0
DA:275,0
DA:282,0
DA:283,0
DA:290,0
DA:291,0
DA:298,0
DA:299,0
DA:306,0
DA:307,0
DA:314,0
DA:315,0
DA:322,0
DA:323,0
DA:330,0
DA:331,0
DA:338,0
DA:339,0
DA:346,0
DA:347,0
DA:359,0
DA:360,0
DA:368,0
DA:369,0
DA:382,0
DA:385,0
DA:386,0
DA:387,0
DA:388,0
DA:391,0
DA:392,0
DA:399,0
DA:400,0
DA:401,0
DA:402,0
DA:405,0
DA:407,0
DA:408,0
DA:409,0
DA:411,0
DA:412,0
DA:413,0
DA:414,0
DA:417,0
DA:419,0
DA:420,0
DA:421,0
DA:423,0
DA:429,0
DA:432,0
DA:434,0
DA:445,0
DA:446,0
DA:447,0
DA:448,0
DA:451,0
DA:452,0
DA:453,0
DA:457,0
DA:458,0
DA:459,0
DA:463,0
DA:464,0
DA:466,0
DA:476,0
DA:494,0
DA:535,0
DA:537,0
DA:538,0
DA:540,0
DA:541,0
DA:543,0
DA:544,0
DA:546,0
DA:549,0
DA:558,0
DA:590,0
DA:597,0
DA:598,0
DA:631,0
DA:632,0
DA:640,0
DA:659,0
DA:698,0
DA:703,0
DA:712,0
DA:751,0
DA:765,0
LF:187
LH:0
BRDA:96,0,0,0
BRDA:96,0,1,0
BRDA:109,1,0,0
BRDA:109,1,1,0
BRDA:112,2,0,0
BRDA:112,2,1,0
BRDA:113,3,0,0
BRDA:113,3,1,0
BRDA:114,4,0,0
BRDA:114,4,1,0
BRDA:116,5,0,0
BRDA:116,5,1,0
BRDA:124,6,0,0
BRDA:124,6,1,0
BRDA:125,7,0,0
BRDA:125,7,1,0
BRDA:126,8,0,0
BRDA:126,8,1,0
BRDA:127,9,0,0
BRDA:127,9,1,0
BRDA:127,10,0,0
BRDA:127,10,1,0
BRDA:127,10,2,0
BRDA:129,11,0,0
BRDA:129,11,1,0
BRDA:130,12,0,0
BRDA:130,12,1,0
BRDA:131,13,0,0
BRDA:131,13,1,0
BRDA:132,14,0,0
BRDA:132,14,1,0
BRDA:133,15,0,0
BRDA:133,15,1,0
BRDA:134,16,0,0
BRDA:134,16,1,0
BRDA:137,17,0,0
BRDA:137,17,1,0
BRDA:138,18,0,0
BRDA:138,18,1,0
BRDA:156,19,0,0
BRDA:156,19,1,0
BRDA:160,20,0,0
BRDA:160,20,1,0
BRDA:170,21,0,0
BRDA:170,21,1,0
BRDA:171,22,0,0
BRDA:171,22,1,0
BRDA:189,23,0,0
BRDA:189,23,1,0
BRDA:190,24,0,0
BRDA:190,24,1,0
BRDA:191,25,0,0
BRDA:191,25,1,0
BRDA:199,26,0,0
BRDA:199,26,1,0
BRDA:199,26,2,0
BRDA:220,27,0,0
BRDA:220,27,1,0
BRDA:231,28,0,0
BRDA:231,28,1,0
BRDA:238,29,0,0
BRDA:238,29,1,0
BRDA:359,30,0,0
BRDA:359,30,1,0
BRDA:368,31,0,0
BRDA:368,31,1,0
BRDA:399,32,0,0
BRDA:399,32,1,0
BRDA:446,33,0,0
BRDA:446,33,1,0
BRDA:451,34,0,0
BRDA:451,34,1,0
BRDA:451,35,0,0
BRDA:451,35,1,0
BRDA:457,36,0,0
BRDA:457,36,1,0
BRDA:464,37,0,0
BRDA:464,37,1,0
BRDA:481,38,0,0
BRDA:481,38,1,0
BRDA:482,39,0,0
BRDA:482,39,1,0
BRDA:484,40,0,0
BRDA:484,40,1,0
BRDA:485,41,0,0
BRDA:485,41,1,0
BRDA:486,42,0,0
BRDA:486,42,1,0
BRDA:488,43,0,0
BRDA:488,43,1,0
BRDA:489,44,0,0
BRDA:489,44,1,0
BRDA:535,45,0,0
BRDA:535,45,1,0
BRDA:535,45,2,0
BRDA:535,45,3,0
BRDA:555,46,0,0
BRDA:555,46,1,0
BRDA:562,47,0,0
BRDA:562,47,1,0
BRDA:594,48,0,0
BRDA:594,48,1,0
BRDA:597,49,0,0
BRDA:597,49,1,0
BRDA:603,50,0,0
BRDA:603,50,1,0
BRDA:625,51,0,0
BRDA:625,51,1,0
BRDA:637,52,0,0
BRDA:637,52,1,0
BRDA:637,53,0,0
BRDA:637,53,1,0
BRDA:638,54,0,0
BRDA:638,54,1,0
BRDA:640,55,0,0
BRDA:640,55,1,0
BRDA:647,56,0,0
BRDA:647,56,1,0
BRDA:647,57,0,0
BRDA:647,57,1,0
BRDA:659,58,0,0
BRDA:659,58,1,0
BRDA:681,59,0,0
BRDA:681,59,1,0
BRDA:681,60,0,0
BRDA:681,60,1,0
BRDA:684,61,0,0
BRDA:684,61,1,0
BRDA:687,62,0,0
BRDA:687,62,1,0
BRDA:687,63,0,0
BRDA:687,63,1,0
BRDA:688,64,0,0
BRDA:688,64,1,0
BRDA:688,65,0,0
BRDA:688,65,1,0
BRDA:717,66,0,0
BRDA:717,66,1,0
BRDA:725,67,0,0
BRDA:725,67,1,0
BRDA:731,68,0,0
BRDA:731,68,1,0
BRDA:732,69,0,0
BRDA:732,69,1,0
BRDA:736,70,0,0
BRDA:736,70,1,0
BRDA:736,70,2,0
BRF:147
BRH:0
end_of_record
TN:
SF:app/(app)/(tabs)/appointments/index.tsx
FN:51,AppointmentsScreen
FN:78,(anonymous_1)
FN:88,(anonymous_2)
FN:93,(anonymous_3)
FN:104,(anonymous_4)
FN:110,(anonymous_5)
FN:121,(anonymous_6)
FN:123,(anonymous_7)
FN:124,(anonymous_8)
FN:134,(anonymous_9)
FN:143,(anonymous_10)
FN:149,(anonymous_11)
FN:170,(anonymous_12)
FN:171,(anonymous_13)
FN:180,(anonymous_14)
FN:181,(anonymous_15)
FN:185,(anonymous_16)
FN:200,(anonymous_17)
FN:201,(anonymous_18)
FN:206,(anonymous_19)
FN:207,(anonymous_20)
FN:208,(anonymous_21)
FN:230,(anonymous_22)
FN:257,(anonymous_23)
FN:263,(anonymous_24)
FN:272,(anonymous_25)
FN:283,(anonymous_26)
FN:306,(anonymous_27)
FN:326,(anonymous_28)
FN:340,(anonymous_29)
FN:348,(anonymous_30)
FN:356,(anonymous_31)
FN:364,(anonymous_32)
FN:372,(anonymous_33)
FN:380,(anonymous_34)
FN:388,(anonymous_35)
FN:396,(anonymous_36)
FN:404,(anonymous_37)
FN:412,(anonymous_38)
FN:420,(anonymous_39)
FN:436,(anonymous_40)
FN:443,(anonymous_41)
FN:570,(anonymous_42)
FN:575,(anonymous_43)
FN:583,(anonymous_44)
FN:623,(anonymous_45)
FN:637,(anonymous_46)
FNF:47
FNH:0
FNDA:0,AppointmentsScreen
FNDA:0,(anonymous_1)
FNDA:0,(anonymous_2)
FNDA:0,(anonymous_3)
FNDA:0,(anonymous_4)
FNDA:0,(anonymous_5)
FNDA:0,(anonymous_6)
FNDA:0,(anonymous_7)
FNDA:0,(anonymous_8)
FNDA:0,(anonymous_9)
FNDA:0,(anonymous_10)
FNDA:0,(anonymous_11)
FNDA:0,(anonymous_12)
FNDA:0,(anonymous_13)
FNDA:0,(anonymous_14)
FNDA:0,(anonymous_15)
FNDA:0,(anonymous_16)
FNDA:0,(anonymous_17)
FNDA:0,(anonymous_18)
FNDA:0,(anonymous_19)
FNDA:0,(anonymous_20)
FNDA:0,(anonymous_21)
FNDA:0,(anonymous_22)
FNDA:0,(anonymous_23)
FNDA:0,(anonymous_24)
FNDA:0,(anonymous_25)
FNDA:0,(anonymous_26)
FNDA:0,(anonymous_27)
FNDA:0,(anonymous_28)
FNDA:0,(anonymous_29)
FNDA:0,(anonymous_30)
FNDA:0,(anonymous_31)
FNDA:0,(anonymous_32)
FNDA:0,(anonymous_33)
FNDA:0,(anonymous_34)
FNDA:0,(anonymous_35)
FNDA:0,(anonymous_36)
FNDA:0,(anonymous_37)
FNDA:0,(anonymous_38)
FNDA:0,(anonymous_39)
FNDA:0,(anonymous_40)
FNDA:0,(anonymous_41)
FNDA:0,(anonymous_42)
FNDA:0,(anonymous_43)
FNDA:0,(anonymous_44)
FNDA:0,(anonymous_45)
FNDA:0,(anonymous_46)
DA:33,0
DA:52,0
DA:54,0
DA:55,0
DA:56,0
DA:57,0
DA:58,0
DA:59,0
DA:60,0
DA:61,0
DA:62,0
DA:65,0
DA:66,0
DA:67,0
DA:68,0
DA:71,0
DA:72,0
DA:74,0
DA:77,0
DA:78,0
DA:79,0
DA:80,0
DA:81,0
DA:83,0
DA:84,0
DA:85,0
DA:88,0
DA:93,0
DA:94,0
DA:95,0
DA:96,0
DA:97,0
DA:104,0
DA:105,0
DA:106,0
DA:107,0
DA:108,0
DA:110,0
DA:111,0
DA:112,0
DA:115,0
DA:121,0
DA:122,0
DA:123,0
DA:124,0
DA:126,0
DA:131,0
DA:132,0
DA:133,0
DA:135,0
DA:136,0
DA:137,0
DA:139,0
DA:143,0
DA:144,0
DA:149,0
DA:150,0
DA:151,0
DA:152,0
DA:153,0
DA:154,0
DA:155,0
DA:161,0
DA:170,0
DA:171,0
DA:172,0
DA:174,0
DA:175,0
DA:176,0
DA:177,0
DA:178,0
DA:180,0
DA:181,0
DA:182,0
DA:183,0
DA:184,0
DA:185,0
DA:186,0
DA:187,0
DA:188,0
DA:189,0
DA:190,0
DA:191,0
DA:192,0
DA:193,0
DA:194,0
DA:195,0
DA:196,0
DA:199,0
DA:200,0
DA:201,0
DA:203,0
DA:206,0
DA:207,0
DA:208,0
DA:209,0
DA:210,0
DA:212,0
DA:213,0
DA:214,0
DA:215,0
DA:216,0
DA:217,0
DA:218,0
DA:219,0
DA:220,0
DA:221,0
DA:222,0
DA:223,0
DA:225,0
DA:228,0
DA:230,0
DA:231,0
DA:234,0
DA:235,0
DA:236,0
DA:244,0
DA:246,0
DA:249,0
DA:250,0
DA:252,0
DA:257,0
DA:258,0
DA:259,0
DA:263,0
DA:264,0
DA:265,0
DA:266,0
DA:267,0
DA:269,0
DA:272,0
DA:273,0
DA:283,0
DA:284,0
DA:286,0
DA:287,0
DA:288,0
DA:290,0
DA:291,0
DA:292,0
DA:295,0
DA:297,0
DA:299,0
DA:306,0
DA:307,0
DA:314,0
DA:326,0
DA:327,0
DA:328,0
DA:329,0
DA:331,0
DA:336,0
DA:341,0
DA:342,0
DA:349,0
DA:350,0
DA:357,0
DA:358,0
DA:365,0
DA:366,0
DA:373,0
DA:374,0
DA:381,0
DA:382,0
DA:389,0
DA:390,0
DA:397,0
DA:398,0
DA:405,0
DA:406,0
DA:413,0
DA:414,0
DA:421,0
DA:422,0
DA:436,0
DA:437,0
DA:443,0
DA:444,0
DA:448,0
DA:449,0
DA:456,0
DA:570,0
DA:575,0
DA:584,0
DA:623,0
DA:637,0
LF:186
LH:0
BRDA:79,0,0,0
BRDA:79,0,1,0
BRDA:79,1,0,0
BRDA:79,1,1,0
BRDA:80,2,0,0
BRDA:80,2,1,0
BRDA:81,3,0,0
BRDA:81,3,1,0
BRDA:84,4,0,0
BRDA:84,4,1,0
BRDA:85,5,0,0
BRDA:85,5,1,0
BRDA:105,6,0,0
BRDA:105,6,1,0
BRDA:111,7,0,0
BRDA:111,7,1,0
BRDA:112,8,0,0
BRDA:112,8,1,0
BRDA:123,9,0,0
BRDA:123,9,1,0
BRDA:132,10,0,0
BRDA:132,10,1,0
BRDA:144,11,0,0
BRDA:144,11,1,0
BRDA:151,12,0,0
BRDA:151,12,1,0
BRDA:152,13,0,0
BRDA:152,13,1,0
BRDA:153,14,0,0
BRDA:153,14,1,0
BRDA:172,15,0,0
BRDA:172,15,1,0
BRDA:182,16,0,0
BRDA:182,16,1,0
BRDA:183,17,0,0
BRDA:183,17,1,0
BRDA:184,18,0,0
BRDA:184,18,1,0
BRDA:185,19,0,0
BRDA:185,19,1,0
BRDA:186,20,0,0
BRDA:186,20,1,0
BRDA:187,21,0,0
BRDA:187,21,1,0
BRDA:188,22,0,0
BRDA:188,22,1,0
BRDA:189,23,0,0
BRDA:189,23,1,0
BRDA:190,24,0,0
BRDA:190,24,1,0
BRDA:191,25,0,0
BRDA:191,25,1,0
BRDA:192,26,0,0
BRDA:192,26,1,0
BRDA:193,27,0,0
BRDA:193,27,1,0
BRDA:194,28,0,0
BRDA:194,28,1,0
BRDA:195,29,0,0
BRDA:195,29,1,0
BRDA:207,30,0,0
BRDA:207,30,1,0
BRDA:208,31,0,0
BRDA:208,31,1,0
BRDA:209,32,0,0
BRDA:209,32,1,0
BRDA:210,33,0,0
BRDA:210,33,1,0
BRDA:212,34,0,0
BRDA:212,34,1,0
BRDA:212,35,0,0
BRDA:212,35,1,0
BRDA:212,35,2,0
BRDA:215,36,0,0
BRDA:215,36,1,0
BRDA:216,37,0,0
BRDA:216,37,1,0
BRDA:217,38,0,0
BRDA:217,38,1,0
BRDA:218,39,0,0
BRDA:218,39,1,0
BRDA:219,40,0,0
BRDA:219,40,1,0
BRDA:220,41,0,0
BRDA:220,41,1,0
BRDA:221,42,0,0
BRDA:221,42,1,0
BRDA:222,43,0,0
BRDA:222,43,1,0
BRDA:235,44,0,0
BRDA:235,44,1,0
BRDA:238,45,0,0
BRDA:238,45,1,0
BRDA:238,45,2,0
BRDA:240,46,0,0
BRDA:240,46,1,0
BRDA:241,47,0,0
BRDA:241,47,1,0
BRDA:258,48,0,0
BRDA:258,48,1,0
BRDA:264,49,0,0
BRDA:264,49,1,0
BRDA:265,50,0,0
BRDA:265,50,1,0
BRDA:266,51,0,0
BRDA:266,51,1,0
BRDA:274,52,0,0
BRDA:274,52,1,0
BRDA:274,52,2,0
BRDA:284,53,0,0
BRDA:284,53,1,0
BRDA:291,54,0,0
BRDA:291,54,1,0
BRDA:328,55,0,0
BRDA:328,55,1,0
BRDA:448,56,0,0
BRDA:448,56,1,0
BRDA:474,57,0,0
BRDA:474,57,1,0
BRDA:479,58,0,0
BRDA:479,58,1,0
BRDA:496,59,0,0
BRDA:496,59,1,0
BRDA:506,60,0,0
BRDA:506,60,1,0
BRDA:511,61,0,0
BRDA:511,61,1,0
BRDA:545,62,0,0
BRDA:545,62,1,0
BRDA:546,63,0,0
BRDA:546,63,1,0
BRDA:547,64,0,0
BRDA:547,64,1,0
BRDA:589,65,0,0
BRDA:589,65,1,0
BRDA:597,66,0,0
BRDA:597,66,1,0
BRDA:603,67,0,0
BRDA:603,67,1,0
BRDA:604,68,0,0
BRDA:604,68,1,0
BRDA:608,69,0,0
BRDA:608,69,1,0
BRDA:608,69,2,0
BRF:144
BRH:0
end_of_record
TN:
SF:app/(app)/(tabs)/appointments/[id]/appointment-detail.tsx
FN:57,AppointmentList
FN:85,(anonymous_1)
FN:93,(anonymous_2)
FN:100,(anonymous_3)
FN:149,(anonymous_4)
FN:162,(anonymous_5)
FN:201,(anonymous_6)
FN:209,(anonymous_7)
FN:227,(anonymous_8)
FN:274,(anonymous_9)
FN:288,(anonymous_10)
FN:296,(anonymous_11)
FN:313,(anonymous_12)
FN:335,(anonymous_13)
FN:343,(anonymous_14)
FN:348,(anonymous_15)
FN:367,(anonymous_16)
FN:395,(anonymous_17)
FN:408,(anonymous_18)
FN:421,(anonymous_19)
FN:434,(anonymous_20)
FN:442,(anonymous_21)
FN:450,(anonymous_22)
FN:458,(anonymous_23)
FN:466,(anonymous_24)
FN:474,(anonymous_25)
FN:482,(anonymous_26)
FN:490,(anonymous_27)
FN:498,(anonymous_28)
FN:506,(anonymous_29)
FN:514,(anonymous_30)
FN:647,(anonymous_31)
FN:656,(anonymous_32)
FN:696,(anonymous_33)
FN:700,(anonymous_34)
FN:715,(anonymous_35)
FN:743,(anonymous_36)
FN:748,(anonymous_37)
FN:756,(anonymous_38)
FN:794,(anonymous_39)
FN:808,(anonymous_40)
FNF:41
FNH:0
FNDA:0,AppointmentList
FNDA:0,(anonymous_1)
FNDA:0,(anonymous_2)
FNDA:0,(anonymous_3)
FNDA:0,(anonymous_4)
FNDA:0,(anonymous_5)
FNDA:0,(anonymous_6)
FNDA:0,(anonymous_7)
FNDA:0,(anonymous_8)
FNDA:0,(anonymous_9)
FNDA:0,(anonymous_10)
FNDA:0,(anonymous_11)
FNDA:0,(anonymous_12)
FNDA:0,(anonymous_13)
FNDA:0,(anonymous_14)
FNDA:0,(anonymous_15)
FNDA:0,(anonymous_16)
FNDA:0,(anonymous_17)
FNDA:0,(anonymous_18)
FNDA:0,(anonymous_19)
FNDA:0,(anonymous_20)
FNDA:0,(anonymous_21)
FNDA:0,(anonymous_22)
FNDA:0,(anonymous_23)
FNDA:0,(anonymous_24)
FNDA:0,(anonymous_25)
FNDA:0,(anonymous_26)
FNDA:0,(anonymous_27)
FNDA:0,(anonymous_28)
FNDA:0,(anonymous_29)
FNDA:0,(anonymous_30)
FNDA:0,(anonymous_31)
FNDA:0,(anonymous_32)
FNDA:0,(anonymous_33)
FNDA:0,(anonymous_34)
FNDA:0,(anonymous_35)
FNDA:0,(anonymous_36)
FNDA:0,(anonymous_37)
FNDA:0,(anonymous_38)
FNDA:0,(anonymous_39)
FNDA:0,(anonymous_40)
DA:58,0
DA:61,0
DA:62,0
DA:63,0
DA:64,0
DA:65,0
DA:66,0
DA:67,0
DA:68,0
DA:69,0
DA:73,0
DA:74,0
DA:75,0
DA:76,0
DA:79,0
DA:80,0
DA:82,0
DA:85,0
DA:93,0
DA:94,0
DA:95,0
DA:96,0
DA:97,0
DA:100,0
DA:101,0
DA:102,0
DA:103,0
DA:104,0
DA:105,0
DA:106,0
DA:107,0
DA:108,0
DA:109,0
DA:112,0
DA:113,0
DA:114,0
DA:115,0
DA:116,0
DA:122,0
DA:123,0
DA:126,0
DA:140,0
DA:141,0
DA:142,0
DA:144,0
DA:149,0
DA:150,0
DA:151,0
DA:162,0
DA:163,0
DA:165,0
DA:166,0
DA:167,0
DA:170,0
DA:171,0
DA:174,0
DA:177,0
DA:178,0
DA:181,0
DA:182,0
DA:183,0
DA:187,0
DA:188,0
DA:191,0
DA:192,0
DA:194,0
DA:201,0
DA:202,0
DA:209,0
DA:224,0
DA:227,0
DA:228,0
DA:230,0
DA:231,0
DA:232,0
DA:233,0
DA:235,0
DA:245,0
DA:247,0
DA:248,0
DA:249,0
DA:250,0
DA:252,0
DA:253,0
DA:254,0
DA:255,0
DA:257,0
DA:259,0
DA:274,0
DA:276,0
DA:288,0
DA:289,0
DA:296,0
DA:297,0
DA:300,0
DA:302,0
DA:304,0
DA:305,0
DA:306,0
DA:307,0
DA:308,0
DA:312,0
DA:313,0
DA:315,0
DA:316,0
DA:317,0
DA:318,0
DA:321,0
DA:323,0
DA:324,0
DA:325,0
DA:327,0
DA:335,0
DA:336,0
DA:337,0
DA:338,0
DA:341,0
DA:343,0
DA:344,0
DA:345,0
DA:346,0
DA:347,0
DA:348,0
DA:353,0
DA:354,0
DA:362,0
DA:363,0
DA:367,0
DA:383,0
DA:395,0
DA:396,0
DA:397,0
DA:398,0
DA:400,0
DA:408,0
DA:409,0
DA:410,0
DA:411,0
DA:412,0
DA:414,0
DA:421,0
DA:422,0
DA:430,0
DA:435,0
DA:436,0
DA:443,0
DA:444,0
DA:451,0
DA:452,0
DA:459,0
DA:460,0
DA:467,0
DA:468,0
DA:475,0
DA:476,0
DA:483,0
DA:484,0
DA:491,0
DA:492,0
DA:499,0
DA:500,0
DA:507,0
DA:508,0
DA:515,0
DA:516,0
DA:528,0
DA:529,0
DA:542,0
DA:647,0
DA:656,0
DA:696,0
DA:700,0
DA:715,0
DA:743,0
DA:748,0
DA:757,0
DA:794,0
DA:808,0
LF:178
LH:0
BRDA:101,0,0,0
BRDA:101,0,1,0
BRDA:106,1,0,0
BRDA:106,1,1,0
BRDA:112,2,0,0
BRDA:112,2,1,0
BRDA:113,3,0,0
BRDA:113,3,1,0
BRDA:113,4,0,0
BRDA:113,4,1,0
BRDA:116,5,0,0
BRDA:116,5,1,0
BRDA:128,6,0,0
BRDA:128,6,1,0
BRDA:132,7,0,0
BRDA:132,7,1,0
BRDA:133,8,0,0
BRDA:133,8,1,0
BRDA:150,9,0,0
BRDA:150,9,1,0
BRDA:150,10,0,0
BRDA:150,10,1,0
BRDA:165,11,0,0
BRDA:165,11,1,0
BRDA:181,12,0,0
BRDA:181,12,1,0
BRDA:228,13,0,0
BRDA:228,13,1,0
BRDA:230,14,0,0
BRDA:230,14,1,0
BRDA:232,15,0,0
BRDA:232,15,1,0
BRDA:242,16,0,0
BRDA:242,16,1,0
BRDA:250,17,0,0
BRDA:250,17,1,0
BRDA:266,18,0,0
BRDA:266,18,1,0
BRDA:297,19,0,0
BRDA:297,19,1,0
BRDA:318,20,0,0
BRDA:318,20,1,0
BRDA:336,21,0,0
BRDA:336,21,1,0
BRDA:353,22,0,0
BRDA:353,22,1,0
BRDA:362,23,0,0
BRDA:362,23,1,0
BRDA:397,24,0,0
BRDA:397,24,1,0
BRDA:409,25,0,0
BRDA:409,25,1,0
BRDA:410,26,0,0
BRDA:410,26,1,0
BRDA:411,27,0,0
BRDA:411,27,1,0
BRDA:423,28,0,0
BRDA:423,28,1,0
BRDA:423,28,2,0
BRDA:528,29,0,0
BRDA:528,29,1,0
BRDA:528,30,0,0
BRDA:528,30,1,0
BRDA:556,31,0,0
BRDA:556,31,1,0
BRDA:569,32,0,0
BRDA:569,32,1,0
BRDA:609,33,0,0
BRDA:609,33,1,0
BRDA:609,34,0,0
BRDA:609,34,1,0
BRDA:610,35,0,0
BRDA:610,35,1,0
BRDA:619,36,0,0
BRDA:619,36,1,0
BRDA:619,36,2,0
BRDA:642,37,0,0
BRDA:642,37,1,0
BRDA:652,38,0,0
BRDA:652,38,1,0
BRDA:762,39,0,0
BRDA:762,39,1,0
BRDA:770,40,0,0
BRDA:770,40,1,0
BRDA:775,41,0,0
BRDA:775,41,1,0
BRDA:776,42,0,0
BRDA:776,42,1,0
BRDA:779,43,0,0
BRDA:779,43,1,0
BRDA:779,43,2,0
BRF:91
BRH:0
end_of_record
TN:
SF:app/(app)/(tabs)/community-forum/edit.tsx
FN:99,EditPostScreen
FN:139,(anonymous_1)
FN:144,(anonymous_2)
FN:153,(anonymous_3)
FN:161,(anonymous_4)
FN:170,(anonymous_5)
FN:173,(anonymous_6)
FN:180,(anonymous_7)
FN:200,(anonymous_8)
FN:224,(anonymous_9)
FN:225,(anonymous_10)
FN:231,(anonymous_11)
FN:239,(anonymous_12)
FN:279,(anonymous_13)
FN:283,(anonymous_14)
FN:289,(anonymous_15)
FN:304,(anonymous_16)
FN:326,(anonymous_17)
FN:327,fetchPost
FN:372,(anonymous_19)
FN:376,(anonymous_20)
FN:409,(anonymous_21)
FN:413,(anonymous_22)
FN:420,(anonymous_23)
FN:443,(anonymous_24)
FN:457,(anonymous_25)
FN:497,(anonymous_26)
FN:507,(anonymous_27)
FN:510,(anonymous_28)
FN:528,(anonymous_29)
FNF:30
FNH:0
FNDA:0,EditPostScreen
FNDA:0,(anonymous_1)
FNDA:0,(anonymous_2)
FNDA:0,(anonymous_3)
FNDA:0,(anonymous_4)
FNDA:0,(anonymous_5)
FNDA:0,(anonymous_6)
FNDA:0,(anonymous_7)
FNDA:0,(anonymous_8)
FNDA:0,(anonymous_9)
FNDA:0,(anonymous_10)
FNDA:0,(anonymous_11)
FNDA:0,(anonymous_12)
FNDA:0,(anonymous_13)
FNDA:0,(anonymous_14)
FNDA:0,(anonymous_15)
FNDA:0,(anonymous_16)
FNDA:0,(anonymous_17)
FNDA:0,fetchPost
FNDA:0,(anonymous_19)
FNDA:0,(anonymous_20)
FNDA:0,(anonymous_21)
FNDA:0,(anonymous_22)
FNDA:0,(anonymous_23)
FNDA:0,(anonymous_24)
FNDA:0,(anonymous_25)
FNDA:0,(anonymous_26)
FNDA:0,(anonymous_27)
FNDA:0,(anonymous_28)
FNDA:0,(anonymous_29)
DA:68,0
DA:81,0
DA:100,0
DA:108,0
DA:110,0
DA:111,0
DA:114,0
DA:115,0
DA:116,0
DA:117,0
DA:118,0
DA:120,0
DA:125,0
DA:126,0
DA:127,0
DA:128,0
DA:129,0
DA:130,0
DA:131,0
DA:132,0
DA:133,0
DA:136,0
DA:139,0
DA:144,0
DA:145,0
DA:146,0
DA:147,0
DA:153,0
DA:154,0
DA:155,0
DA:161,0
DA:162,0
DA:164,0
DA:170,0
DA:171,0
DA:172,0
DA:173,0
DA:174,0
DA:180,0
DA:181,0
DA:183,0
DA:184,0
DA:185,0
DA:186,0
DA:190,0
DA:197,0
DA:199,0
DA:201,0
DA:209,0
DA:213,0
DA:216,0
DA:217,0
DA:224,0
DA:225,0
DA:231,0
DA:232,0
DA:239,0
DA:241,0
DA:242,0
DA:243,0
DA:247,0
DA:248,0
DA:249,0
DA:252,0
DA:253,0
DA:256,0
DA:266,0
DA:268,0
DA:269,0
DA:271,0
DA:279,0
DA:280,0
DA:284,0
DA:286,0
DA:287,0
DA:289,0
DA:290,0
DA:293,0
DA:294,0
DA:304,0
DA:305,0
DA:306,0
DA:307,0
DA:309,0
DA:314,0
DA:323,0
DA:324,0
DA:326,0
DA:328,0
DA:329,0
DA:330,0
DA:331,0
DA:332,0
DA:333,0
DA:334,0
DA:335,0
DA:336,0
DA:337,0
DA:340,0
DA:342,0
DA:345,0
DA:349,0
DA:373,0
DA:376,0
DA:409,0
DA:414,0
DA:420,0
DA:444,0
DA:457,0
DA:497,0
DA:507,0
DA:511,0
DA:512,0
DA:513,0
DA:528,0
LF:115
LH:0
BRDA:114,0,0,0
BRDA:114,0,1,0
BRDA:115,1,0,0
BRDA:115,1,1,0
BRDA:116,2,0,0
BRDA:116,2,1,0
BRDA:184,3,0,0
BRDA:184,3,1,0
BRDA:197,4,0,0
BRDA:197,4,1,0
BRDA:197,5,0,0
BRDA:197,5,1,0
BRDA:232,6,0,0
BRDA:232,6,1,0
BRDA:241,7,0,0
BRDA:241,7,1,0
BRDA:241,8,0,0
BRDA:241,8,1,0
BRDA:247,9,0,0
BRDA:247,9,1,0
BRDA:260,10,0,0
BRDA:260,10,1,0
BRDA:306,11,0,0
BRDA:306,11,1,0
BRDA:328,12,0,0
BRDA:328,12,1,0
BRDA:332,13,0,0
BRDA:332,13,1,0
BRDA:333,14,0,0
BRDA:333,14,1,0
BRDA:334,15,0,0
BRDA:334,15,1,0
BRDA:335,16,0,0
BRDA:335,16,1,0
BRDA:336,17,0,0
BRDA:336,17,1,0
BRDA:337,18,0,0
BRDA:337,18,1,0
BRDA:356,19,0,0
BRDA:356,19,1,0
BRDA:375,20,0,0
BRDA:375,20,1,0
BRDA:378,21,0,0
BRDA:378,21,1,0
BRDA:407,22,0,0
BRDA:407,22,1,0
BRDA:418,23,0,0
BRDA:418,23,1,0
BRDA:432,24,0,0
BRDA:432,24,1,0
BRDA:440,25,0,0
BRDA:440,25,1,0
BRDA:448,26,0,0
BRDA:448,26,1,0
BRDA:449,27,0,0
BRDA:449,27,1,0
BRDA:450,28,0,0
BRDA:450,28,1,0
BRDA:475,29,0,0
BRDA:475,29,1,0
BRDA:512,30,0,0
BRDA:512,30,1,0
BRF:62
BRH:0
end_of_record
TN:
SF:app/(app)/(tabs)/community-forum/index.tsx
FN:56,(anonymous_0)
FN:59,(anonymous_1)
FN:60,(anonymous_2)
FN:64,(anonymous_3)
FN:85,(anonymous_4)
FN:86,(anonymous_5)
FN:100,useCommunityMainScreenState
FN:183,CommunityMainScreen
FN:244,(anonymous_8)
FN:250,(anonymous_9)
FN:259,(anonymous_10)
FN:267,(anonymous_11)
FN:270,(anonymous_12)
FN:278,(anonymous_13)
FN:291,(anonymous_14)
FN:312,(anonymous_15)
FN:316,(anonymous_16)
FN:328,(anonymous_17)
FN:346,(anonymous_18)
FN:376,(anonymous_19)
FN:416,(anonymous_20)
FN:434,(anonymous_21)
FN:465,(anonymous_22)
FN:479,(anonymous_23)
FN:507,(anonymous_24)
FN:516,(anonymous_25)
FN:527,(anonymous_26)
FN:534,(anonymous_27)
FN:545,(anonymous_28)
FN:546,(anonymous_29)
FN:558,(anonymous_30)
FN:566,(anonymous_31)
FN:585,(anonymous_32)
FN:611,(anonymous_33)
FN:624,(anonymous_34)
FN:655,(anonymous_35)
FN:689,(anonymous_36)
FN:690,(anonymous_37)
FN:708,(anonymous_38)
FN:730,(anonymous_39)
FN:731,(anonymous_40)
FN:739,(anonymous_41)
FN:739,(anonymous_42)
FN:741,(anonymous_43)
FN:741,(anonymous_44)
FN:755,(anonymous_45)
FN:767,(anonymous_46)
FN:779,(anonymous_47)
FN:800,(anonymous_48)
FN:801,(anonymous_49)
FN:807,(anonymous_50)
FN:816,(anonymous_51)
FN:828,(anonymous_52)
FN:833,(anonymous_53)
FN:841,(anonymous_54)
FN:851,(anonymous_55)
FN:862,(anonymous_56)
FN:874,(anonymous_57)
FN:876,(anonymous_58)
FN:882,(anonymous_59)
FN:886,(anonymous_60)
FN:894,(anonymous_61)
FN:902,(anonymous_62)
FN:910,(anonymous_63)
FN:918,(anonymous_64)
FN:926,(anonymous_65)
FN:934,(anonymous_66)
FN:942,(anonymous_67)
FN:950,(anonymous_68)
FN:958,(anonymous_69)
FN:966,(anonymous_70)
FN:983,(anonymous_71)
FN:986,(anonymous_72)
FN:1011,(anonymous_73)
FN:1019,(anonymous_74)
FN:1040,(anonymous_75)
FN:1063,(anonymous_76)
FN:1093,(anonymous_77)
FN:1108,(anonymous_78)
FN:1130,(anonymous_79)
FN:1177,(anonymous_80)
FN:1178,(anonymous_81)
FN:1201,(anonymous_82)
FN:1208,(anonymous_83)
FN:1233,(anonymous_84)
FN:1249,(anonymous_85)
FN:1253,(anonymous_86)
FN:1260,(anonymous_87)
FN:1314,(anonymous_88)
FN:1363,(anonymous_89)
FN:1373,(anonymous_90)
FN:1383,(anonymous_91)
FN:1386,(anonymous_92)
FN:1402,(anonymous_93)
FNF:94
FNH:0
FNDA:0,(anonymous_0)
FNDA:0,(anonymous_1)
FNDA:0,(anonymous_2)
FNDA:0,(anonymous_3)
FNDA:0,(anonymous_4)
FNDA:0,(anonymous_5)
FNDA:0,useCommunityMainScreenState
FNDA:0,CommunityMainScreen
FNDA:0,(anonymous_8)
FNDA:0,(anonymous_9)
FNDA:0,(anonymous_10)
FNDA:0,(anonymous_11)
FNDA:0,(anonymous_12)
FNDA:0,(anonymous_13)
FNDA:0,(anonymous_14)
FNDA:0,(anonymous_15)
FNDA:0,(anonymous_16)
FNDA:0,(anonymous_17)
FNDA:0,(anonymous_18)
FNDA:0,(anonymous_19)
FNDA:0,(anonymous_20)
FNDA:0,(anonymous_21)
FNDA:0,(anonymous_22)
FNDA:0,(anonymous_23)
FNDA:0,(anonymous_24)
FNDA:0,(anonymous_25)
FNDA:0,(anonymous_26)
FNDA:0,(anonymous_27)
FNDA:0,(anonymous_28)
FNDA:0,(anonymous_29)
FNDA:0,(anonymous_30)
FNDA:0,(anonymous_31)
FNDA:0,(anonymous_32)
FNDA:0,(anonymous_33)
FNDA:0,(anonymous_34)
FNDA:0,(anonymous_35)
FNDA:0,(anonymous_36)
FNDA:0,(anonymous_37)
FNDA:0,(anonymous_38)
FNDA:0,(anonymous_39)
FNDA:0,(anonymous_40)
FNDA:0,(anonymous_41)
FNDA:0,(anonymous_42)
FNDA:0,(anonymous_43)
FNDA:0,(anonymous_44)
FNDA:0,(anonymous_45)
FNDA:0,(anonymous_46)
FNDA:0,(anonymous_47)
FNDA:0,(anonymous_48)
FNDA:0,(anonymous_49)
FNDA:0,(anonymous_50)
FNDA:0,(anonymous_51)
FNDA:0,(anonymous_52)
FNDA:0,(anonymous_53)
FNDA:0,(anonymous_54)
FNDA:0,(anonymous_55)
FNDA:0,(anonymous_56)
FNDA:0,(anonymous_57)
FNDA:0,(anonymous_58)
FNDA:0,(anonymous_59)
FNDA:0,(anonymous_60)
FNDA:0,(anonymous_61)
FNDA:0,(anonymous_62)
FNDA:0,(anonymous_63)
FNDA:0,(anonymous_64)
FNDA:0,(anonymous_65)
FNDA:0,(anonymous_66)
FNDA:0,(anonymous_67)
FNDA:0,(anonymous_68)
FNDA:0,(anonymous_69)
FNDA:0,(anonymous_70)
FNDA:0,(anonymous_71)
FNDA:0,(anonymous_72)
FNDA:0,(anonymous_73)
FNDA:0,(anonymous_74)
FNDA:0,(anonymous_75)
FNDA:0,(anonymous_76)
FNDA:0,(anonymous_77)
FNDA:0,(anonymous_78)
FNDA:0,(anonymous_79)
FNDA:0,(anonymous_80)
FNDA:0,(anonymous_81)
FNDA:0,(anonymous_82)
FNDA:0,(anonymous_83)
FNDA:0,(anonymous_84)
FNDA:0,(anonymous_85)
FNDA:0,(anonymous_86)
FNDA:0,(anonymous_87)
FNDA:0,(anonymous_88)
FNDA:0,(anonymous_89)
FNDA:0,(anonymous_90)
FNDA:0,(anonymous_91)
FNDA:0,(anonymous_92)
FNDA:0,(anonymous_93)
DA:37,0
DA:38,0
DA:41,0
DA:56,0
DA:57,0
DA:58,0
DA:59,0
DA:60,0
DA:64,0
DA:65,0
DA:66,0
DA:67,0
DA:68,0
DA:69,0
DA:70,0
DA:71,0
DA:72,0
DA:73,0
DA:74,0
DA:75,0
DA:76,0
DA:77,0
DA:78,0
DA:79,0
DA:80,0
DA:81,0
DA:85,0
DA:86,0
DA:87,0
DA:88,0
DA:92,0
DA:102,0
DA:103,0
DA:104,0
DA:107,0
DA:108,0
DA:109,0
DA:110,0
DA:113,0
DA:114,0
DA:115,0
DA:116,0
DA:117,0
DA:120,0
DA:123,0
DA:124,0
DA:125,0
DA:126,0
DA:127,0
DA:128,0
DA:129,0
DA:130,0
DA:131,0
DA:133,0
DA:184,0
DA:185,0
DA:188,0
DA:189,0
DA:192,0
DA:238,0
DA:241,0
DA:244,0
DA:245,0
DA:250,0
DA:251,0
DA:252,0
DA:253,0
DA:259,0
DA:260,0
DA:261,0
DA:267,0
DA:268,0
DA:269,0
DA:270,0
DA:271,0
DA:278,0
DA:279,0
DA:280,0
DA:281,0
DA:283,0
DA:291,0
DA:292,0
DA:293,0
DA:294,0
DA:295,0
DA:298,0
DA:299,0
DA:302,0
DA:304,0
DA:305,0
DA:312,0
DA:313,0
DA:314,0
DA:315,0
DA:316,0
DA:318,0
DA:320,0
DA:328,0
DA:329,0
DA:330,0
DA:333,0
DA:334,0
DA:335,0
DA:336,0
DA:337,0
DA:338,0
DA:339,0
DA:342,0
DA:343,0
DA:346,0
DA:362,0
DA:363,0
DA:364,0
DA:365,0
DA:366,0
DA:370,0
DA:371,0
DA:372,0
DA:376,0
DA:392,0
DA:393,0
DA:396,0
DA:397,0
DA:403,0
DA:404,0
DA:405,0
DA:407,0
DA:408,0
DA:416,0
DA:417,0
DA:418,0
DA:419,0
DA:420,0
DA:421,0
DA:424,0
DA:425,0
DA:427,0
DA:428,0
DA:434,0
DA:450,0
DA:451,0
DA:453,0
DA:454,0
DA:456,0
DA:457,0
DA:465,0
DA:466,0
DA:467,0
DA:469,0
DA:471,0
DA:472,0
DA:479,0
DA:480,0
DA:482,0
DA:483,0
DA:484,0
DA:486,0
DA:487,0
DA:491,0
DA:492,0
DA:493,0
DA:494,0
DA:496,0
DA:499,0
DA:507,0
DA:508,0
DA:516,0
DA:517,0
DA:518,0
DA:519,0
DA:520,0
DA:527,0
DA:528,0
DA:534,0
DA:535,0
DA:536,0
DA:537,0
DA:538,0
DA:545,0
DA:546,0
DA:547,0
DA:548,0
DA:550,0
DA:551,0
DA:553,0
DA:555,0
DA:558,0
DA:559,0
DA:564,0
DA:565,0
DA:568,0
DA:569,0
DA:570,0
DA:573,0
DA:574,0
DA:576,0
DA:585,0
DA:586,0
DA:589,0
DA:590,0
DA:591,0
DA:595,0
DA:596,0
DA:600,0
DA:601,0
DA:604,0
DA:611,0
DA:612,0
DA:613,0
DA:614,0
DA:616,0
DA:624,0
DA:625,0
DA:626,0
DA:627,0
DA:630,0
DA:631,0
DA:632,0
DA:638,0
DA:639,0
DA:641,0
DA:644,0
DA:646,0
DA:647,0
DA:655,0
DA:656,0
DA:657,0
DA:658,0
DA:661,0
DA:662,0
DA:663,0
DA:666,0
DA:667,0
DA:668,0
DA:670,0
DA:672,0
DA:674,0
DA:677,0
DA:678,0
DA:681,0
DA:682,0
DA:689,0
DA:690,0
DA:691,0
DA:692,0
DA:708,0
DA:709,0
DA:711,0
DA:712,0
DA:713,0
DA:717,0
DA:718,0
DA:719,0
DA:721,0
DA:722,0
DA:730,0
DA:731,0
DA:732,0
DA:733,0
DA:734,0
DA:735,0
DA:738,0
DA:739,0
DA:741,0
DA:743,0
DA:745,0
DA:746,0
DA:755,0
DA:756,0
DA:757,0
DA:758,0
DA:759,0
DA:761,0
DA:767,0
DA:768,0
DA:779,0
DA:780,0
DA:782,0
DA:783,0
DA:784,0
DA:785,0
DA:786,0
DA:787,0
DA:789,0
DA:791,0
DA:793,0
DA:800,0
DA:801,0
DA:807,0
DA:808,0
DA:809,0
DA:810,0
DA:816,0
DA:817,0
DA:818,0
DA:828,0
DA:829,0
DA:834,0
DA:841,0
DA:842,0
DA:851,0
DA:862,0
DA:863,0
DA:864,0
DA:865,0
DA:867,0
DA:874,0
DA:875,0
DA:876,0
DA:882,0
DA:887,0
DA:888,0
DA:895,0
DA:896,0
DA:903,0
DA:904,0
DA:911,0
DA:912,0
DA:919,0
DA:920,0
DA:927,0
DA:928,0
DA:935,0
DA:936,0
DA:943,0
DA:944,0
DA:951,0
DA:952,0
DA:959,0
DA:960,0
DA:967,0
DA:968,0
DA:980,0
DA:983,0
DA:984,0
DA:985,0
DA:986,0
DA:987,0
DA:988,0
DA:992,0
DA:1011,0
DA:1019,0
DA:1040,0
DA:1063,0
DA:1094,0
DA:1108,0
DA:1131,0
DA:1178,0
DA:1201,0
DA:1208,0
DA:1234,0
DA:1250,0
DA:1253,0
DA:1260,0
DA:1315,0
DA:1363,0
DA:1373,0
DA:1383,0
DA:1387,0
DA:1388,0
DA:1389,0
DA:1402,0
LF:362
LH:0
BRDA:57,0,0,0
BRDA:57,0,1,0
BRDA:69,1,0,0
BRDA:69,1,1,0
BRDA:71,2,0,0
BRDA:71,2,1,0
BRDA:73,3,0,0
BRDA:73,3,1,0
BRDA:75,4,0,0
BRDA:75,4,1,0
BRDA:77,5,0,0
BRDA:77,5,1,0
BRDA:79,6,0,0
BRDA:79,6,1,0
BRDA:87,7,0,0
BRDA:87,7,1,0
BRDA:298,8,0,0
BRDA:298,8,1,0
BRDA:316,9,0,0
BRDA:316,9,1,0
BRDA:333,10,0,0
BRDA:333,10,1,0
BRDA:334,11,0,0
BRDA:334,11,1,0
BRDA:346,12,0,0
BRDA:346,12,1,0
BRDA:353,13,0,0
BRDA:353,13,1,0
BRDA:354,14,0,0
BRDA:354,14,1,0
BRDA:355,15,0,0
BRDA:355,15,1,0
BRDA:357,16,0,0
BRDA:357,16,1,0
BRDA:358,17,0,0
BRDA:358,17,1,0
BRDA:359,18,0,0
BRDA:359,18,1,0
BRDA:371,19,0,0
BRDA:371,19,1,0
BRDA:371,20,0,0
BRDA:371,20,1,0
BRDA:371,20,2,0
BRDA:376,21,0,0
BRDA:376,21,1,0
BRDA:383,22,0,0
BRDA:383,22,1,0
BRDA:384,23,0,0
BRDA:384,23,1,0
BRDA:385,24,0,0
BRDA:385,24,1,0
BRDA:387,25,0,0
BRDA:387,25,1,0
BRDA:388,26,0,0
BRDA:388,26,1,0
BRDA:389,27,0,0
BRDA:389,27,1,0
BRDA:396,28,0,0
BRDA:396,28,1,0
BRDA:396,29,0,0
BRDA:396,29,1,0
BRDA:417,30,0,0
BRDA:417,30,1,0
BRDA:434,31,0,0
BRDA:434,31,1,0
BRDA:441,32,0,0
BRDA:441,32,1,0
BRDA:442,33,0,0
BRDA:442,33,1,0
BRDA:443,34,0,0
BRDA:443,34,1,0
BRDA:445,35,0,0
BRDA:445,35,1,0
BRDA:446,36,0,0
BRDA:446,36,1,0
BRDA:447,37,0,0
BRDA:447,37,1,0
BRDA:482,38,0,0
BRDA:482,38,1,0
BRDA:492,39,0,0
BRDA:492,39,1,0
BRDA:517,40,0,0
BRDA:517,40,1,0
BRDA:517,41,0,0
BRDA:517,41,1,0
BRDA:519,42,0,0
BRDA:519,42,1,0
BRDA:535,43,0,0
BRDA:535,43,1,0
BRDA:550,44,0,0
BRDA:550,44,1,0
BRDA:568,45,0,0
BRDA:568,45,1,0
BRDA:573,46,0,0
BRDA:573,46,1,0
BRDA:586,47,0,0
BRDA:586,47,1,0
BRDA:589,48,0,0
BRDA:589,48,1,0
BRDA:595,49,0,0
BRDA:595,49,1,0
BRDA:595,50,0,0
BRDA:595,50,1,0
BRDA:600,51,0,0
BRDA:600,51,1,0
BRDA:613,52,0,0
BRDA:613,52,1,0
BRDA:625,53,0,0
BRDA:625,53,1,0
BRDA:638,54,0,0
BRDA:638,54,1,0
BRDA:656,55,0,0
BRDA:656,55,1,0
BRDA:667,56,0,0
BRDA:667,56,1,0
BRDA:677,57,0,0
BRDA:677,57,1,0
BRDA:677,58,0,0
BRDA:677,58,1,0
BRDA:691,59,0,0
BRDA:691,59,1,0
BRDA:699,60,0,0
BRDA:699,60,1,0
BRDA:709,61,0,0
BRDA:709,61,1,0
BRDA:738,62,0,0
BRDA:738,62,1,0
BRDA:756,63,0,0
BRDA:756,63,1,0
BRDA:757,64,0,0
BRDA:757,64,1,0
BRDA:758,65,0,0
BRDA:758,65,1,0
BRDA:769,66,0,0
BRDA:769,66,1,0
BRDA:769,66,2,0
BRDA:780,67,0,0
BRDA:780,67,1,0
BRDA:786,68,0,0
BRDA:786,68,1,0
BRDA:808,69,0,0
BRDA:808,69,1,0
BRDA:809,70,0,0
BRDA:809,70,1,0
BRDA:810,71,0,0
BRDA:810,71,1,0
BRDA:864,72,0,0
BRDA:864,72,1,0
BRDA:875,73,0,0
BRDA:875,73,1,0
BRDA:980,74,0,0
BRDA:980,74,1,0
BRDA:984,75,0,0
BRDA:984,75,1,0
BRDA:987,76,0,0
BRDA:987,76,1,0
BRDA:987,77,0,0
BRDA:987,77,1,0
BRDA:987,78,0,0
BRDA:987,78,1,0
BRDA:1010,79,0,0
BRDA:1010,79,1,0
BRDA:1038,80,0,0
BRDA:1038,80,1,0
BRDA:1046,81,0,0
BRDA:1046,81,1,0
BRDA:1051,82,0,0
BRDA:1051,82,1,0
BRDA:1061,83,0,0
BRDA:1061,83,1,0
BRDA:1069,84,0,0
BRDA:1069,84,1,0
BRDA:1074,85,0,0
BRDA:1074,85,1,0
BRDA:1083,86,0,0
BRDA:1083,86,1,0
BRDA:1099,87,0,0
BRDA:1099,87,1,0
BRDA:1101,88,0,0
BRDA:1101,88,1,0
BRDA:1102,89,0,0
BRDA:1102,89,1,0
BRDA:1114,90,0,0
BRDA:1114,90,1,0
BRDA:1128,91,0,0
BRDA:1128,91,1,0
BRDA:1131,92,0,0
BRDA:1131,92,1,0
BRDA:1133,93,0,0
BRDA:1133,93,1,0
BRDA:1135,94,0,0
BRDA:1135,94,1,0
BRDA:1136,95,0,0
BRDA:1136,95,1,0
BRDA:1139,96,0,0
BRDA:1139,96,1,0
BRDA:1140,97,0,0
BRDA:1140,97,1,0
BRDA:1141,98,0,0
BRDA:1141,98,1,0
BRDA:1145,99,0,0
BRDA:1145,99,1,0
BRDA:1149,100,0,0
BRDA:1149,100,1,0
BRDA:1160,101,0,0
BRDA:1160,101,1,0
BRDA:1161,102,0,0
BRDA:1161,102,1,0
BRDA:1167,103,0,0
BRDA:1167,103,1,0
BRDA:1171,104,0,0
BRDA:1171,104,1,0
BRDA:1178,105,0,0
BRDA:1178,105,1,0
BRDA:1178,106,0,0
BRDA:1178,106,1,0
BRDA:1179,107,0,0
BRDA:1179,107,1,0
BRDA:1179,108,0,0
BRDA:1179,108,1,0
BRDA:1179,109,0,0
BRDA:1179,109,1,0
BRDA:1179,110,0,0
BRDA:1179,110,1,0
BRDA:1181,111,0,0
BRDA:1181,111,1,0
BRDA:1190,112,0,0
BRDA:1190,112,1,0
BRDA:1197,113,0,0
BRDA:1197,113,1,0
BRDA:1221,114,0,0
BRDA:1221,114,1,0
BRDA:1231,115,0,0
BRDA:1231,115,1,0
BRDA:1231,115,2,0
BRDA:1236,116,0,0
BRDA:1236,116,1,0
BRDA:1237,117,0,0
BRDA:1237,117,1,0
BRDA:1238,118,0,0
BRDA:1238,118,1,0
BRDA:1247,119,0,0
BRDA:1247,119,1,0
BRDA:1252,120,0,0
BRDA:1252,120,1,0
BRDA:1256,121,0,0
BRDA:1256,121,1,0
BRDA:1261,122,0,0
BRDA:1261,122,1,0
BRDA:1261,123,0,0
BRDA:1261,123,1,0
BRDA:1272,124,0,0
BRDA:1272,124,1,0
BRDA:1297,125,0,0
BRDA:1297,125,1,0
BRDA:1297,126,0,0
BRDA:1297,126,1,0
BRDA:1299,127,0,0
BRDA:1299,127,1,0
BRDA:1320,128,0,0
BRDA:1320,128,1,0
BRDA:1328,129,0,0
BRDA:1328,129,1,0
BRDA:1328,130,0,0
BRDA:1328,130,1,0
BRDA:1334,131,0,0
BRDA:1334,131,1,0
BRDA:1335,132,0,0
BRDA:1335,132,1,0
BRDA:1339,133,0,0
BRDA:1339,133,1,0
BRDA:1339,133,2,0
BRDA:1388,134,0,0
BRDA:1388,134,1,0
BRF:274
BRH:0
end_of_record
TN:
SF:app/(app)/(tabs)/community-forum/post-detail.tsx
FN:56,PostDetailScreen
FN:85,(anonymous_1)
FN:90,(anonymous_2)
FN:99,(anonymous_3)
FN:105,(anonymous_4)
FN:106,(anonymous_5)
FN:122,(anonymous_6)
FN:125,(anonymous_7)
FN:131,(anonymous_8)
FN:140,(anonymous_9)
FN:156,(anonymous_10)
FN:163,(anonymous_11)
FN:171,(anonymous_12)
FN:189,(anonymous_13)
FN:195,(anonymous_14)
FN:204,(anonymous_15)
FN:208,(anonymous_16)
FN:213,(anonymous_17)
FN:214,(anonymous_18)
FN:220,(anonymous_19)
FN:221,(anonymous_20)
FN:227,(anonymous_21)
FN:229,(anonymous_22)
FN:235,(anonymous_23)
FN:238,(anonymous_24)
FN:263,(anonymous_25)
FN:279,(anonymous_26)
FN:296,(anonymous_27)
FN:328,(anonymous_28)
FN:351,(anonymous_29)
FN:353,(anonymous_30)
FN:361,(anonymous_31)
FN:376,(anonymous_32)
FN:380,(anonymous_33)
FN:386,(anonymous_34)
FN:419,(anonymous_35)
FN:446,(anonymous_36)
FN:537,(anonymous_37)
FN:554,(anonymous_38)
FN:555,(anonymous_39)
FN:562,(anonymous_40)
FN:575,(anonymous_41)
FN:596,(anonymous_42)
FN:603,(anonymous_43)
FN:618,(anonymous_44)
FN:622,(anonymous_45)
FN:657,(anonymous_46)
FN:667,(anonymous_47)
FN:677,(anonymous_48)
FN:688,(anonymous_49)
FNF:50
FNH:0
FNDA:0,PostDetailScreen
FNDA:0,(anonymous_1)
FNDA:0,(anonymous_2)
FNDA:0,(anonymous_3)
FNDA:0,(anonymous_4)
FNDA:0,(anonymous_5)
FNDA:0,(anonymous_6)
FNDA:0,(anonymous_7)
FNDA:0,(anonymous_8)
FNDA:0,(anonymous_9)
FNDA:0,(anonymous_10)
FNDA:0,(anonymous_11)
FNDA:0,(anonymous_12)
FNDA:0,(anonymous_13)
FNDA:0,(anonymous_14)
FNDA:0,(anonymous_15)
FNDA:0,(anonymous_16)
FNDA:0,(anonymous_17)
FNDA:0,(anonymous_18)
FNDA:0,(anonymous_19)
FNDA:0,(anonymous_20)
FNDA:0,(anonymous_21)
FNDA:0,(anonymous_22)
FNDA:0,(anonymous_23)
FNDA:0,(anonymous_24)
FNDA:0,(anonymous_25)
FNDA:0,(anonymous_26)
FNDA:0,(anonymous_27)
FNDA:0,(anonymous_28)
FNDA:0,(anonymous_29)
FNDA:0,(anonymous_30)
FNDA:0,(anonymous_31)
FNDA:0,(anonymous_32)
FNDA:0,(anonymous_33)
FNDA:0,(anonymous_34)
FNDA:0,(anonymous_35)
FNDA:0,(anonymous_36)
FNDA:0,(anonymous_37)
FNDA:0,(anonymous_38)
FNDA:0,(anonymous_39)
FNDA:0,(anonymous_40)
FNDA:0,(anonymous_41)
FNDA:0,(anonymous_42)
FNDA:0,(anonymous_43)
FNDA:0,(anonymous_44)
FNDA:0,(anonymous_45)
FNDA:0,(anonymous_46)
FNDA:0,(anonymous_47)
FNDA:0,(anonymous_48)
FNDA:0,(anonymous_49)
DA:51,0
DA:57,0
DA:59,0
DA:61,0
DA:62,0
DA:65,0
DA:68,0
DA:69,0
DA:70,0
DA:71,0
DA:72,0
DA:73,0
DA:74,0
DA:75,0
DA:78,0
DA:79,0
DA:80,0
DA:81,0
DA:82,0
DA:85,0
DA:90,0
DA:91,0
DA:92,0
DA:93,0
DA:99,0
DA:100,0
DA:101,0
DA:105,0
DA:106,0
DA:107,0
DA:108,0
DA:109,0
DA:110,0
DA:111,0
DA:113,0
DA:114,0
DA:117,0
DA:121,0
DA:122,0
DA:123,0
DA:125,0
DA:126,0
DA:131,0
DA:132,0
DA:133,0
DA:134,0
DA:135,0
DA:136,0
DA:140,0
DA:141,0
DA:142,0
DA:143,0
DA:144,0
DA:145,0
DA:146,0
DA:147,0
DA:149,0
DA:156,0
DA:157,0
DA:163,0
DA:164,0
DA:165,0
DA:168,0
DA:171,0
DA:172,0
DA:174,0
DA:175,0
DA:176,0
DA:178,0
DA:191,0
DA:192,0
DA:194,0
DA:195,0
DA:196,0
DA:198,0
DA:204,0
DA:208,0
DA:210,0
DA:211,0
DA:213,0
DA:214,0
DA:215,0
DA:216,0
DA:219,0
DA:220,0
DA:222,0
DA:223,0
DA:224,0
DA:225,0
DA:227,0
DA:229,0
DA:236,0
DA:237,0
DA:238,0
DA:239,0
DA:241,0
DA:244,0
DA:247,0
DA:248,0
DA:249,0
DA:253,0
DA:254,0
DA:256,0
DA:263,0
DA:264,0
DA:266,0
DA:267,0
DA:270,0
DA:272,0
DA:279,0
DA:280,0
DA:282,0
DA:283,0
DA:286,0
DA:288,0
DA:296,0
DA:297,0
DA:298,0
DA:299,0
DA:302,0
DA:304,0
DA:305,0
DA:307,0
DA:308,0
DA:313,0
DA:315,0
DA:316,0
DA:318,0
DA:319,0
DA:321,0
DA:328,0
DA:329,0
DA:330,0
DA:331,0
DA:334,0
DA:335,0
DA:338,0
DA:339,0
DA:341,0
DA:342,0
DA:351,0
DA:352,0
DA:353,0
DA:361,0
DA:362,0
DA:363,0
DA:364,0
DA:366,0
DA:367,0
DA:368,0
DA:369,0
DA:376,0
DA:377,0
DA:380,0
DA:381,0
DA:385,0
DA:386,0
DA:387,0
DA:391,0
DA:395,0
DA:396,0
DA:409,0
DA:410,0
DA:419,0
DA:428,0
DA:430,0
DA:448,0
DA:451,0
DA:453,0
DA:459,0
DA:460,0
DA:462,0
DA:463,0
DA:474,0
DA:475,0
DA:486,0
DA:538,0
DA:554,0
DA:556,0
DA:562,0
DA:575,0
DA:597,0
DA:603,0
DA:619,0
DA:623,0
DA:657,0
DA:667,0
DA:677,0
DA:688,0
LF:189
LH:0
BRDA:109,0,0,0
BRDA:109,0,1,0
BRDA:113,1,0,0
BRDA:113,1,1,0
BRDA:123,2,0,0
BRDA:123,2,1,0
BRDA:132,3,0,0
BRDA:132,3,1,0
BRDA:133,4,0,0
BRDA:133,4,1,0
BRDA:134,5,0,0
BRDA:134,5,1,0
BRDA:134,6,0,0
BRDA:134,6,1,0
BRDA:135,7,0,0
BRDA:135,7,1,0
BRDA:140,8,0,0
BRDA:140,9,0,0
BRDA:141,10,0,0
BRDA:141,10,1,0
BRDA:145,11,0,0
BRDA:145,11,1,0
BRDA:145,12,0,0
BRDA:145,12,1,0
BRDA:146,13,0,0
BRDA:146,13,1,0
BRDA:172,14,0,0
BRDA:172,14,1,0
BRDA:174,15,0,0
BRDA:174,15,1,0
BRDA:174,15,2,0
BRDA:174,15,3,0
BRDA:175,16,0,0
BRDA:175,16,1,0
BRDA:175,16,2,0
BRDA:175,16,3,0
BRDA:176,17,0,0
BRDA:176,17,1,0
BRDA:176,17,2,0
BRDA:176,17,3,0
BRDA:186,18,0,0
BRDA:186,18,1,0
BRDA:186,18,2,0
BRDA:187,19,0,0
BRDA:187,19,1,0
BRDA:188,20,0,0
BRDA:188,20,1,0
BRDA:191,21,0,0
BRDA:191,21,1,0
BRDA:191,22,0,0
BRDA:191,22,1,0
BRDA:191,22,2,0
BRDA:194,23,0,0
BRDA:194,23,1,0
BRDA:195,24,0,0
BRDA:195,24,1,0
BRDA:195,25,0,0
BRDA:195,25,1,0
BRDA:204,26,0,0
BRDA:204,26,1,0
BRDA:210,27,0,0
BRDA:210,27,1,0
BRDA:210,28,0,0
BRDA:210,28,1,0
BRDA:216,29,0,0
BRDA:216,29,1,0
BRDA:222,30,0,0
BRDA:222,30,1,0
BRDA:222,31,0,0
BRDA:222,31,1,0
BRDA:224,32,0,0
BRDA:224,32,1,0
BRDA:234,33,0,0
BRDA:234,33,1,0
BRDA:234,33,2,0
BRDA:236,34,0,0
BRDA:236,34,1,0
BRDA:236,35,0,0
BRDA:236,35,1,0
BRDA:236,35,2,0
BRDA:237,36,0,0
BRDA:237,36,1,0
BRDA:238,37,0,0
BRDA:238,37,1,0
BRDA:238,38,0,0
BRDA:238,38,1,0
BRDA:247,39,0,0
BRDA:247,39,1,0
BRDA:264,40,0,0
BRDA:264,40,1,0
BRDA:280,41,0,0
BRDA:280,41,1,0
BRDA:297,42,0,0
BRDA:297,42,1,0
BRDA:302,43,0,0
BRDA:302,43,1,0
BRDA:329,44,0,0
BRDA:329,44,1,0
BRDA:339,45,0,0
BRDA:339,45,1,0
BRDA:352,46,0,0
BRDA:352,46,1,0
BRDA:366,47,0,0
BRDA:366,47,1,0
BRDA:367,48,0,0
BRDA:367,48,1,0
BRDA:368,49,0,0
BRDA:368,49,1,0
BRDA:385,50,0,0
BRDA:385,50,1,0
BRDA:395,51,0,0
BRDA:395,51,1,0
BRDA:409,52,0,0
BRDA:409,52,1,0
BRDA:449,53,0,0
BRDA:449,53,1,0
BRDA:449,53,2,0
BRDA:462,54,0,0
BRDA:462,54,1,0
BRDA:474,55,0,0
BRDA:474,55,1,0
BRDA:474,56,0,0
BRDA:474,56,1,0
BRDA:488,57,0,0
BRDA:488,57,1,0
BRDA:494,58,0,0
BRDA:494,58,1,0
BRDA:504,59,0,0
BRDA:504,59,1,0
BRDA:506,60,0,0
BRDA:506,60,1,0
BRDA:512,61,0,0
BRDA:512,61,1,0
BRDA:525,62,0,0
BRDA:525,62,1,0
BRDA:535,63,0,0
BRDA:535,63,1,0
BRDA:535,63,2,0
BRDA:540,64,0,0
BRDA:540,64,1,0
BRDA:541,65,0,0
BRDA:541,65,1,0
BRDA:542,66,0,0
BRDA:542,66,1,0
BRDA:560,67,0,0
BRDA:560,67,1,0
BRDA:583,68,0,0
BRDA:583,68,1,0
BRDA:592,69,0,0
BRDA:592,69,1,0
BRDA:601,70,0,0
BRDA:601,70,1,0
BRDA:615,71,0,0
BRDA:615,71,1,0
BRDA:631,72,0,0
BRDA:631,72,1,0
BRDA:654,73,0,0
BRDA:654,73,1,0
BRF:158
BRH:0
end_of_record
TN:
SF:app/(app)/(tabs)/community-forum/create/content.tsx
FN:49,CreatePostScreen
FN:76,(anonymous_1)
FN:78,(anonymous_2)
FN:96,(anonymous_3)
FN:99,(anonymous_4)
FN:107,(anonymous_5)
FN:112,(anonymous_6)
FN:134,(anonymous_7)
FN:143,(anonymous_8)
FN:153,(anonymous_9)
FN:159,(anonymous_10)
FN:161,(anonymous_11)
FN:165,(anonymous_12)
FN:196,(anonymous_13)
FN:197,(anonymous_14)
FN:200,(anonymous_15)
FN:226,(anonymous_16)
FN:237,(anonymous_17)
FN:284,(anonymous_18)
FN:293,(anonymous_19)
FN:335,(anonymous_20)
FN:391,(anonymous_21)
FN:400,(anonymous_22)
FN:410,(anonymous_23)
FN:424,(anonymous_24)
FN:433,(anonymous_25)
FN:437,(anonymous_26)
FN:468,(anonymous_27)
FN:544,(anonymous_28)
FN:559,(anonymous_29)
FN:568,(anonymous_30)
FNF:31
FNH:0
FNDA:0,CreatePostScreen
FNDA:0,(anonymous_1)
FNDA:0,(anonymous_2)
FNDA:0,(anonymous_3)
FNDA:0,(anonymous_4)
FNDA:0,(anonymous_5)
FNDA:0,(anonymous_6)
FNDA:0,(anonymous_7)
FNDA:0,(anonymous_8)
FNDA:0,(anonymous_9)
FNDA:0,(anonymous_10)
FNDA:0,(anonymous_11)
FNDA:0,(anonymous_12)
FNDA:0,(anonymous_13)
FNDA:0,(anonymous_14)
FNDA:0,(anonymous_15)
FNDA:0,(anonymous_16)
FNDA:0,(anonymous_17)
FNDA:0,(anonymous_18)
FNDA:0,(anonymous_19)
FNDA:0,(anonymous_20)
FNDA:0,(anonymous_21)
FNDA:0,(anonymous_22)
FNDA:0,(anonymous_23)
FNDA:0,(anonymous_24)
FNDA:0,(anonymous_25)
FNDA:0,(anonymous_26)
FNDA:0,(anonymous_27)
FNDA:0,(anonymous_28)
FNDA:0,(anonymous_29)
FNDA:0,(anonymous_30)
DA:37,0
DA:50,0
DA:51,0
DA:52,0
DA:53,0
DA:55,0
DA:56,0
DA:57,0
DA:58,0
DA:59,0
DA:60,0
DA:61,0
DA:62,0
DA:63,0
DA:65,0
DA:68,0
DA:69,0
DA:70,0
DA:71,0
DA:72,0
DA:73,0
DA:76,0
DA:78,0
DA:79,0
DA:80,0
DA:81,0
DA:82,0
DA:83,0
DA:84,0
DA:85,0
DA:87,0
DA:88,0
DA:89,0
DA:92,0
DA:96,0
DA:97,0
DA:99,0
DA:100,0
DA:101,0
DA:102,0
DA:103,0
DA:107,0
DA:108,0
DA:112,0
DA:113,0
DA:114,0
DA:115,0
DA:117,0
DA:118,0
DA:119,0
DA:121,0
DA:122,0
DA:123,0
DA:125,0
DA:126,0
DA:127,0
DA:128,0
DA:130,0
DA:131,0
DA:134,0
DA:135,0
DA:136,0
DA:137,0
DA:138,0
DA:140,0
DA:143,0
DA:144,0
DA:145,0
DA:146,0
DA:147,0
DA:149,0
DA:150,0
DA:153,0
DA:154,0
DA:155,0
DA:156,0
DA:159,0
DA:160,0
DA:161,0
DA:162,0
DA:165,0
DA:166,0
DA:167,0
DA:168,0
DA:171,0
DA:172,0
DA:173,0
DA:174,0
DA:177,0
DA:184,0
DA:186,0
DA:192,0
DA:196,0
DA:197,0
DA:200,0
DA:201,0
DA:202,0
DA:203,0
DA:206,0
DA:207,0
DA:208,0
DA:211,0
DA:212,0
DA:213,0
DA:214,0
DA:226,0
DA:227,0
DA:230,0
DA:231,0
DA:233,0
DA:237,0
DA:238,0
DA:239,0
DA:240,0
DA:243,0
DA:244,0
DA:245,0
DA:248,0
DA:249,0
DA:250,0
DA:251,0
DA:263,0
DA:264,0
DA:269,0
DA:270,0
DA:272,0
DA:276,0
DA:284,0
DA:285,0
DA:286,0
DA:287,0
DA:289,0
DA:293,0
DA:294,0
DA:295,0
DA:296,0
DA:299,0
DA:335,0
DA:391,0
DA:401,0
DA:410,0
DA:424,0
DA:434,0
DA:438,0
DA:439,0
DA:468,0
DA:545,0
DA:546,0
DA:547,0
DA:559,0
DA:568,0
LF:151
LH:0
BRDA:82,0,0,0
BRDA:82,0,1,0
BRDA:87,1,0,0
BRDA:87,1,1,0
BRDA:102,2,0,0
BRDA:102,2,1,0
BRDA:113,3,0,0
BRDA:113,3,1,0
BRDA:117,4,0,0
BRDA:117,4,1,0
BRDA:121,5,0,0
BRDA:121,5,1,0
BRDA:121,6,0,0
BRDA:121,6,1,0
BRDA:125,7,0,0
BRDA:125,7,1,0
BRDA:135,8,0,0
BRDA:135,8,1,0
BRDA:136,9,0,0
BRDA:136,9,1,0
BRDA:137,10,0,0
BRDA:137,10,1,0
BRDA:144,11,0,0
BRDA:144,11,1,0
BRDA:145,12,0,0
BRDA:145,12,1,0
BRDA:146,13,0,0
BRDA:146,13,1,0
BRDA:146,14,0,0
BRDA:146,14,1,0
BRDA:149,15,0,0
BRDA:149,15,1,0
BRDA:161,16,0,0
BRDA:161,16,1,0
BRDA:166,17,0,0
BRDA:166,17,1,0
BRDA:172,18,0,0
BRDA:172,18,1,0
BRDA:184,19,0,0
BRDA:184,19,1,0
BRDA:184,20,0,0
BRDA:184,20,1,0
BRDA:201,21,0,0
BRDA:201,21,1,0
BRDA:206,22,0,0
BRDA:206,22,1,0
BRDA:206,23,0,0
BRDA:206,23,1,0
BRDA:213,24,0,0
BRDA:213,24,1,0
BRDA:213,25,0,0
BRDA:213,25,1,0
BRDA:219,26,0,0
BRDA:219,26,1,0
BRDA:220,27,0,0
BRDA:220,27,1,0
BRDA:238,28,0,0
BRDA:238,28,1,0
BRDA:243,29,0,0
BRDA:243,29,1,0
BRDA:243,30,0,0
BRDA:243,30,1,0
BRDA:250,31,0,0
BRDA:250,31,1,0
BRDA:250,32,0,0
BRDA:250,32,1,0
BRDA:256,33,0,0
BRDA:256,33,1,0
BRDA:257,34,0,0
BRDA:257,34,1,0
BRDA:266,35,0,0
BRDA:266,35,1,0
BRDA:286,36,0,0
BRDA:286,36,1,0
BRDA:294,37,0,0
BRDA:294,37,1,0
BRDA:295,38,0,0
BRDA:295,38,1,0
BRDA:309,39,0,0
BRDA:309,39,1,0
BRDA:310,40,0,0
BRDA:310,40,1,0
BRDA:322,41,0,0
BRDA:322,41,1,0
BRDA:338,42,0,0
BRDA:338,42,1,0
BRDA:343,43,0,0
BRDA:343,43,1,0
BRDA:351,44,0,0
BRDA:351,44,1,0
BRDA:383,45,0,0
BRDA:383,45,1,0
BRDA:398,46,0,0
BRDA:398,46,1,0
BRDA:403,47,0,0
[...]
BRDA:62,3,1,0
BRDA:65,4,0,0
BRDA:65,4,1,0
BRDA:65,5,0,0
BRDA:65,5,1,0
BRDA:76,6,0,0
BRDA:76,6,1,0
BRDA:79,7,0,0
BRDA:79,7,1,0
BRDA:79,8,0,0
BRDA:79,8,1,0
BRDA:79,8,2,0
BRDA:79,8,3,0
BRDA:80,9,0,0
BRDA:80,9,1,0
BRDA:91,10,0,0
BRDA:91,10,1,0
BRDA:94,11,0,0
BRDA:94,11,1,0
BRDA:94,12,0,0
BRDA:94,12,1,0
BRDA:116,13,0,0
BRDA:116,13,1,0
BRDA:129,14,0,0
BRDA:129,14,1,0
BRDA:133,15,0,0
BRDA:133,15,1,0
BRDA:143,16,0,0
BRDA:143,16,1,0
BRDA:143,17,0,0
BRDA:143,17,1,0
BRDA:156,18,0,0
BRDA:156,18,1,0
BRDA:156,19,0,0
BRDA:156,19,1,0
BRDA:159,20,0,0
BRDA:159,20,1,0
BRDA:159,21,0,0
BRDA:159,21,1,0
BRDA:162,22,0,0
BRDA:162,22,1,0
BRDA:165,23,0,0
BRDA:165,23,1,0
BRDA:178,24,0,0
BRDA:178,24,1,0
BRDA:179,25,0,0
BRDA:179,25,1,0
BRDA:193,26,0,0
BRDA:193,26,1,0
BRDA:196,27,0,0
BRDA:196,27,1,0
BRDA:196,28,0,0
BRDA:196,28,1,0
BRDA:196,28,2,0
BRDA:225,29,0,0
BRDA:225,29,1,0
BRDA:232,30,0,0
BRDA:232,30,1,0
BRDA:233,31,0,0
BRDA:233,31,1,0
BRDA:234,32,0,0
BRDA:234,32,1,0
BRDA:235,33,0,0
BRDA:235,33,1,0
BRDA:255,34,0,0
BRDA:255,34,1,0
BRDA:256,35,0,0
BRDA:256,35,1,0
BRDA:257,36,0,0
BRDA:257,36,1,0
BRDA:258,37,0,0
BRDA:258,37,1,0
BRDA:266,38,0,0
BRDA:266,38,1,0
BRDA:267,39,0,0
BRDA:267,39,1,0
BRDA:277,40,0,0
BRDA:277,40,1,0
BRDA:278,41,0,0
BRDA:278,41,1,0
BRDA:279,42,0,0
BRDA:279,42,1,0
BRDA:280,43,0,0
BRDA:280,43,1,0
BRDA:308,44,0,0
BRDA:308,44,1,0
BRDA:335,45,0,0
BRDA:335,45,1,0
BRDA:373,46,0,0
BRDA:373,46,1,0
BRDA:392,47,0,0
BRDA:392,47,1,0
BRDA:393,48,0,0
BRDA:393,48,1,0
BRDA:396,49,0,0
BRDA:396,49,1,0
BRDA:397,50,0,0
BRDA:397,50,1,0
BRDA:398,51,0,0
BRDA:398,51,1,0
BRDA:399,52,0,0
BRDA:399,52,1,0
BRDA:400,53,0,0
BRDA:400,53,1,0
BRDA:401,54,0,0
BRDA:401,54,1,0
BRDA:402,55,0,0
BRDA:402,55,1,0
BRDA:403,56,0,0
BRDA:403,56,1,0
BRDA:404,57,0,0
BRDA:404,57,1,0
BRDA:405,58,0,0
BRDA:405,58,1,0
BRDA:406,59,0,0
BRDA:406,59,1,0
BRDA:407,60,0,0
BRDA:407,60,1,0
BRDA:409,61,0,0
BRDA:409,61,1,0
BRDA:410,62,0,0
BRDA:410,62,1,0
BRDA:411,63,0,0
BRDA:411,63,1,0
BRDA:412,64,0,0
BRDA:412,64,1,0
BRDA:413,65,0,0
BRDA:413,65,1,0
BRDA:415,66,0,0
BRDA:415,66,1,0
BRDA:416,67,0,0
BRDA:416,67,1,0
BRDA:417,68,0,0
BRDA:417,68,1,0
BRF:141
BRH:0
end_of_record
TN:
SF:utils/timezone.ts
FN:6,(anonymous_0)
FN:14,(anonymous_1)
FN:22,(anonymous_2)
FNF:3
FNH:0
FNDA:0,(anonymous_0)
FNDA:0,(anonymous_1)
FNDA:0,(anonymous_2)
DA:3,0
DA:6,0
DA:10,0
DA:11,0
DA:14,0
DA:18,0
DA:19,0
DA:22,0
DA:23,0
DA:24,0
DA:25,0
DA:26,0
LF:12
LH:0
BRDA:8,0,0,0
BRDA:16,1,0,0
BRF:2
BRH:0
end_of_record
TN:
SF:utils/userSync.ts
FN:8,syncUserWithDatabase
FNF:1
FNH:0
FNDA:0,syncUserWithDatabase
DA:9,0
DA:10,0
DA:21,0
DA:29,0
DA:32,0
DA:34,0
LF:6
LH:0
BRDA:13,0,0,0
BRDA:13,0,1,0
BRDA:14,1,0,0
BRDA:14,1,1,0
BRDA:15,2,0,0
BRDA:15,2,1,0
BRF:6
BRH:0
end_of_record
TN:
SF:utils/hooks/useConvexActivity.ts
FN:6,useConvexActivity
FN:8,(anonymous_1)
FN:25,(anonymous_2)
FN:42,(anonymous_3)
FN:57,(anonymous_4)
FN:72,(anonymous_5)
FNF:6
FNH:0
FNDA:0,useConvexActivity
FNDA:0,(anonymous_1)
FNDA:0,(anonymous_2)
FNDA:0,(anonymous_3)
FNDA:0,(anonymous_4)
FNDA:0,(anonymous_5)
DA:8,0
DA:9,0
DA:10,0
DA:11,0
DA:14,0
DA:15,0
DA:16,0
DA:17,0
DA:19,0
DA:20,0
DA:25,0
DA:26,0
DA:27,0
DA:28,0
DA:31,0
DA:32,0
DA:33,0
DA:34,0
DA:36,0
DA:37,0
DA:42,0
DA:43,0
DA:44,0
DA:47,0
DA:48,0
DA:49,0
DA:51,0
DA:52,0
DA:57,0
DA:58,0
DA:59,0
DA:62,0
DA:63,0
DA:64,0
DA:66,0
DA:67,0
DA:72,0
DA:73,0
DA:74,0
DA:77,0
DA:78,0
DA:79,0
DA:81,0
DA:82,0
DA:86,0
LF:45
LH:0
BRDA:9,0,0,0
BRDA:9,0,1,0
BRDA:26,1,0,0
BRDA:26,1,1,0
BRDA:43,2,0,0
BRDA:43,2,1,0
BRDA:58,3,0,0
BRDA:58,3,1,0
BRDA:73,4,0,0
BRDA:73,4,1,0
BRF:10
BRH:0
end_of_record
TN:
SF:utils/hooks/useConvexAppointments.ts
FN:5,isValidDate
FN:34,useConvexAppointments
FN:48,(anonymous_2)
FN:62,(anonymous_3)
FN:88,(anonymous_4)
FN:129,(anonymous_5)
FN:154,(anonymous_6)
FN:179,(anonymous_7)
FN:201,(anonymous_8)
FN:203,(anonymous_9)
FNF:10
FNH:0
FNDA:0,isValidDate
FNDA:0,useConvexAppointments
FNDA:0,(anonymous_2)
FNDA:0,(anonymous_3)
FNDA:0,(anonymous_4)
FNDA:0,(anonymous_5)
FNDA:0,(anonymous_6)
FNDA:0,(anonymous_7)
FNDA:0,(anonymous_8)
FNDA:0,(anonymous_9)
DA:6,0
DA:7,0
DA:35,0
DA:36,0
DA:37,0
DA:38,0
DA:39,0
DA:40,0
DA:43,0
DA:48,0
DA:49,0
DA:51,0
DA:52,0
DA:53,0
DA:56,0
DA:57,0
DA:62,0
DA:74,0
DA:75,0
DA:77,0
DA:78,0
DA:79,0
DA:81,0
DA:88,0
DA:89,0
DA:91,0
DA:93,0
DA:94,0
DA:98,0
DA:99,0
DA:102,0
DA:103,0
DA:114,0
DA:116,0
DA:119,0
DA:121,0
DA:122,0
DA:129,0
DA:130,0
DA:132,0
DA:134,0
DA:135,0
DA:142,0
DA:143,0
DA:144,0
DA:146,0
DA:147,0
DA:154,0
DA:155,0
DA:157,0
DA:159,0
DA:161,0
DA:167,0
DA:168,0
DA:169,0
DA:171,0
DA:172,0
DA:179,0
DA:180,0
DA:182,0
DA:184,0
DA:186,0
DA:191,0
DA:192,0
DA:193,0
DA:195,0
DA:196,0
DA:201,0
DA:202,0
DA:203,0
DA:204,0
DA:209,0
LF:72
LH:0
BRDA:7,0,0,0
BRDA:7,0,1,0
BRDA:43,1,0,0
BRDA:43,1,1,0
BRDA:49,2,0,0
BRDA:49,2,1,0
BRDA:49,3,0,0
BRDA:49,3,1,0
BRDA:70,4,0,0
BRDA:70,4,1,0
BRDA:71,5,0,0
BRDA:71,5,1,0
BRDA:89,6,0,0
BRDA:89,6,1,0
BRDA:89,7,0,0
BRDA:89,7,1,0
BRDA:102,8,0,0
BRDA:102,8,1,0
BRDA:111,9,0,0
BRDA:111,9,1,0
BRDA:112,10,0,0
BRDA:112,10,1,0
BRDA:130,11,0,0
BRDA:130,11,1,0
BRDA:130,12,0,0
BRDA:130,12,1,0
BRDA:155,13,0,0
BRDA:155,13,1,0
BRDA:155,14,0,0
BRDA:155,14,1,0
BRDA:180,15,0,0
BRDA:180,15,1,0
BRDA:180,16,0,0
BRDA:180,16,1,0
BRDA:202,17,0,0
BRDA:202,17,1,0
BRF:36
BRH:0
end_of_record
TN:
SF:utils/hooks/useConvexMessages.ts
FN:10,useConvexMessages
FN:21,(anonymous_1)
FN:37,(anonymous_2)
FN:82,(anonymous_3)
FN:98,(anonymous_4)
FN:105,(anonymous_5)
FN:142,(anonymous_6)
FN:189,(anonymous_7)
FN:202,(anonymous_8)
FN:203,(anonymous_9)
FN:229,(anonymous_10)
FN:230,(anonymous_11)
FN:246,(anonymous_12)
FN:295,(anonymous_13)
FN:310,(anonymous_14)
FN:310,(anonymous_15)
FN:319,(anonymous_16)
FN:343,useConvexLiveMessages
FN:351,(anonymous_18)
FN:358,(anonymous_19)
FNF:20
FNH:0
FNDA:0,useConvexMessages
FNDA:0,(anonymous_1)
FNDA:0,(anonymous_2)
FNDA:0,(anonymous_3)
FNDA:0,(anonymous_4)
FNDA:0,(anonymous_5)
FNDA:0,(anonymous_6)
FNDA:0,(anonymous_7)
FNDA:0,(anonymous_8)
FNDA:0,(anonymous_9)
FNDA:0,(anonymous_10)
FNDA:0,(anonymous_11)
FNDA:0,(anonymous_12)
FNDA:0,(anonymous_13)
FNDA:0,(anonymous_14)
FNDA:0,(anonymous_15)
FNDA:0,(anonymous_16)
FNDA:0,useConvexLiveMessages
FNDA:0,(anonymous_18)
FNDA:0,(anonymous_19)
DA:11,0
DA:12,0
DA:13,0
DA:16,0
DA:21,0
DA:22,0
DA:24,0
DA:25,0
DA:26,0
DA:28,0
DA:29,0
DA:31,0
DA:34,0
DA:37,0
DA:48,0
DA:49,0
DA:51,0
DA:57,0
DA:58,0
DA:62,0
DA:63,0
DA:64,0
DA:65,0
DA:68,0
DA:70,0
DA:71,0
DA:72,0
DA:74,0
DA:82,0
DA:83,0
DA:85,0
DA:87,0
DA:88,0
DA:90,0
DA:93,0
DA:98,0
DA:106,0
DA:107,0
DA:117,0
DA:119,0
DA:124,0
DA:125,0
DA:128,0
DA:129,0
DA:130,0
DA:132,0
DA:134,0
DA:135,0
DA:142,0
DA:143,0
DA:145,0
DA:146,0
DA:147,0
DA:149,0
DA:150,0
DA:156,0
DA:157,0
DA:159,0
DA:164,0
DA:165,0
DA:175,0
DA:178,0
DA:179,0
DA:181,0
DA:182,0
DA:189,0
DA:190,0
DA:192,0
DA:193,0
DA:194,0
DA:196,0
DA:197,0
DA:202,0
DA:203,0
DA:204,0
DA:209,0
DA:211,0
DA:216,0
DA:217,0
DA:226,0
DA:229,0
DA:230,0
DA:231,0
DA:236,0
DA:238,0
DA:239,0
DA:246,0
DA:247,0
DA:249,0
DA:250,0
DA:251,0
DA:253,0
DA:254,0
DA:260,0
DA:261,0
DA:263,0
DA:268,0
DA:269,0
DA:279,0
DA:281,0
DA:284,0
DA:285,0
DA:287,0
DA:288,0
DA:295,0
DA:296,0
DA:298,0
DA:301,0
DA:302,0
DA:307,0
DA:310,0
DA:311,0
DA:313,0
DA:314,0
DA:319,0
DA:320,0
DA:321,0
DA:325,0
DA:345,0
DA:351,0
DA:359,0
DA:360,0
DA:370,0
LF:123
LH:0
BRDA:16,0,0,0
BRDA:16,0,1,0
BRDA:22,1,0,0
BRDA:22,1,1,0
BRDA:28,2,0,0
BRDA:28,2,1,0
BRDA:28,3,0,0
BRDA:28,3,1,0
BRDA:39,4,0,0
BRDA:39,4,1,0
BRDA:57,5,0,0
BRDA:57,5,1,0
BRDA:62,6,0,0
BRDA:62,6,1,0
BRDA:64,7,0,0
BRDA:64,7,1,0
BRDA:65,8,0,0
BRDA:65,8,1,0
BRDA:83,9,0,0
BRDA:83,9,1,0
BRDA:83,10,0,0
BRDA:83,10,1,0
BRDA:87,11,0,0
BRDA:87,11,1,0
BRDA:87,12,0,0
BRDA:87,12,1,0
BRDA:95,13,0,0
BRDA:95,13,1,0
BRDA:98,14,0,0
BRDA:98,14,1,0
BRDA:99,15,0,0
BRDA:99,15,1,0
BRDA:99,15,2,0
BRDA:100,16,0,0
BRDA:100,16,1,0
BRDA:100,17,0,0
BRDA:100,17,1,0
BRDA:101,18,0,0
BRDA:101,18,1,0
BRDA:101,18,2,0
BRDA:101,18,3,0
BRDA:102,19,0,0
BRDA:102,19,1,0
BRDA:102,19,2,0
BRDA:103,20,0,0
BRDA:103,20,1,0
BRDA:103,20,2,0
BRDA:104,21,0,0
BRDA:104,21,1,0
BRDA:106,22,0,0
BRDA:106,22,1,0
BRDA:106,22,2,0
BRDA:110,23,0,0
BRDA:110,23,1,0
BRDA:110,23,2,0
BRDA:110,23,3,0
BRDA:111,24,0,0
BRDA:111,24,1,0
BRDA:111,24,2,0
BRDA:112,25,0,0
BRDA:112,25,1,0
BRDA:112,25,2,0
BRDA:113,26,0,0
BRDA:113,26,1,0
BRDA:113,26,2,0
BRDA:113,26,3,0
BRDA:124,27,0,0
BRDA:124,27,1,0
BRDA:128,28,0,0
BRDA:128,28,1,0
BRDA:130,29,0,0
BRDA:130,29,1,0
BRDA:143,30,0,0
BRDA:143,30,1,0
BRDA:146,31,0,0
BRDA:146,31,1,0
BRDA:146,32,0,0
BRDA:146,32,1,0
BRDA:164,33,0,0
BRDA:164,33,1,0
BRDA:175,34,0,0
BRDA:175,34,1,0
BRDA:190,35,0,0
BRDA:190,35,1,0
BRDA:193,36,0,0
BRDA:193,36,1,0
BRDA:193,37,0,0
BRDA:193,37,1,0
BRDA:204,38,0,0
BRDA:204,38,1,0
BRDA:216,39,0,0
BRDA:216,39,1,0
BRDA:226,40,0,0
BRDA:226,40,1,0
BRDA:231,41,0,0
BRDA:231,41,1,0
BRDA:247,42,0,0
BRDA:247,42,1,0
BRDA:250,43,0,0
BRDA:250,43,1,0
BRDA:250,44,0,0
BRDA:250,44,1,0
BRDA:268,45,0,0
BRDA:268,45,1,0
BRDA:279,46,0,0
BRDA:279,46,1,0
BRDA:296,47,0,0
BRDA:296,47,1,0
BRDA:301,48,0,0
BRDA:301,48,1,0
BRDA:307,49,0,0
BRDA:307,49,1,0
BRDA:320,50,0,0
BRDA:320,50,1,0
BRDA:343,51,0,0
BRDA:348,52,0,0
BRDA:348,52,1,0
BRDA:351,53,0,0
BRDA:351,53,1,0
BRDA:352,54,0,0
BRDA:352,54,1,0
BRDA:352,54,2,0
BRDA:353,55,0,0
BRDA:353,55,1,0
BRDA:353,56,0,0
BRDA:353,56,1,0
BRDA:354,57,0,0
BRDA:354,57,1,0
BRDA:354,57,2,0
BRDA:354,57,3,0
BRDA:355,58,0,0
BRDA:355,58,1,0
BRDA:355,58,2,0
BRDA:356,59,0,0
BRDA:356,59,1,0
BRDA:356,59,2,0
BRDA:357,60,0,0
BRDA:357,60,1,0
BRDA:359,61,0,0
BRDA:359,61,1,0
BRDA:359,61,2,0
BRDA:363,62,0,0
BRDA:363,62,1,0
BRDA:363,62,2,0
BRDA:363,62,3,0
BRDA:364,63,0,0
BRDA:364,63,1,0
BRDA:364,63,2,0
BRDA:365,64,0,0
BRDA:365,64,1,0
BRDA:365,64,2,0
BRDA:366,65,0,0
BRDA:366,65,1,0
BRDA:366,65,2,0
BRDA:366,65,3,0
BRF:155
BRH:0
end_of_record
TN:
SF:utils/hooks/useConvexMoods.ts
FN:8,useConvexMoods
FN:20,(anonymous_1)
FN:37,(anonymous_2)
FN:71,(anonymous_3)
FN:93,(anonymous_4)
FN:114,(anonymous_5)
FN:159,(anonymous_6)
FNF:7
FNH:0
FNDA:0,useConvexMoods
FNDA:0,(anonymous_1)
FNDA:0,(anonymous_2)
FNDA:0,(anonymous_3)
FNDA:0,(anonymous_4)
FNDA:0,(anonymous_5)
FNDA:0,(anonymous_6)
DA:9,0
DA:10,0
DA:11,0
DA:12,0
DA:15,0
DA:20,0
DA:21,0
DA:23,0
DA:24,0
DA:25,0
DA:27,0
DA:29,0
DA:31,0
DA:32,0
DA:37,0
DA:46,0
DA:47,0
DA:49,0
DA:55,0
DA:56,0
DA:57,0
DA:58,0
DA:60,0
DA:61,0
DA:62,0
DA:64,0
DA:71,0
DA:72,0
DA:74,0
DA:75,0
DA:76,0
DA:78,0
DA:79,0
DA:84,0
DA:85,0
DA:87,0
DA:92,0
DA:93,0
DA:94,0
DA:97,0
DA:103,0
DA:104,0
DA:106,0
DA:107,0
DA:114,0
DA:120,0
DA:122,0
DA:123,0
DA:124,0
DA:126,0
DA:127,0
DA:133,0
DA:134,0
DA:136,0
DA:141,0
DA:142,0
DA:150,0
DA:151,0
DA:153,0
DA:154,0
DA:159,0
DA:160,0
DA:161,0
DA:165,0
LF:64
LH:0
BRDA:15,0,0,0
BRDA:15,0,1,0
BRDA:20,1,0,0
BRDA:21,2,0,0
BRDA:21,2,1,0
BRDA:27,3,0,0
BRDA:27,3,1,0
BRDA:27,4,0,0
BRDA:27,4,1,0
BRDA:57,5,0,0
BRDA:57,5,1,0
BRDA:58,6,0,0
BRDA:58,6,1,0
BRDA:71,7,0,0
BRDA:72,8,0,0
BRDA:72,8,1,0
BRDA:75,9,0,0
BRDA:75,9,1,0
BRDA:75,10,0,0
BRDA:75,10,1,0
BRDA:94,11,0,0
BRDA:94,11,1,0
BRDA:120,12,0,0
BRDA:120,12,1,0
BRDA:123,13,0,0
BRDA:123,13,1,0
BRDA:123,14,0,0
BRDA:123,14,1,0
BRDA:160,15,0,0
BRDA:160,15,1,0
BRF:30
BRH:0
end_of_record
TN:
SF:utils/hooks/useConvexPosts.ts
FN:8,useConvexPosts
FN:20,(anonymous_1)
FN:32,(anonymous_2)
FN:75,(anonymous_3)
FN:89,(anonymous_4)
FN:132,(anonymous_5)
FN:190,(anonymous_6)
FN:229,(anonymous_7)
FN:272,(anonymous_8)
FN:328,(anonymous_9)
FN:367,(anonymous_10)
FNF:11
FNH:0
FNDA:0,useConvexPosts
FNDA:0,(anonymous_1)
FNDA:0,(anonymous_2)
FNDA:0,(anonymous_3)
FNDA:0,(anonymous_4)
FNDA:0,(anonymous_5)
FNDA:0,(anonymous_6)
FNDA:0,(anonymous_7)
FNDA:0,(anonymous_8)
FNDA:0,(anonymous_9)
FNDA:0,(anonymous_10)
DA:9,0
DA:10,0
DA:11,0
DA:12,0
DA:15,0
DA:20,0
DA:21,0
DA:22,0
DA:23,0
DA:25,0
DA:26,0
DA:28,0
DA:29,0
DA:32,0
DA:44,0
DA:45,0
DA:47,0
DA:53,0
DA:54,0
DA:55,0
DA:57,0
DA:58,0
DA:59,0
DA:62,0
DA:64,0
DA:65,0
DA:66,0
DA:68,0
DA:75,0
DA:76,0
DA:78,0
DA:79,0
DA:80,0
DA:82,0
DA:83,0
DA:85,0
DA:86,0
DA:89,0
DA:101,0
DA:102,0
DA:104,0
DA:109,0
DA:110,0
DA:111,0
DA:112,0
DA:114,0
DA:115,0
DA:116,0
DA:119,0
DA:121,0
DA:122,0
DA:123,0
DA:125,0
DA:132,0
DA:138,0
DA:140,0
DA:141,0
DA:142,0
DA:144,0
DA:145,0
DA:151,0
DA:154,0
DA:155,0
DA:156,0
DA:158,0
DA:163,0
DA:164,0
DA:173,0
DA:175,0
DA:178,0
DA:179,0
DA:180,0
DA:182,0
DA:183,0
DA:190,0
DA:191,0
DA:193,0
DA:194,0
DA:195,0
DA:197,0
DA:198,0
DA:203,0
DA:204,0
DA:206,0
DA:211,0
DA:212,0
DA:218,0
DA:219,0
DA:221,0
DA:222,0
DA:229,0
DA:230,0
DA:232,0
DA:234,0
DA:235,0
DA:237,0
DA:238,0
DA:240,0
DA:243,0
DA:244,0
DA:245,0
DA:247,0
DA:252,0
DA:253,0
DA:257,0
DA:260,0
DA:261,0
DA:262,0
DA:264,0
DA:265,0
DA:272,0
DA:278,0
DA:280,0
DA:282,0
DA:283,0
DA:285,0
DA:286,0
DA:291,0
DA:294,0
DA:295,0
DA:296,0
DA:298,0
DA:303,0
DA:304,0
DA:313,0
DA:316,0
DA:317,0
DA:318,0
DA:320,0
DA:321,0
DA:328,0
DA:329,0
DA:331,0
DA:333,0
DA:334,0
DA:336,0
DA:337,0
DA:341,0
DA:342,0
DA:344,0
DA:349,0
DA:350,0
DA:356,0
DA:358,0
DA:359,0
DA:361,0
DA:362,0
DA:367,0
DA:368,0
DA:369,0
DA:373,0
LF:151
LH:0
BRDA:15,0,0,0
BRDA:15,0,1,0
BRDA:20,1,0,0
BRDA:25,2,0,0
BRDA:25,2,1,0
BRDA:25,3,0,0
BRDA:25,3,1,0
BRDA:39,4,0,0
BRDA:39,4,1,0
BRDA:53,5,0,0
BRDA:53,5,1,0
BRDA:57,6,0,0
BRDA:57,6,1,0
BRDA:57,7,0,0
BRDA:57,7,1,0
BRDA:75,8,0,0
BRDA:76,9,0,0
BRDA:76,9,1,0
BRDA:82,10,0,0
BRDA:82,10,1,0
BRDA:82,11,0,0
BRDA:82,11,1,0
BRDA:96,12,0,0
BRDA:96,12,1,0
BRDA:109,13,0,0
BRDA:109,13,1,0
BRDA:110,14,0,0
BRDA:110,14,1,0
BRDA:114,15,0,0
BRDA:114,15,1,0
BRDA:114,16,0,0
BRDA:114,16,1,0
BRDA:138,17,0,0
BRDA:138,17,1,0
BRDA:141,18,0,0
BRDA:141,18,1,0
BRDA:141,19,0,0
BRDA:141,19,1,0
BRDA:148,20,0,0
BRDA:148,20,1,0
BRDA:163,21,0,0
BRDA:163,21,1,0
BRDA:173,22,0,0
BRDA:173,22,1,0
BRDA:191,23,0,0
BRDA:191,23,1,0
BRDA:194,24,0,0
BRDA:194,24,1,0
BRDA:194,25,0,0
BRDA:194,25,1,0
BRDA:211,26,0,0
BRDA:211,26,1,0
BRDA:218,27,0,0
BRDA:218,27,1,0
BRDA:230,28,0,0
BRDA:230,28,1,0
BRDA:234,29,0,0
BRDA:234,29,1,0
BRDA:234,30,0,0
BRDA:234,30,1,0
BRDA:252,31,0,0
BRDA:252,31,1,0
BRDA:257,32,0,0
BRDA:257,32,1,0
BRDA:278,33,0,0
BRDA:278,33,1,0
BRDA:282,34,0,0
BRDA:282,34,1,0
BRDA:282,35,0,0
BRDA:282,35,1,0
BRDA:303,36,0,0
BRDA:303,36,1,0
BRDA:313,37,0,0
BRDA:313,37,1,0
BRDA:329,38,0,0
BRDA:329,38,1,0
BRDA:333,39,0,0
BRDA:333,39,1,0
BRDA:333,40,0,0
BRDA:333,40,1,0
BRDA:349,41,0,0
BRDA:349,41,1,0
BRDA:356,42,0,0
BRDA:356,42,1,0
BRDA:368,43,0,0
BRDA:368,43,1,0
BRF:86
BRH:0
end_of_record
TN:
SF:utils/hooks/useConvexProfile.ts
FN:49,useConvexProfile
FN:64,(anonymous_1)
FN:154,(anonymous_2)
FN:205,(anonymous_3)
FN:223,(anonymous_4)
FN:237,(anonymous_5)
FN:250,(anonymous_6)
FN:268,(anonymous_7)
FN:280,(anonymous_8)
FN:296,(anonymous_9)
FNF:10
FNH:0
FNDA:0,useConvexProfile
FNDA:0,(anonymous_1)
FNDA:0,(anonymous_2)
FNDA:0,(anonymous_3)
FNDA:0,(anonymous_4)
FNDA:0,(anonymous_5)
FNDA:0,(anonymous_6)
FNDA:0,(anonymous_7)
FNDA:0,(anonymous_8)
FNDA:0,(anonymous_9)
DA:53,0
DA:54,0
DA:55,0
DA:58,0
DA:59,0
DA:64,0
DA:65,0
DA:67,0
DA:68,0
DA:69,0
DA:72,0
DA:73,0
DA:75,0
DA:77,0
DA:81,0
DA:82,0
DA:91,0
DA:94,0
DA:96,0
DA:99,0
DA:105,0
DA:107,0
DA:108,0
DA:120,0
DA:123,0
DA:125,0
DA:128,0
DA:130,0
DA:131,0
DA:134,0
DA:135,0
DA:136,0
DA:137,0
DA:138,0
DA:139,0
DA:142,0
DA:145,0
DA:147,0
DA:154,0
DA:155,0
DA:157,0
DA:158,0
DA:159,0
DA:162,0
DA:163,0
DA:165,0
DA:166,0
DA:176,0
DA:177,0
DA:179,0
DA:186,0
DA:187,0
DA:188,0
DA:192,0
DA:194,0
DA:195,0
DA:196,0
DA:198,0
DA:205,0
DA:206,0
DA:208,0
DA:209,0
DA:210,0
DA:213,0
DA:214,0
DA:216,0
DA:217,0
DA:223,0
DA:224,0
DA:226,0
DA:232,0
DA:237,0
DA:239,0
DA:240,0
DA:241,0
DA:243,0
DA:250,0
DA:251,0
DA:253,0
DA:254,0
DA:255,0
DA:258,0
DA:259,0
DA:261,0
DA:262,0
DA:268,0
DA:269,0
DA:271,0
DA:277,0
DA:280,0
DA:282,0
DA:283,0
DA:284,0
DA:287,0
DA:288,0
DA:289,0
DA:291,0
DA:296,0
DA:297,0
DA:298,0
DA:302,0
LF:101
LH:0
BRDA:58,0,0,0
BRDA:58,0,1,0
BRDA:59,1,0,0
BRDA:59,1,1,0
BRDA:65,2,0,0
BRDA:65,2,1,0
BRDA:72,3,0,0
BRDA:72,3,1,0
BRDA:72,4,0,0
BRDA:72,4,1,0
BRDA:81,5,0,0
BRDA:81,5,1,0
BRDA:107,6,0,0
BRDA:107,6,1,0
BRDA:111,7,0,0
BRDA:111,7,1,0
BRDA:111,8,0,0
BRDA:111,8,1,0
BRDA:111,9,0,0
BRDA:111,9,1,0
BRDA:111,10,0,0
BRDA:111,10,1,0
BRDA:111,11,0,0
BRDA:111,11,1,0
BRDA:131,12,0,0
BRDA:131,12,1,0
BRDA:136,13,0,0
BRDA:136,13,1,0
BRDA:155,14,0,0
BRDA:155,14,1,0
BRDA:162,15,0,0
BRDA:162,15,1,0
BRDA:162,16,0,0
BRDA:162,16,1,0
BRDA:186,17,0,0
BRDA:186,17,1,0
BRDA:186,18,0,0
BRDA:186,18,1,0
BRDA:195,19,0,0
BRDA:195,19,1,0
BRDA:206,20,0,0
BRDA:206,20,1,0
BRDA:213,21,0,0
BRDA:213,21,1,0
BRDA:213,22,0,0
BRDA:213,22,1,0
BRDA:223,23,0,0
BRDA:223,23,1,0
BRDA:237,24,0,0
BRDA:237,24,1,0
BRDA:240,25,0,0
BRDA:240,25,1,0
BRDA:251,26,0,0
BRDA:251,26,1,0
BRDA:258,27,0,0
BRDA:258,27,1,0
BRDA:258,28,0,0
BRDA:258,28,1,0
BRDA:264,29,0,0
BRDA:264,29,1,0
BRDA:268,30,0,0
BRDA:268,30,1,0
BRDA:280,31,0,0
BRDA:280,31,1,0
BRDA:282,32,0,0
BRDA:282,32,1,0
BRDA:288,33,0,0
BRDA:288,33,1,0
BRDA:297,34,0,0
BRDA:297,34,1,0
BRDA:297,35,0,0
BRDA:297,35,1,0
BRF:72
BRH:0
end_of_record
TN:
SF:utils/hooks/useConvexSettings.ts
FN:62,useConvexSettings
FN:69,(anonymous_1)
FN:149,(anonymous_2)
FN:184,(anonymous_3)
FN:201,(anonymous_4)
FN:212,(anonymous_5)
FNF:6
FNH:0
FNDA:0,useConvexSettings
FNDA:0,(anonymous_1)
FNDA:0,(anonymous_2)
FNDA:0,(anonymous_3)
FNDA:0,(anonymous_4)
FNDA:0,(anonymous_5)
DA:39,0
DA:63,0
DA:64,0
DA:65,0
DA:66,0
DA:69,0
DA:70,0
DA:71,0
DA:72,0
DA:75,0
DA:76,0
DA:77,0
DA:80,0
DA:82,0
DA:84,0
DA:108,0
DA:115,0
DA:116,0
DA:117,0
DA:118,0
DA:119,0
DA:124,0
DA:125,0
DA:126,0
DA:132,0
DA:133,0
DA:136,0
DA:137,0
DA:140,0
DA:141,0
DA:142,0
DA:144,0
DA:149,0
DA:150,0
DA:151,0
DA:152,0
DA:155,0
DA:156,0
DA:157,0
DA:160,0
DA:166,0
DA:173,0
DA:174,0
DA:176,0
DA:177,0
DA:179,0
DA:184,0
DA:185,0
DA:186,0
DA:187,0
DA:190,0
DA:191,0
DA:194,0
DA:195,0
DA:196,0
DA:201,0
DA:202,0
DA:204,0
DA:205,0
DA:207,0
DA:212,0
DA:213,0
DA:214,0
DA:215,0
DA:218,0
DA:219,0
DA:222,0
DA:226,0
DA:227,0
DA:229,0
DA:230,0
DA:232,0
DA:236,0
LF:73
LH:0
BRDA:70,0,0,0
BRDA:70,0,1,0
BRDA:82,1,0,0
BRDA:82,1,1,0
BRDA:98,2,0,0
BRDA:98,2,1,0
BRDA:102,3,0,0
BRDA:102,3,1,0
BRDA:115,4,0,0
BRDA:115,4,1,0
BRDA:116,5,0,0
BRDA:116,5,1,0
BRDA:117,6,0,0
BRDA:117,6,1,0
BRDA:124,7,0,0
BRDA:124,7,1,0
BRDA:141,8,0,0
BRDA:141,8,1,0
BRDA:150,9,0,0
BRDA:150,9,1,0
BRDA:177,10,0,0
BRDA:177,10,1,0
BRDA:185,11,0,0
BRDA:185,11,1,0
BRDA:195,12,0,0
BRDA:195,12,1,0
BRDA:205,13,0,0
BRDA:205,13,1,0
BRDA:213,14,0,0
BRDA:213,14,1,0
BRDA:230,15,0,0
BRDA:230,15,1,0
BRF:32
BRH:0
end_of_record
TN:
SF:utils/hooks/useConvexVideoSession.ts
FN:7,useConvexVideoSession
FN:20,(anonymous_1)
FN:72,(anonymous_2)
FN:99,(anonymous_3)
FN:108,(anonymous_4)
FN:149,(anonymous_5)
FN:179,(anonymous_6)
FNF:7
FNH:0
FNDA:0,useConvexVideoSession
FNDA:0,(anonymous_1)
FNDA:0,(anonymous_2)
FNDA:0,(anonymous_3)
FNDA:0,(anonymous_4)
FNDA:0,(anonymous_5)
FNDA:0,(anonymous_6)
DA:8,0
DA:9,0
DA:10,0
DA:11,0
DA:12,0
DA:15,0
DA:20,0
DA:26,0
DA:27,0
DA:28,0
DA:30,0
DA:31,0
DA:33,0
DA:34,0
DA:39,0
DA:40,0
DA:42,0
DA:44,0
DA:45,0
DA:46,0
DA:49,0
DA:50,0
DA:51,0
DA:53,0
DA:59,0
DA:61,0
DA:62,0
DA:63,0
DA:65,0
DA:72,0
DA:73,0
DA:74,0
DA:76,0
DA:77,0
DA:78,0
DA:80,0
DA:81,0
DA:85,0
DA:87,0
DA:91,0
DA:99,0
DA:100,0
DA:101,0
DA:108,0
DA:112,0
DA:113,0
DA:115,0
DA:116,0
DA:118,0
DA:119,0
DA:121,0
DA:122,0
DA:127,0
DA:128,0
DA:129,0
DA:131,0
DA:135,0
DA:136,0
DA:138,0
DA:139,0
DA:140,0
DA:142,0
DA:149,0
DA:154,0
DA:156,0
DA:157,0
DA:158,0
DA:160,0
DA:161,0
DA:166,0
DA:168,0
DA:172,0
DA:179,0
DA:180,0
DA:182,0
DA:183,0
DA:184,0
DA:186,0
DA:187,0
DA:192,0
DA:194,0
DA:198,0
DA:202,0
LF:83
LH:0
BRDA:12,0,0,0
BRDA:12,0,1,0
BRDA:30,1,0,0
BRDA:30,1,1,0
BRDA:30,2,0,0
BRDA:30,2,1,0
BRDA:39,3,0,0
BRDA:39,3,1,0
BRDA:49,4,0,0
BRDA:49,4,1,0
BRDA:49,4,2,0
BRDA:50,5,0,0
BRDA:50,5,1,0
BRDA:73,6,0,0
BRDA:73,6,1,0
BRDA:74,7,0,0
BRDA:74,7,1,0
BRDA:77,8,0,0
BRDA:77,8,1,0
BRDA:77,9,0,0
BRDA:77,9,1,0
BRDA:100,10,0,0
BRDA:100,10,1,0
BRDA:112,11,0,0
BRDA:112,11,1,0
BRDA:113,12,0,0
BRDA:113,12,1,0
BRDA:118,13,0,0
BRDA:118,13,1,0
BRDA:118,14,0,0
BRDA:118,14,1,0
BRDA:154,15,0,0
BRDA:154,15,1,0
BRDA:157,16,0,0
BRDA:157,16,1,0
BRDA:157,17,0,0
BRDA:157,17,1,0
BRDA:180,18,0,0
BRDA:180,18,1,0
BRDA:183,19,0,0
BRDA:183,19,1,0
BRDA:183,20,0,0
BRDA:183,20,1,0
BRF:43
BRH:0
end_of_record
