TN:
SF:app/+not-found.tsx
FN:5,NotFoundScreen
FNF:1
FNH:0
FNDA:0,NotFoundScreen
DA:6,0
DA:7,0
DA:20,0
LF:3
LH:0
BRF:0
BRH:0
end_of_record
TN:
SF:app/_layout.tsx
FN:26,(anonymous_0)
FN:36,isAbsoluteHttpUrl
FN:47,UserSyncHandler
FN:52,(anonymous_3)
FN:56,handleUserSync
FN:62,(anonymous_5)
FN:64,(anonymous_6)
FN:84,RootLayoutNav
FN:106,(anonymous_8)
FN:116,(anonymous_9)
FN:143,(anonymous_10)
FN:182,RootLayout
FN:183,(anonymous_12)
FN:207,ConvexHeartbeat
FN:212,(anonymous_14)
FN:216,(anonymous_15)
FN:246,(anonymous_16)
FN:253,ConvexUserSync
FN:258,(anonymous_18)
FN:262,(anonymous_19)
FN:310,(anonymous_20)
FN:323,(anonymous_21)
FN:340,ConvexClerkWrapper
FN:344,(anonymous_23)
FN:345,(anonymous_24)
FNF:25
FNH:0
FNDA:0,(anonymous_0)
FNDA:0,isAbsoluteHttpUrl
FNDA:0,UserSyncHandler
FNDA:0,(anonymous_3)
FNDA:0,handleUserSync
FNDA:0,(anonymous_5)
FNDA:0,(anonymous_6)
FNDA:0,RootLayoutNav
FNDA:0,(anonymous_8)
FNDA:0,(anonymous_9)
FNDA:0,(anonymous_10)
FNDA:0,RootLayout
FNDA:0,(anonymous_12)
FNDA:0,ConvexHeartbeat
FNDA:0,(anonymous_14)
FNDA:0,(anonymous_15)
FNDA:0,(anonymous_16)
FNDA:0,ConvexUserSync
FNDA:0,(anonymous_18)
FNDA:0,(anonymous_19)
FNDA:0,(anonymous_20)
FNDA:0,(anonymous_21)
FNDA:0,ConvexClerkWrapper
FNDA:0,(anonymous_23)
FNDA:0,(anonymous_24)
DA:16,0
DA:17,0
DA:20,0
DA:21,0
DA:22,0
DA:25,0
DA:26,0
DA:37,0
DA:38,0
DA:39,0
DA:40,0
DA:42,0
DA:48,0
DA:49,0
DA:50,0
DA:52,0
DA:54,0
DA:57,0
DA:58,0
DA:59,0
DA:60,0
DA:62,0
DA:63,0
DA:65,0
DA:68,0
DA:70,0
DA:72,0
DA:73,0
DA:77,0
DA:81,0
DA:85,0
DA:86,0
DA:87,0
DA:88,0
DA:91,0
DA:92,0
DA:94,0
DA:106,0
DA:108,0
DA:109,0
DA:110,0
DA:111,0
DA:114,0
DA:116,0
DA:117,0
DA:118,0
DA:119,0
DA:122,0
DA:124,0
DA:125,0
DA:126,0
DA:129,0
DA:132,0
DA:134,0
DA:135,0
DA:136,0
DA:141,0
DA:143,0
DA:144,0
DA:149,0
DA:150,0
DA:152,0
DA:153,0
DA:161,0
DA:162,0
DA:163,0
DA:165,0
DA:166,0
DA:170,0
DA:183,0
DA:185,0
DA:195,0
DA:196,0
DA:197,0
DA:198,0
DA:200,0
DA:201,0
DA:203,0
DA:204,0
DA:208,0
DA:209,0
DA:210,0
DA:212,0
DA:214,0
DA:216,0
DA:217,0
DA:219,0
DA:221,0
DA:222,0
DA:223,0
DA:224,0
DA:225,0
DA:228,0
DA:229,0
DA:231,0
DA:232,0
DA:235,0
DA:240,0
DA:243,0
DA:245,0
DA:246,0
DA:250,0
DA:254,0
DA:255,0
DA:256,0
DA:258,0
DA:260,0
DA:262,0
DA:263,0
DA:265,0
DA:269,0
DA:270,0
DA:271,0
DA:272,0
DA:273,0
DA:276,0
DA:277,0
DA:281,0
DA:288,0
DA:295,0
DA:296,0
DA:298,0
DA:299,0
DA:300,0
DA:302,0
DA:303,0
DA:304,0
DA:306,0
DA:307,0
DA:308,0
DA:309,0
DA:310,0
DA:312,0
DA:317,0
DA:322,0
DA:323,0
DA:327,0
DA:331,0
DA:343,0
DA:344,0
DA:345,0
DA:346,0
DA:347,0
DA:348,0
DA:349,0
DA:350,0
DA:352,0
DA:355,0
DA:358,0
DA:362,0
DA:363,0
DA:373,0
DA:374,0
DA:390,0
LF:154
LH:0
BRDA:37,0,0,0
BRDA:37,0,1,0
BRDA:40,1,0,0
BRDA:40,1,1,0
BRDA:54,2,0,0
BRDA:54,2,1,0
BRDA:54,3,0,0
BRDA:54,3,1,0
BRDA:54,3,2,0
BRDA:54,3,3,0
BRDA:59,4,0,0
BRDA:59,4,1,0
BRDA:59,5,0,0
BRDA:59,5,1,0
BRDA:108,6,0,0
BRDA:108,6,1,0
BRDA:124,7,0,0
BRDA:124,7,1,0
BRDA:134,8,0,0
BRDA:134,8,1,0
BRDA:152,9,0,0
BRDA:152,9,1,0
BRDA:152,10,0,0
BRDA:152,10,1,0
BRDA:161,11,0,0
BRDA:161,11,1,0
BRDA:161,12,0,0
BRDA:161,12,1,0
BRDA:162,13,0,0
BRDA:162,13,1,0
BRDA:162,14,0,0
BRDA:162,14,1,0
BRDA:165,15,0,0
BRDA:165,15,1,0
BRDA:165,16,0,0
BRDA:165,16,1,0
BRDA:165,16,2,0
BRDA:196,17,0,0
BRDA:196,17,1,0
BRDA:203,18,0,0
BRDA:203,18,1,0
BRDA:214,19,0,0
BRDA:214,19,1,0
BRDA:214,20,0,0
BRDA:214,20,1,0
BRDA:214,20,2,0
BRDA:214,20,3,0
BRDA:223,21,0,0
BRDA:223,21,1,0
BRDA:235,22,0,0
BRDA:235,22,1,0
BRDA:260,23,0,0
BRDA:260,23,1,0
BRDA:260,24,0,0
BRDA:260,24,1,0
BRDA:260,24,2,0
BRDA:260,24,3,0
BRDA:271,25,0,0
BRDA:271,25,1,0
BRDA:282,26,0,0
BRDA:282,26,1,0
BRDA:283,27,0,0
BRDA:283,27,1,0
BRDA:284,28,0,0
BRDA:284,28,1,0
BRDA:285,29,0,0
BRDA:285,29,1,0
BRDA:306,30,0,0
BRDA:306,30,1,0
BRDA:306,31,0,0
BRDA:306,31,1,0
BRDA:317,32,0,0
BRDA:317,32,1,0
BRDA:346,33,0,0
BRDA:346,33,1,0
BRDA:349,34,0,0
BRDA:349,34,1,0
BRDA:373,35,0,0
BRDA:373,35,1,0
BRDA:395,36,0,0
BRDA:395,36,1,0
BRF:81
BRH:0
end_of_record
TN:
SF:app/index.tsx
FN:13,SplashScreen
FN:19,(anonymous_1)
FN:37,(anonymous_2)
FN:42,(anonymous_3)
FNF:4
FNH:0
FNDA:0,SplashScreen
FNDA:0,(anonymous_1)
FNDA:0,(anonymous_2)
FNDA:0,(anonymous_3)
DA:14,0
DA:16,0
DA:17,0
DA:19,0
DA:21,0
DA:37,0
DA:38,0
DA:42,0
DA:45,0
DA:70,0
LF:10
LH:0
BRF:0
BRH:0
end_of_record
TN:
SF:app/loading.tsx
FN:12,LoadingScreen
FN:33,(anonymous_1)
FN:35,(anonymous_2)
FN:153,(anonymous_3)
FN:154,(anonymous_4)
FN:158,(anonymous_5)
FN:166,(anonymous_6)
FNF:7
FNH:0
FNDA:0,LoadingScreen
FNDA:0,(anonymous_1)
FNDA:0,(anonymous_2)
FNDA:0,(anonymous_3)
FNDA:0,(anonymous_4)
FNDA:0,(anonymous_5)
FNDA:0,(anonymous_6)
DA:13,0
DA:15,0
DA:25,0
DA:26,0
DA:27,0
DA:28,0
DA:29,0
DA:30,0
DA:31,0
DA:33,0
DA:35,0
DA:37,0
DA:53,0
DA:69,0
DA:85,0
DA:101,0
DA:117,0
DA:150,0
DA:153,0
DA:154,0
DA:155,0
DA:156,0
DA:158,0
DA:159,0
DA:161,0
DA:166,0
DA:169,0
DA:209,0
LF:28
LH:0
BRDA:155,0,0,0
BRDA:155,0,1,0
BRF:2
BRH:0
end_of_record
TN:
SF:app/onboarding.tsx
FN:82,OnboardingFlow
FN:91,(anonymous_1)
FNF:2
FNH:0
FNDA:0,OnboardingFlow
FNDA:0,(anonymous_1)
DA:20,0
DA:83,0
DA:85,0
DA:91,0
DA:92,0
DA:94,0
DA:97,0
DA:102,0
DA:104,0
DA:209,0
LF:10
LH:0
BRDA:92,0,0,0
BRDA:92,0,1,0
BRDA:113,1,0,0
BRDA:113,1,1,0
BRDA:122,2,0,0
BRDA:122,2,1,0
BRDA:134,3,0,0
BRDA:134,3,1,0
BRDA:173,4,0,0
BRDA:173,4,1,0
BRDA:179,5,0,0
BRDA:179,5,1,0
BRDA:180,6,0,0
BRDA:180,6,1,0
BRF:14
BRH:0
end_of_record
TN:
SF:app/quote.tsx
FN:16,QuoteScreen
FN:23,(anonymous_1)
FN:48,(anonymous_2)
FN:53,(anonymous_3)
FNF:4
FNH:0
FNDA:0,QuoteScreen
FNDA:0,(anonymous_1)
FNDA:0,(anonymous_2)
FNDA:0,(anonymous_3)
DA:17,0
DA:19,0
DA:20,0
DA:21,0
DA:23,0
DA:25,0
DA:48,0
DA:49,0
DA:53,0
DA:56,0
DA:99,0
LF:11
LH:0
BRF:0
BRH:0
end_of_record
TN:
SF:app/(app)/_layout.tsx
FN:16,AppLayout
FN:27,(anonymous_1)
FN:28,(anonymous_2)
FN:76,(anonymous_3)
FN:79,(anonymous_4)
FN:92,(anonymous_5)
FN:103,(anonymous_6)
FN:109,(anonymous_7)
FN:112,(anonymous_8)
FN:159,(anonymous_9)
FN:164,(anonymous_10)
FN:185,(anonymous_11)
FN:192,(anonymous_12)
FN:199,(anonymous_13)
FN:210,(anonymous_14)
FN:210,(anonymous_15)
FN:219,(anonymous_16)
FN:222,(anonymous_17)
FN:227,(anonymous_18)
FN:248,(anonymous_19)
FN:250,(anonymous_20)
FN:250,(anonymous_21)
FN:253,(anonymous_22)
FN:303,(anonymous_23)
FN:348,(anonymous_24)
FN:348,(anonymous_25)
FNF:26
FNH:0
FNDA:0,AppLayout
FNDA:0,(anonymous_1)
FNDA:0,(anonymous_2)
FNDA:0,(anonymous_3)
FNDA:0,(anonymous_4)
FNDA:0,(anonymous_5)
FNDA:0,(anonymous_6)
FNDA:0,(anonymous_7)
FNDA:0,(anonymous_8)
FNDA:0,(anonymous_9)
FNDA:0,(anonymous_10)
FNDA:0,(anonymous_11)
FNDA:0,(anonymous_12)
FNDA:0,(anonymous_13)
FNDA:0,(anonymous_14)
FNDA:0,(anonymous_15)
FNDA:0,(anonymous_16)
FNDA:0,(anonymous_17)
FNDA:0,(anonymous_18)
FNDA:0,(anonymous_19)
FNDA:0,(anonymous_20)
FNDA:0,(anonymous_21)
FNDA:0,(anonymous_22)
FNDA:0,(anonymous_23)
FNDA:0,(anonymous_24)
FNDA:0,(anonymous_25)
DA:17,0
DA:18,0
DA:19,0
DA:20,0
DA:21,0
DA:22,0
DA:24,0
DA:27,0
DA:28,0
DA:29,0
DA:31,0
DA:32,0
DA:36,0
DA:37,0
DA:38,0
DA:39,0
DA:40,0
DA:41,0
DA:43,0
DA:46,0
DA:50,0
DA:51,0
DA:52,0
DA:53,0
DA:54,0
DA:55,0
DA:56,0
DA:58,0
DA:61,0
DA:66,0
DA:67,0
DA:72,0
DA:73,0
DA:76,0
DA:77,0
DA:79,0
DA:80,0
DA:81,0
DA:82,0
DA:84,0
DA:89,0
DA:92,0
DA:93,0
DA:97,0
DA:98,0
DA:100,0
DA:103,0
DA:104,0
DA:109,0
DA:110,0
DA:112,0
DA:113,0
DA:114,0
DA:118,0
DA:119,0
DA:121,0
DA:144,0
DA:145,0
DA:148,0
DA:152,0
DA:157,0
DA:159,0
DA:160,0
DA:162,0
DA:164,0
DA:165,0
DA:166,0
DA:171,0
DA:172,0
DA:175,0
DA:180,0
DA:183,0
DA:185,0
DA:186,0
DA:187,0
DA:192,0
DA:193,0
DA:195,0
DA:198,0
DA:199,0
DA:202,0
DA:203,0
DA:210,0
DA:214,0
DA:219,0
DA:220,0
DA:221,0
DA:222,0
DA:224,0
DA:225,0
DA:226,0
DA:227,0
DA:240,0
DA:241,0
DA:245,0
DA:247,0
DA:249,0
DA:250,0
DA:254,0
DA:255,0
DA:256,0
DA:258,0
DA:259,0
DA:260,0
DA:261,0
DA:264,0
DA:265,0
DA:266,0
DA:267,0
DA:268,0
DA:270,0
DA:271,0
DA:274,0
DA:275,0
DA:276,0
DA:279,0
DA:280,0
DA:281,0
DA:284,0
DA:285,0
DA:286,0
DA:289,0
DA:290,0
DA:291,0
DA:294,0
DA:301,0
DA:303,0
DA:304,0
DA:305,0
DA:306,0
DA:307,0
DA:312,0
DA:313,0
DA:320,0
DA:321,0
DA:322,0
DA:325,0
DA:348,0
LF:138
LH:0
BRDA:31,0,0,0
BRDA:31,0,1,0
BRDA:36,1,0,0
BRDA:36,1,1,0
BRDA:38,2,0,0
BRDA:38,2,1,0
BRDA:53,3,0,0
BRDA:53,3,1,0
BRDA:66,4,0,0
BRDA:66,4,1,0
BRDA:66,5,0,0
BRDA:66,5,1,0
BRDA:66,5,2,0
BRDA:77,6,0,0
BRDA:77,6,1,0
BRDA:77,7,0,0
BRDA:77,7,1,0
BRDA:93,8,0,0
BRDA:93,8,1,0
BRDA:94,9,0,0
BRDA:94,9,1,0
BRDA:110,10,0,0
BRDA:110,10,1,0
BRDA:110,11,0,0
BRDA:110,11,1,0
BRDA:110,11,2,0
BRDA:119,12,0,0
BRDA:119,12,1,0
BRDA:135,13,0,0
BRDA:135,13,1,0
BRDA:139,14,0,0
BRDA:139,14,1,0
BRDA:160,15,0,0
BRDA:160,15,1,0
BRDA:160,16,0,0
BRDA:160,16,1,0
BRDA:171,17,0,0
BRDA:171,17,1,0
BRDA:171,18,0,0
BRDA:171,18,1,0
BRDA:193,19,0,0
BRDA:193,19,1,0
BRDA:198,20,0,0
BRDA:198,20,1,0
BRDA:199,21,0,0
BRDA:199,21,1,0
BRDA:202,22,0,0
BRDA:202,22,1,0
BRDA:202,23,0,0
BRDA:202,23,1,0
BRDA:205,24,0,0
BRDA:205,24,1,0
BRDA:206,25,0,0
BRDA:206,25,1,0
BRDA:220,26,0,0
BRDA:220,26,1,0
BRDA:220,27,0,0
BRDA:220,27,1,0
BRDA:245,28,0,0
BRDA:245,28,1,0
BRDA:249,29,0,0
BRDA:249,29,1,0
BRDA:249,30,0,0
BRDA:249,30,1,0
BRDA:256,31,0,0
BRDA:256,31,1,0
BRDA:258,32,0,0
BRDA:258,32,1,0
BRDA:258,33,0,0
BRDA:258,33,1,0
BRDA:264,34,0,0
BRDA:264,34,1,0
BRDA:265,35,0,0
BRDA:265,35,1,0
BRDA:266,36,0,0
BRDA:266,36,1,0
BRDA:274,37,0,0
BRDA:274,37,1,0
BRDA:279,38,0,0
BRDA:279,38,1,0
BRDA:284,39,0,0
BRDA:284,39,1,0
BRDA:289,40,0,0
BRDA:289,40,1,0
BRDA:305,41,0,0
BRDA:305,41,1,0
BRDA:312,42,0,0
BRDA:312,42,1,0
BRDA:320,43,0,0
BRDA:320,43,1,0
BRDA:328,44,0,0
BRDA:328,44,1,0
BRF:92
BRH:0
end_of_record
TN:
SF:app/(app)/change-password.tsx
FN:18,ChangePasswordScreen
FN:28,(anonymous_1)
FN:57,(anonymous_2)
FN:93,(anonymous_3)
FN:117,(anonymous_4)
FNF:5
FNH:2
FNDA:35,ChangePasswordScreen
FNDA:7,(anonymous_1)
FNDA:0,(anonymous_2)
FNDA:0,(anonymous_3)
FNDA:0,(anonymous_4)
DA:19,35
DA:20,35
DA:21,35
DA:22,35
DA:23,35
DA:24,35
DA:25,35
DA:26,35
DA:28,35
DA:30,7
DA:31,1
DA:32,1
DA:35,6
DA:36,1
DA:37,1
DA:40,5
DA:41,1
DA:42,1
DA:45,4
DA:47,4
DA:49,4
DA:54,3
DA:57,0
DA:60,1
DA:61,1
DA:66,4
DA:70,35
DA:93,0
DA:117,0
DA:172,1
LF:30
LH:27
BRDA:30,0,0,1
BRDA:30,0,1,6
BRDA:30,1,0,7
BRDA:30,1,1,6
BRDA:30,1,2,6
BRDA:35,2,0,1
BRDA:35,2,1,5
BRDA:40,3,0,1
BRDA:40,3,1,4
BRDA:63,4,0,1
BRDA:63,4,1,0
BRDA:96,5,0,0
BRDA:96,5,1,35
BRDA:120,6,0,0
BRDA:120,6,1,35
BRDA:153,7,0,35
BRDA:153,7,1,4
BRDA:160,8,0,4
BRDA:160,8,1,31
BRF:19
BRH:16
end_of_record
TN:
SF:app/(app)/help-support.tsx
FNF:0
FNH:0
LF:0
LH:0
BRF:0
BRH:0
end_of_record
TN:
SF:app/(app)/(tabs)/home.tsx
FN:47,MoodChartSection
FN:52,(anonymous_1)
FN:72,(anonymous_2)
FN:77,(anonymous_3)
FN:78,(anonymous_4)
FN:87,(anonymous_5)
FN:113,(anonymous_6)
FN:124,(anonymous_7)
FN:158,(anonymous_8)
FN:166,(anonymous_9)
FN:218,HomeScreen
FN:261,(anonymous_11)
FN:272,(anonymous_12)
FN:289,(anonymous_13)
FN:298,(anonymous_14)
FN:307,(anonymous_15)
FN:316,(anonymous_16)
FN:323,(anonymous_17)
FN:339,(anonymous_18)
FN:365,(anonymous_19)
FN:388,(anonymous_20)
FN:399,(anonymous_21)
FN:409,(anonymous_22)
FN:433,(anonymous_23)
FN:450,(anonymous_24)
FN:465,(anonymous_25)
FN:468,(anonymous_26)
FN:498,(anonymous_27)
FN:503,(anonymous_28)
FN:508,(anonymous_29)
FN:514,(anonymous_30)
FN:552,(anonymous_31)
FN:574,(anonymous_32)
FN:585,(anonymous_33)
FN:595,(anonymous_34)
FN:596,(anonymous_35)
FN:611,(anonymous_36)
FN:646,(anonymous_37)
FN:656,(anonymous_38)
FN:678,(anonymous_39)
FN:697,(anonymous_40)
FN:717,(anonymous_41)
FN:736,(anonymous_42)
FN:784,(anonymous_43)
FN:799,(anonymous_44)
FN:849,(anonymous_45)
FN:904,(anonymous_46)
FN:908,(anonymous_47)
FN:964,(anonymous_48)
FN:987,(anonymous_49)
FNF:50
FNH:15
FNDA:54,MoodChartSection
FNDA:0,(anonymous_1)
FNDA:0,(anonymous_2)
FNDA:0,(anonymous_3)
FNDA:0,(anonymous_4)
FNDA:1,(anonymous_5)
FNDA:0,(anonymous_6)
FNDA:0,(anonymous_7)
FNDA:0,(anonymous_8)
FNDA:0,(anonymous_9)
FNDA:81,HomeScreen
FNDA:54,(anonymous_11)
FNDA:0,(anonymous_12)
FNDA:1,(anonymous_13)
FNDA:1,(anonymous_14)
FNDA:1,(anonymous_15)
FNDA:1,(anonymous_16)
FNDA:0,(anonymous_17)
FNDA:0,(anonymous_18)
FNDA:0,(anonymous_19)
FNDA:54,(anonymous_20)
FNDA:54,(anonymous_21)
FNDA:0,(anonymous_22)
FNDA:0,(anonymous_23)
FNDA:0,(anonymous_24)
FNDA:54,(anonymous_25)
FNDA:0,(anonymous_26)
FNDA:27,(anonymous_27)
FNDA:27,(anonymous_28)
FNDA:0,(anonymous_29)
FNDA:0,(anonymous_30)
FNDA:0,(anonymous_31)
FNDA:0,(anonymous_32)
FNDA:0,(anonymous_33)
FNDA:0,(anonymous_34)
FNDA:0,(anonymous_35)
FNDA:0,(anonymous_36)
FNDA:0,(anonymous_37)
FNDA:0,(anonymous_38)
FNDA:0,(anonymous_39)
FNDA:0,(anonymous_40)
FNDA:0,(anonymous_41)
FNDA:0,(anonymous_42)
FNDA:0,(anonymous_43)
FNDA:0,(anonymous_44)
FNDA:216,(anonymous_45)
FNDA:0,(anonymous_46)
FNDA:0,(anonymous_47)
FNDA:0,(anonymous_48)
FNDA:54,(anonymous_49)
DA:48,54
DA:49,54
DA:52,54
DA:53,0
DA:58,0
DA:61,54
DA:62,0
DA:69,54
DA:71,54
DA:72,54
DA:74,54
DA:77,0
DA:78,0
DA:81,54
DA:87,1
DA:114,0
DA:115,0
DA:118,0
DA:121,0
DA:124,0
DA:125,0
DA:126,0
DA:127,0
DA:128,0
DA:129,0
DA:130,0
DA:133,0
DA:160,0
DA:161,0
DA:162,0
DA:163,0
DA:166,0
DA:167,0
DA:168,0
DA:169,0
DA:170,0
DA:171,0
DA:173,0
DA:175,0
DA:220,81
DA:221,81
DA:222,81
DA:223,0
DA:227,81
DA:231,81
DA:232,81
DA:233,81
DA:234,81
DA:235,81
DA:236,81
DA:237,81
DA:240,81
DA:242,81
DA:243,81
DA:244,81
DA:258,81
DA:261,81
DA:264,81
DA:272,81
DA:273,0
DA:274,0
DA:275,0
DA:277,0
DA:281,81
DA:289,1
DA:298,1
DA:307,1
DA:316,1
DA:323,81
DA:324,0
DA:325,0
DA:326,0
DA:327,0
DA:328,0
DA:331,0
DA:332,0
DA:339,81
DA:340,0
DA:356,0
DA:365,81
DA:366,0
DA:382,0
DA:388,81
DA:389,54
DA:390,54
DA:391,54
DA:392,52
DA:393,50
DA:399,81
DA:400,54
DA:401,0
DA:402,0
DA:409,81
DA:411,0
DA:412,0
DA:413,0
DA:417,0
DA:418,0
DA:419,0
DA:420,0
DA:423,0
DA:424,0
DA:433,81
DA:434,0
DA:436,0
DA:439,0
DA:442,0
DA:449,0
DA:450,0
DA:453,0
DA:455,0
DA:456,0
DA:465,81
DA:466,54
DA:468,0
DA:469,0
DA:470,0
DA:473,0
DA:476,0
DA:483,0
DA:484,0
DA:486,0
DA:491,0
DA:492,0
DA:497,81
DA:499,27
DA:501,27
DA:502,27
DA:503,27
DA:506,0
DA:508,0
DA:509,0
DA:510,0
DA:512,0
DA:514,0
DA:515,0
DA:516,0
DA:517,0
DA:519,0
DA:520,0
DA:521,0
DA:523,0
DA:524,0
DA:528,0
DA:529,0
DA:531,0
DA:532,0
DA:533,0
DA:534,0
DA:535,0
DA:539,0
DA:540,0
DA:541,0
DA:544,0
DA:546,0
DA:547,0
DA:552,0
DA:553,0
DA:555,0
DA:556,0
DA:557,0
DA:558,0
DA:559,0
DA:560,0
DA:564,0
DA:565,0
DA:566,0
DA:574,0
DA:575,0
DA:579,0
DA:580,0
DA:585,0
DA:586,0
DA:588,0
DA:589,0
DA:590,0
DA:594,0
DA:595,0
DA:596,0
DA:599,0
DA:600,0
DA:603,0
DA:604,0
DA:605,0
DA:611,0
DA:612,0
DA:614,0
DA:615,0
DA:616,0
DA:617,0
DA:618,0
DA:620,0
DA:623,0
DA:624,0
DA:625,0
DA:630,0
DA:638,0
DA:640,0
DA:644,0
DA:646,0
DA:647,0
DA:648,0
DA:656,81
DA:657,0
DA:658,0
DA:659,0
DA:660,0
DA:662,0
DA:663,0
DA:664,0
DA:665,0
DA:667,0
DA:678,81
DA:679,0
DA:697,81
DA:698,0
DA:700,0
DA:702,0
DA:704,0
DA:706,0
DA:708,0
DA:710,0
DA:717,81
DA:718,0
DA:720,0
DA:722,0
DA:724,0
DA:726,0
DA:728,0
DA:730,0
DA:735,81
DA:736,0
DA:744,81
DA:745,27
DA:752,54
DA:784,0
DA:799,0
DA:850,216
DA:905,0
DA:908,0
DA:964,0
DA:987,54
LF:242
LH:64
BRDA:58,0,0,0
BRDA:58,0,1,0
BRDA:61,1,0,0
BRDA:61,1,1,54
BRDA:71,2,0,54
BRDA:71,2,1,0
BRDA:93,3,0,0
BRDA:93,3,1,54
BRDA:107,4,0,0
BRDA:107,4,1,54
BRDA:112,5,0,0
BRDA:112,5,1,0
BRDA:118,6,0,0
BRDA:118,6,1,0
BRDA:121,7,0,0
BRDA:121,7,1,0
BRDA:121,8,0,0
BRDA:121,8,1,0
BRDA:121,9,0,0
BRDA:121,9,1,0
BRDA:125,10,0,0
BRDA:125,10,1,0
BRDA:125,11,0,0
BRDA:125,11,1,0
BRDA:126,12,0,0
BRDA:126,12,1,0
BRDA:127,13,0,0
BRDA:127,13,1,0
BRDA:128,14,0,0
BRDA:128,14,1,0
BRDA:129,15,0,0
BRDA:129,15,1,0
BRDA:140,16,0,0
BRDA:140,16,1,0
BRDA:145,17,0,0
BRDA:145,17,1,0
BRDA:147,18,0,0
BRDA:147,18,1,0
BRDA:147,18,2,0
BRDA:161,19,0,0
BRDA:161,19,1,0
BRDA:161,20,0,0
BRDA:161,20,1,0
BRDA:161,21,0,0
BRDA:161,21,1,0
BRDA:184,22,0,0
BRDA:184,22,1,0
BRDA:188,23,0,0
BRDA:188,23,1,0
BRDA:188,24,0,0
BRDA:188,24,1,0
BRDA:222,25,0,0
BRDA:222,25,1,81
BRDA:227,26,0,81
BRDA:227,26,1,81
BRDA:227,26,2,81
BRDA:227,26,3,0
BRDA:274,27,0,0
BRDA:274,27,1,0
BRDA:325,28,0,0
BRDA:325,28,1,0
BRDA:356,29,0,0
BRDA:356,29,1,0
BRDA:382,30,0,0
BRDA:382,30,1,0
BRDA:391,31,0,2
BRDA:391,31,1,52
BRDA:392,32,0,2
BRDA:392,32,1,50
BRDA:400,33,0,54
BRDA:400,33,1,0
BRDA:401,34,0,0
BRDA:401,34,1,0
BRDA:411,35,0,0
BRDA:411,35,1,0
BRDA:418,36,0,0
BRDA:418,36,1,0
BRDA:439,37,0,0
BRDA:439,37,1,0
BRDA:466,38,0,54
BRDA:466,38,1,0
BRDA:466,39,0,54
BRDA:466,39,1,27
BRDA:473,40,0,0
BRDA:473,40,1,0
BRDA:491,41,0,0
BRDA:491,41,1,0
BRDA:491,42,0,0
BRDA:491,42,1,0
BRDA:501,43,0,27
BRDA:501,43,1,0
BRDA:509,44,0,0
BRDA:509,44,1,0
BRDA:517,45,0,0
BRDA:517,45,1,0
BRDA:519,46,0,0
BRDA:519,46,1,0
BRDA:520,47,0,0
BRDA:520,47,1,0
BRDA:523,48,0,0
BRDA:523,48,1,0
BRDA:529,49,0,0
BRDA:529,49,1,0
BRDA:531,50,0,0
BRDA:531,50,1,0
BRDA:533,51,0,0
BRDA:533,51,1,0
BRDA:534,52,0,0
BRDA:534,52,1,0
BRDA:539,53,0,0
BRDA:539,53,1,0
BRDA:540,54,0,0
BRDA:540,54,1,0
BRDA:544,55,0,0
BRDA:544,55,1,0
BRDA:547,56,0,0
BRDA:547,56,1,0
BRDA:553,57,0,0
BRDA:553,57,1,0
BRDA:555,58,0,0
BRDA:555,58,1,0
BRDA:557,59,0,0
BRDA:557,59,1,0
BRDA:559,60,0,0
BRDA:559,60,1,0
BRDA:565,61,0,0
BRDA:565,61,1,0
BRDA:575,62,0,0
BRDA:575,62,1,0
BRDA:579,63,0,0
BRDA:579,63,1,0
BRDA:586,64,0,0
BRDA:586,64,1,0
BRDA:590,65,0,0
BRDA:590,65,1,0
BRDA:595,66,0,0
BRDA:595,66,1,0
BRDA:595,66,2,0
BRDA:599,67,0,0
BRDA:599,67,1,0
BRDA:604,68,0,0
BRDA:604,68,1,0
BRDA:612,69,0,0
BRDA:612,69,1,0
BRDA:615,70,0,0
BRDA:615,70,1,0
BRDA:617,71,0,0
BRDA:617,71,1,0
BRDA:624,72,0,0
BRDA:624,72,1,0
BRDA:640,73,0,0
BRDA:640,73,1,0
BRDA:662,74,0,0
BRDA:662,74,1,0
BRDA:664,75,0,0
BRDA:664,75,1,0
BRDA:685,76,0,0
BRDA:685,76,1,0
BRDA:698,77,0,0
BRDA:698,77,1,0
BRDA:698,77,2,0
BRDA:698,77,3,0
BRDA:698,77,4,0
BRDA:698,77,5,0
BRDA:718,78,0,0
BRDA:718,78,1,0
BRDA:718,78,2,0
BRDA:718,78,3,0
BRDA:718,78,4,0
BRDA:718,78,5,0
BRDA:735,79,0,0
BRDA:735,79,1,81
BRDA:738,80,0,0
BRDA:738,80,1,0
BRDA:738,80,2,0
BRDA:738,80,3,0
BRDA:739,81,0,0
BRDA:739,81,1,0
BRDA:739,81,2,0
BRDA:744,82,0,27
BRDA:744,82,1,54
BRDA:760,83,0,54
BRDA:760,83,1,0
BRDA:795,84,0,54
BRDA:795,84,1,0
BRDA:839,85,0,54
BRDA:839,85,1,54
BRDA:860,86,0,54
BRDA:860,86,1,162
BRDA:868,87,0,216
BRDA:868,87,1,0
BRDA:873,88,0,216
BRDA:873,88,1,54
BRDA:903,89,0,0
BRDA:903,89,1,54
BRDA:914,90,0,0
BRDA:914,90,1,0
BRDA:961,91,0,54
BRDA:961,91,1,0
BRF:199
BRH:31
end_of_record
TN:
SF:app/(app)/(tabs)/appointments/appointment-list.tsx
FN:42,AppointmentList
FN:48,(anonymous_1)
FN:89,(anonymous_2)
FN:104,(anonymous_3)
FN:111,(anonymous_4)
FN:120,(anonymous_5)
FN:126,(anonymous_6)
FN:128,(anonymous_7)
FN:129,(anonymous_8)
FN:139,(anonymous_9)
FN:148,(anonymous_10)
FN:154,(anonymous_11)
FN:167,(anonymous_12)
FN:187,(anonymous_13)
FN:188,(anonymous_14)
FN:217,(anonymous_15)
FN:218,(anonymous_16)
FN:235,(anonymous_17)
FN:236,(anonymous_18)
FN:260,(anonymous_19)
FN:276,(anonymous_20)
FN:277,(anonymous_21)
FN:303,(anonymous_22)
FN:309,(anonymous_23)
FN:318,(anonymous_24)
FN:336,(anonymous_25)
FN:344,(anonymous_26)
FN:345,(anonymous_27)
FN:346,(anonymous_28)
FN:347,(anonymous_29)
FN:348,(anonymous_30)
FN:349,(anonymous_31)
FN:350,(anonymous_32)
FN:351,(anonymous_33)
FN:352,(anonymous_34)
FN:353,(anonymous_35)
FN:354,(anonymous_36)
FN:358,(anonymous_37)
FN:367,(anonymous_38)
FN:375,(anonymous_39)
FN:399,(anonymous_40)
FN:407,(anonymous_41)
FN:415,(anonymous_42)
FN:423,(anonymous_43)
FN:435,(anonymous_44)
FN:437,(anonymous_45)
FN:438,(anonymous_46)
FN:442,(anonymous_47)
FN:480,(anonymous_48)
FN:482,(anonymous_49)
FN:483,(anonymous_50)
FN:487,(anonymous_51)
FN:531,(anonymous_52)
FN:543,(anonymous_53)
FN:548,(anonymous_54)
FN:556,(anonymous_55)
FN:594,(anonymous_56)
FN:608,(anonymous_57)
FNF:58
FNH:8
FNDA:7,AppointmentList
FNDA:7,(anonymous_1)
FNDA:7,(anonymous_2)
FNDA:0,(anonymous_3)
FNDA:0,(anonymous_4)
FNDA:0,(anonymous_5)
FNDA:0,(anonymous_6)
FNDA:0,(anonymous_7)
FNDA:0,(anonymous_8)
FNDA:0,(anonymous_9)
FNDA:0,(anonymous_10)
FNDA:0,(anonymous_11)
FNDA:0,(anonymous_12)
FNDA:0,(anonymous_13)
FNDA:0,(anonymous_14)
FNDA:0,(anonymous_15)
FNDA:0,(anonymous_16)
FNDA:0,(anonymous_17)
FNDA:0,(anonymous_18)
FNDA:0,(anonymous_19)
FNDA:0,(anonymous_20)
FNDA:0,(anonymous_21)
FNDA:7,(anonymous_22)
FNDA:0,(anonymous_23)
FNDA:0,(anonymous_24)
FNDA:0,(anonymous_25)
FNDA:0,(anonymous_26)
FNDA:0,(anonymous_27)
FNDA:0,(anonymous_28)
FNDA:0,(anonymous_29)
FNDA:0,(anonymous_30)
FNDA:0,(anonymous_31)
FNDA:0,(anonymous_32)
FNDA:0,(anonymous_33)
FNDA:0,(anonymous_34)
FNDA:0,(anonymous_35)
FNDA:0,(anonymous_36)
FNDA:7,(anonymous_37)
FNDA:7,(anonymous_38)
FNDA:0,(anonymous_39)
FNDA:0,(anonymous_40)
FNDA:0,(anonymous_41)
FNDA:0,(anonymous_42)
FNDA:0,(anonymous_43)
FNDA:0,(anonymous_44)
FNDA:0,(anonymous_45)
FNDA:0,(anonymous_46)
FNDA:0,(anonymous_47)
FNDA:0,(anonymous_48)
FNDA:0,(anonymous_49)
FNDA:0,(anonymous_50)
FNDA:0,(anonymous_51)
FNDA:0,(anonymous_52)
FNDA:0,(anonymous_53)
FNDA:0,(anonymous_54)
FNDA:84,(anonymous_55)
FNDA:0,(anonymous_56)
FNDA:7,(anonymous_57)
DA:43,7
DA:44,7
DA:47,7
DA:48,7
DA:49,7
DA:51,7
DA:53,7
DA:54,7
DA:56,7
DA:57,7
DA:60,7
DA:61,7
DA:62,7
DA:63,7
DA:64,7
DA:65,7
DA:68,7
DA:69,7
DA:70,7
DA:71,7
DA:74,7
DA:76,7
DA:79,7
DA:83,7
DA:89,7
DA:92,7
DA:104,7
DA:105,0
DA:106,0
DA:107,0
DA:108,0
DA:111,7
DA:112,0
DA:113,0
DA:114,0
DA:115,0
DA:116,0
DA:117,0
DA:120,0
DA:121,0
DA:122,0
DA:126,0
DA:127,0
DA:128,0
DA:129,0
DA:131,0
DA:136,0
DA:137,0
DA:138,0
DA:140,0
DA:141,0
DA:142,0
DA:144,0
DA:148,0
DA:149,0
DA:154,0
DA:156,0
DA:157,0
DA:160,0
DA:161,0
DA:167,0
DA:169,0
DA:170,0
DA:171,0
DA:173,0
DA:174,0
DA:177,0
DA:187,0
DA:188,0
DA:189,0
DA:192,0
DA:193,0
DA:194,0
DA:195,0
DA:196,0
DA:199,0
DA:200,0
DA:201,0
DA:202,0
DA:203,0
DA:204,0
DA:205,0
DA:206,0
DA:207,0
DA:209,0
DA:212,0
DA:216,0
DA:217,0
DA:219,0
DA:221,0
DA:222,0
DA:225,0
DA:235,0
DA:236,0
DA:237,0
DA:240,0
DA:241,0
DA:242,0
DA:243,0
DA:244,0
DA:247,0
DA:248,0
DA:249,0
DA:250,0
DA:251,0
DA:252,0
DA:253,0
DA:254,0
DA:255,0
DA:257,0
DA:260,0
DA:274,0
DA:276,0
DA:277,0
DA:289,0
DA:290,0
DA:291,0
DA:293,0
DA:294,0
DA:295,0
DA:297,0
DA:303,7
DA:304,7
DA:305,0
DA:309,7
DA:310,0
DA:311,0
DA:312,0
DA:314,0
DA:318,7
DA:319,0
DA:321,0
DA:322,0
DA:323,0
DA:324,0
DA:325,0
DA:326,0
DA:328,0
DA:330,0
DA:332,0
DA:336,7
DA:337,0
DA:343,7
DA:344,0
DA:345,0
DA:346,0
DA:347,0
DA:348,0
DA:349,0
DA:350,0
DA:351,0
DA:352,0
DA:353,0
DA:354,0
DA:358,7
DA:359,7
DA:360,0
DA:361,0
DA:362,0
DA:364,0
DA:367,7
DA:368,7
DA:375,7
DA:376,0
DA:379,7
DA:380,0
DA:387,7
DA:399,0
DA:407,0
DA:415,0
DA:423,0
DA:435,0
DA:437,0
DA:439,0
DA:442,0
DA:480,0
DA:482,0
DA:484,0
DA:487,0
DA:531,0
DA:543,0
DA:548,0
DA:557,84
DA:594,0
DA:608,7
LF:185
LH:43
BRDA:49,0,0,7
BRDA:49,0,1,7
BRDA:51,1,0,0
BRDA:51,1,1,7
BRDA:53,2,0,0
BRDA:53,2,1,7
BRDA:53,3,0,7
BRDA:53,3,1,0
BRDA:57,4,0,0
BRDA:57,4,1,7
BRDA:81,5,0,7
BRDA:81,5,1,0
BRDA:85,6,0,7
BRDA:85,6,1,0
BRDA:112,7,0,0
BRDA:112,7,1,0
BRDA:112,8,0,0
BRDA:112,8,1,0
BRDA:112,8,2,0
BRDA:121,9,0,0
BRDA:121,9,1,0
BRDA:122,10,0,0
BRDA:122,10,1,0
BRDA:128,11,0,0
BRDA:128,11,1,0
BRDA:137,12,0,0
BRDA:137,12,1,0
BRDA:149,13,0,0
BRDA:149,13,1,0
BRDA:157,14,0,0
BRDA:157,14,1,0
BRDA:157,15,0,0
BRDA:157,15,1,0
BRDA:157,15,2,0
BRDA:169,16,0,0
BRDA:169,16,1,0
BRDA:170,17,0,0
BRDA:170,17,1,0
BRDA:174,18,0,0
BRDA:174,18,1,0
BRDA:189,19,0,0
BRDA:189,19,1,0
BRDA:199,20,0,0
BRDA:199,20,1,0
BRDA:200,21,0,0
BRDA:200,21,1,0
BRDA:201,22,0,0
BRDA:201,22,1,0
BRDA:202,23,0,0
BRDA:202,23,1,0
BRDA:203,24,0,0
BRDA:203,24,1,0
BRDA:204,25,0,0
BRDA:204,25,1,0
BRDA:205,26,0,0
BRDA:205,26,1,0
BRDA:206,27,0,0
BRDA:206,27,1,0
BRDA:222,28,0,0
BRDA:222,28,1,0
BRDA:237,29,0,0
BRDA:237,29,1,0
BRDA:247,30,0,0
BRDA:247,30,1,0
BRDA:248,31,0,0
BRDA:248,31,1,0
BRDA:249,32,0,0
BRDA:249,32,1,0
BRDA:250,33,0,0
BRDA:250,33,1,0
BRDA:251,34,0,0
BRDA:251,34,1,0
BRDA:252,35,0,0
BRDA:252,35,1,0
BRDA:253,36,0,0
BRDA:253,36,1,0
BRDA:254,37,0,0
BRDA:254,37,1,0
BRDA:262,38,0,0
BRDA:262,38,1,0
BRDA:262,38,2,0
BRDA:265,39,0,0
BRDA:265,39,1,0
BRDA:266,40,0,0
BRDA:266,40,1,0
BRDA:279,41,0,0
BRDA:279,41,1,0
BRDA:279,41,2,0
BRDA:282,42,0,0
BRDA:282,42,1,0
BRDA:283,43,0,0
BRDA:283,43,1,0
BRDA:304,44,0,0
BRDA:304,44,1,7
BRDA:304,45,0,7
BRDA:304,45,1,7
BRDA:304,45,2,7
BRDA:311,46,0,0
BRDA:311,46,1,0
BRDA:319,47,0,0
BRDA:319,47,1,0
BRDA:325,48,0,0
BRDA:325,48,1,0
BRDA:359,49,0,7
BRDA:359,49,1,0
BRDA:360,50,0,0
BRDA:360,50,1,0
BRDA:361,51,0,0
BRDA:361,51,1,0
BRDA:369,52,0,7
BRDA:369,52,1,7
BRDA:369,52,2,0
BRDA:379,53,0,0
BRDA:379,53,1,7
BRDA:397,54,0,7
BRDA:397,54,1,7
BRDA:404,55,0,7
BRDA:404,55,1,7
BRDA:413,56,0,7
BRDA:413,56,1,0
BRDA:420,57,0,7
BRDA:420,57,1,0
BRDA:434,58,0,7
BRDA:434,58,1,0
BRDA:435,59,0,0
BRDA:435,59,1,7
BRDA:441,60,0,0
BRDA:441,60,1,0
BRDA:455,61,0,0
BRDA:455,61,1,0
BRDA:456,62,0,0
BRDA:456,62,1,0
BRDA:461,63,0,0
BRDA:461,63,1,0
BRDA:462,64,0,0
BRDA:462,64,1,0
BRDA:466,65,0,0
BRDA:466,65,1,0
BRDA:467,66,0,0
BRDA:467,66,1,0
BRDA:468,67,0,0
BRDA:468,67,1,0
BRDA:475,68,0,0
BRDA:475,68,1,7
BRDA:480,69,0,0
BRDA:480,69,1,0
BRDA:486,70,0,0
BRDA:486,70,1,0
BRDA:491,71,0,0
BRDA:491,71,1,0
BRDA:500,72,0,0
BRDA:500,72,1,0
BRDA:501,73,0,0
BRDA:501,73,1,0
BRDA:506,74,0,0
BRDA:506,74,1,0
BRDA:507,75,0,0
BRDA:507,75,1,0
BRDA:511,76,0,0
BRDA:511,76,1,0
BRDA:512,77,0,0
BRDA:512,77,1,0
BRDA:513,78,0,0
BRDA:513,78,1,0
BRDA:561,79,0,84
BRDA:561,79,1,0
BRDA:569,80,0,0
BRDA:569,80,1,84
BRDA:569,81,0,7
BRDA:569,81,1,77
BRDA:574,82,0,84
BRDA:574,82,1,0
BRDA:575,83,0,84
BRDA:575,83,1,7
BRDA:579,84,0,84
BRDA:579,84,1,7
BRDA:579,84,2,0
BRF:177
BRH:34
end_of_record
TN:
SF:app/(app)/(tabs)/appointments/book.tsx
FN:46,BookAppointment
FN:52,(anonymous_1)
FN:93,(anonymous_2)
FN:98,(anonymous_3)
FN:106,(anonymous_4)
FN:120,(anonymous_5)
FN:120,(anonymous_6)
FN:161,(anonymous_7)
FN:171,(anonymous_8)
FN:185,(anonymous_9)
FN:232,(anonymous_10)
FN:244,(anonymous_11)
FN:276,(anonymous_12)
FN:279,(anonymous_13)
FN:288,(anonymous_14)
FN:296,(anonymous_15)
FN:304,(anonymous_16)
FN:312,(anonymous_17)
FN:320,(anonymous_18)
FN:328,(anonymous_19)
FN:336,(anonymous_20)
FN:344,(anonymous_21)
FN:352,(anonymous_22)
FN:360,(anonymous_23)
FN:368,(anonymous_24)
FN:385,(anonymous_25)
FN:394,(anonymous_26)
FN:433,(anonymous_27)
FN:440,(anonymous_28)
FN:457,(anonymous_29)
FN:464,(anonymous_30)
FN:476,(anonymous_31)
FN:483,(anonymous_32)
FN:502,(anonymous_33)
FN:543,(anonymous_34)
FN:548,(anonymous_35)
FN:556,(anonymous_36)
FN:596,(anonymous_37)
FN:610,(anonymous_38)
FNF:39
FNH:15
FNDA:28,BookAppointment
FNDA:12,(anonymous_1)
FNDA:24,(anonymous_2)
FNDA:0,(anonymous_3)
FNDA:12,(anonymous_4)
FNDA:60,(anonymous_5)
FNDA:300,(anonymous_6)
FNDA:0,(anonymous_7)
FNDA:64,(anonymous_8)
FNDA:0,(anonymous_9)
FNDA:0,(anonymous_10)
FNDA:0,(anonymous_11)
FNDA:0,(anonymous_12)
FNDA:0,(anonymous_13)
FNDA:0,(anonymous_14)
FNDA:0,(anonymous_15)
FNDA:0,(anonymous_16)
FNDA:0,(anonymous_17)
FNDA:0,(anonymous_18)
FNDA:0,(anonymous_19)
FNDA:0,(anonymous_20)
FNDA:0,(anonymous_21)
FNDA:0,(anonymous_22)
FNDA:0,(anonymous_23)
FNDA:0,(anonymous_24)
FNDA:28,(anonymous_25)
FNDA:28,(anonymous_26)
FNDA:56,(anonymous_27)
FNDA:0,(anonymous_28)
FNDA:392,(anonymous_29)
FNDA:4,(anonymous_30)
FNDA:448,(anonymous_31)
FNDA:0,(anonymous_32)
FNDA:0,(anonymous_33)
FNDA:0,(anonymous_34)
FNDA:0,(anonymous_35)
FNDA:336,(anonymous_36)
FNDA:0,(anonymous_37)
FNDA:24,(anonymous_38)
DA:47,28
DA:48,28
DA:51,28
DA:52,28
DA:53,12
DA:55,12
DA:57,12
DA:58,12
DA:60,28
DA:61,28
DA:63,28
DA:64,28
DA:65,28
DA:66,28
DA:67,28
DA:69,28
DA:70,28
DA:71,28
DA:72,28
DA:74,28
DA:75,28
DA:76,28
DA:79,28
DA:80,28
DA:81,28
DA:84,28
DA:85,28
DA:86,28
DA:87,28
DA:90,28
DA:93,28
DA:98,28
DA:99,0
DA:100,0
DA:101,0
DA:102,0
DA:106,28
DA:107,12
DA:110,12
DA:111,12
DA:120,300
DA:121,12
DA:122,12
DA:123,12
DA:124,12
DA:125,12
DA:128,12
DA:129,12
DA:132,12
DA:134,12
DA:135,168
DA:138,168
DA:139,168
DA:140,168
DA:141,168
DA:144,168
DA:147,168
DA:148,168
DA:149,168
DA:151,12
DA:154,28
DA:161,28
DA:162,0
DA:163,0
DA:164,0
DA:165,0
DA:166,0
DA:167,0
DA:168,0
DA:171,28
DA:172,64
DA:173,64
DA:174,64
DA:175,64
DA:176,64
DA:177,64
DA:178,64
DA:179,0
DA:180,0
DA:181,0
DA:182,0
DA:185,28
DA:186,0
DA:189,0
DA:190,0
DA:191,0
DA:192,0
DA:194,0
DA:196,0
DA:197,0
DA:204,0
DA:205,0
DA:220,28
DA:232,28
DA:233,0
DA:234,0
DA:235,0
DA:237,0
DA:244,28
DA:245,0
DA:247,0
DA:248,0
DA:249,0
DA:252,0
DA:253,0
DA:254,0
DA:260,0
DA:261,0
DA:262,0
DA:265,0
DA:267,0
DA:269,0
DA:276,28
DA:277,0
DA:279,0
DA:284,28
DA:289,0
DA:290,0
DA:297,0
DA:298,0
DA:305,0
DA:306,0
DA:313,0
DA:314,0
DA:321,0
DA:322,0
DA:329,0
DA:330,0
DA:337,0
DA:338,0
DA:345,0
DA:346,0
DA:353,0
DA:354,0
DA:361,0
DA:362,0
DA:369,0
DA:370,0
DA:385,28
DA:386,28
DA:387,0
DA:388,0
DA:389,0
DA:391,0
DA:394,28
DA:395,28
DA:403,28
DA:404,0
DA:411,28
DA:434,56
DA:440,0
DA:458,392
DA:464,4
DA:477,448
DA:478,448
DA:479,448
DA:483,0
DA:504,0
DA:505,0
DA:506,0
DA:507,0
DA:509,0
DA:511,0
DA:512,0
DA:513,0
DA:543,0
DA:548,0
DA:557,336
DA:596,0
DA:610,24
LF:170
LH:86
BRDA:53,0,0,12
BRDA:53,0,1,12
BRDA:55,1,0,0
BRDA:55,1,1,12
BRDA:57,2,0,0
BRDA:57,2,1,12
BRDA:57,3,0,12
BRDA:57,3,1,0
BRDA:61,4,0,0
BRDA:61,4,1,28
BRDA:80,5,0,28
BRDA:80,5,1,13
BRDA:120,6,0,60
BRDA:120,6,1,0
BRDA:128,7,0,12
BRDA:128,7,1,0
BRDA:128,7,2,0
BRDA:129,8,0,12
BRDA:129,8,1,0
BRDA:163,9,0,0
BRDA:163,9,1,0
BRDA:166,10,0,0
BRDA:166,10,1,0
BRDA:167,11,0,0
BRDA:167,11,1,0
BRDA:167,12,0,0
BRDA:167,12,1,0
BRDA:167,13,0,0
BRDA:167,13,1,0
BRDA:174,14,0,0
BRDA:174,14,1,64
BRDA:174,15,0,64
BRDA:174,15,1,64
BRDA:174,15,2,64
BRDA:177,16,0,0
BRDA:177,16,1,64
BRDA:178,17,0,64
BRDA:178,17,1,0
BRDA:180,18,0,0
BRDA:180,18,1,0
BRDA:181,19,0,0
BRDA:181,19,1,0
BRDA:186,20,0,0
BRDA:186,20,1,0
BRDA:186,21,0,0
BRDA:186,21,1,0
BRDA:194,22,0,0
BRDA:194,22,1,0
BRDA:194,23,0,0
BRDA:194,23,1,0
BRDA:194,23,2,0
BRDA:204,24,0,0
BRDA:204,24,1,0
BRDA:213,25,0,0
BRDA:213,25,1,0
BRDA:214,26,0,0
BRDA:214,26,1,0
BRDA:234,27,0,0
BRDA:234,27,1,0
BRDA:245,28,0,0
BRDA:245,28,1,0
BRDA:252,29,0,0
BRDA:252,29,1,0
BRDA:261,30,0,0
BRDA:261,30,1,0
BRDA:386,31,0,28
BRDA:386,31,1,0
BRDA:387,32,0,0
BRDA:387,32,1,0
BRDA:388,33,0,0
BRDA:388,33,1,0
BRDA:396,34,0,28
BRDA:396,34,1,28
BRDA:396,34,2,0
BRDA:403,35,0,0
BRDA:403,35,1,28
BRDA:438,36,0,28
BRDA:438,36,1,28
BRDA:445,37,0,28
BRDA:445,37,1,28
BRDA:447,38,0,28
BRDA:447,38,1,28
BRDA:449,39,0,28
BRDA:449,39,1,28
BRDA:462,40,0,392
BRDA:462,40,1,4
BRDA:467,41,0,392
BRDA:467,41,1,4
BRDA:468,42,0,392
BRDA:468,42,1,4
BRDA:477,43,0,448
BRDA:477,43,1,64
BRDA:487,44,0,448
BRDA:487,44,1,0
BRDA:488,45,0,448
BRDA:488,45,1,448
BRDA:494,46,0,448
BRDA:494,46,1,0
BRDA:495,47,0,448
BRDA:495,47,1,448
BRDA:502,48,0,28
BRDA:502,48,1,4
BRDA:502,48,2,0
BRDA:509,49,0,0
BRDA:509,49,1,0
BRDA:509,50,0,0
BRDA:509,50,1,0
BRDA:509,50,2,0
BRDA:517,51,0,0
BRDA:517,51,1,0
BRDA:525,52,0,28
BRDA:525,52,1,4
BRDA:529,53,0,28
BRDA:529,53,1,4
BRDA:529,53,2,28
BRDA:562,54,0,336
BRDA:562,54,1,0
BRDA:570,55,0,0
BRDA:570,55,1,336
BRDA:570,56,0,28
BRDA:570,56,1,308
BRDA:576,57,0,336
BRDA:576,57,1,0
BRDA:577,58,0,336
BRDA:577,58,1,28
BRDA:581,59,0,336
BRDA:581,59,1,28
BRDA:581,59,2,0
BRF:128
BRH:59
end_of_record
TN:
SF:app/(app)/(tabs)/appointments/confirm.tsx
FN:37,getNotificationsModule
FN:47,ConfirmAppointment
FN:73,(anonymous_2)
FN:86,(anonymous_3)
FN:91,(anonymous_4)
FN:108,(anonymous_5)
FN:118,(anonymous_6)
FN:118,(anonymous_7)
FN:128,(anonymous_8)
FN:142,(anonymous_9)
FN:149,(anonymous_10)
FN:171,(anonymous_11)
FN:252,(anonymous_12)
FN:262,(anonymous_13)
FN:320,(anonymous_14)
FN:351,(anonymous_15)
FN:357,(anonymous_16)
FN:375,(anonymous_17)
FN:384,(anonymous_18)
FN:392,(anonymous_19)
FN:410,(anonymous_20)
FN:430,(anonymous_21)
FN:448,(anonymous_22)
FN:461,(anonymous_23)
FN:469,(anonymous_24)
FN:477,(anonymous_25)
FN:485,(anonymous_26)
FN:493,(anonymous_27)
FN:501,(anonymous_28)
FN:509,(anonymous_29)
FN:517,(anonymous_30)
FN:525,(anonymous_31)
FN:533,(anonymous_32)
FN:541,(anonymous_33)
FN:656,(anonymous_34)
FN:666,(anonymous_35)
FN:683,(anonymous_36)
FN:688,(anonymous_37)
FN:696,(anonymous_38)
FN:736,(anonymous_39)
FN:750,(anonymous_40)
FNF:41
FNH:17
FNDA:0,getNotificationsModule
FNDA:12,ConfirmAppointment
FNDA:3,(anonymous_2)
FNDA:6,(anonymous_3)
FNDA:132,(anonymous_4)
FNDA:6,(anonymous_5)
FNDA:30,(anonymous_6)
FNDA:150,(anonymous_7)
FNDA:6,(anonymous_8)
FNDA:6,(anonymous_9)
FNDA:6,(anonymous_10)
FNDA:6,(anonymous_11)
FNDA:0,(anonymous_12)
FNDA:6,(anonymous_13)
FNDA:0,(anonymous_14)
FNDA:9,(anonymous_15)
FNDA:0,(anonymous_16)
FNDA:6,(anonymous_17)
FNDA:6,(anonymous_18)
FNDA:0,(anonymous_19)
FNDA:0,(anonymous_20)
FNDA:0,(anonymous_21)
FNDA:0,(anonymous_22)
FNDA:0,(anonymous_23)
FNDA:0,(anonymous_24)
FNDA:0,(anonymous_25)
FNDA:0,(anonymous_26)
FNDA:0,(anonymous_27)
FNDA:0,(anonymous_28)
FNDA:0,(anonymous_29)
FNDA:0,(anonymous_30)
FNDA:0,(anonymous_31)
FNDA:0,(anonymous_32)
FNDA:0,(anonymous_33)
FNDA:0,(anonymous_34)
FNDA:0,(anonymous_35)
FNDA:0,(anonymous_36)
FNDA:0,(anonymous_37)
FNDA:72,(anonymous_38)
FNDA:0,(anonymous_39)
FNDA:6,(anonymous_40)
DA:32,1
DA:35,1
DA:38,0
DA:39,0
DA:41,0
DA:42,0
DA:44,0
DA:48,12
DA:51,12
DA:52,12
DA:53,12
DA:54,12
DA:55,12
DA:56,12
DA:59,12
DA:60,12
DA:61,12
DA:62,12
DA:65,12
DA:66,12
DA:69,12
DA:72,12
DA:73,12
DA:74,3
DA:76,3
DA:78,3
DA:79,3
DA:81,12
DA:82,12
DA:83,12
DA:86,12
DA:89,12
DA:91,12
DA:92,132
DA:93,132
DA:96,12
DA:97,12
DA:98,12
DA:99,12
DA:100,12
DA:101,12
DA:102,12
DA:103,12
DA:104,12
DA:105,12
DA:108,12
DA:109,6
DA:118,150
DA:119,6
DA:128,12
DA:129,6
DA:130,6
DA:131,6
DA:132,6
DA:133,6
DA:134,6
DA:135,6
DA:137,0
DA:139,6
DA:142,12
DA:143,6
DA:144,6
DA:145,6
DA:146,6
DA:149,12
DA:150,6
DA:151,6
DA:152,6
DA:153,6
DA:154,6
DA:155,6
DA:156,6
DA:157,6
DA:158,6
DA:159,6
DA:160,0
DA:161,0
DA:162,0
DA:163,0
DA:164,0
DA:165,0
DA:171,12
DA:177,6
DA:178,0
DA:179,0
DA:183,6
DA:185,6
DA:187,6
DA:188,6
DA:189,6
DA:190,6
DA:192,0
DA:193,0
DA:194,0
DA:197,0
DA:200,0
DA:201,0
DA:202,0
DA:203,0
DA:204,0
DA:207,0
DA:208,0
DA:209,0
DA:213,0
DA:216,0
DA:219,0
DA:220,0
DA:221,0
DA:222,0
DA:225,0
DA:226,0
DA:228,0
DA:242,0
DA:244,0
DA:245,0
DA:252,12
DA:253,0
DA:254,0
DA:255,0
DA:256,0
DA:262,12
DA:263,6
DA:264,0
DA:267,6
DA:268,6
DA:269,6
DA:272,6
DA:281,6
DA:282,6
DA:284,6
DA:285,6
DA:286,6
DA:287,6
DA:288,6
DA:297,6
DA:298,6
DA:299,6
DA:300,6
DA:301,6
DA:303,0
DA:306,0
DA:307,0
DA:310,0
DA:311,0
DA:313,6
DA:320,12
DA:321,0
DA:322,0
DA:323,0
DA:324,0
DA:325,0
DA:326,0
DA:332,0
DA:333,0
DA:334,0
DA:335,0
DA:337,0
DA:340,0
DA:343,0
DA:344,0
DA:346,0
DA:351,12
DA:352,9
DA:354,6
DA:355,0
DA:357,0
DA:358,0
DA:359,0
DA:361,0
DA:364,0
DA:366,6
DA:368,0
DA:371,6
DA:375,12
DA:376,6
DA:377,0
DA:378,0
DA:379,0
DA:381,0
DA:384,12
DA:385,6
DA:392,12
DA:393,0
DA:395,0
DA:396,0
DA:397,0
DA:398,0
DA:399,0
DA:400,0
DA:402,0
DA:404,0
DA:406,0
DA:410,12
DA:411,0
DA:418,12
DA:419,0
DA:430,0
DA:440,12
DA:448,12
DA:449,0
DA:450,0
DA:451,0
DA:453,0
DA:457,12
DA:462,0
DA:463,0
DA:470,0
DA:471,0
DA:478,0
DA:479,0
DA:486,0
DA:487,0
DA:494,0
DA:495,0
DA:502,0
DA:503,0
DA:510,0
DA:511,0
DA:518,0
DA:519,0
DA:526,0
DA:527,0
DA:534,0
DA:535,0
DA:542,0
DA:543,0
DA:555,12
DA:556,6
DA:570,6
DA:656,0
DA:666,0
DA:683,0
DA:688,0
DA:697,72
DA:736,0
DA:750,6
LF:236
LH:118
BRDA:38,0,0,0
BRDA:38,0,1,0
BRDA:41,1,0,0
BRDA:41,1,1,0
BRDA:74,2,0,3
BRDA:74,2,1,3
BRDA:76,3,0,0
BRDA:76,3,1,3
BRDA:78,4,0,0
BRDA:78,4,1,3
BRDA:78,5,0,3
BRDA:78,5,1,0
BRDA:82,6,0,0
BRDA:82,6,1,12
BRDA:83,7,0,0
BRDA:83,7,1,12
BRDA:92,8,0,0
BRDA:92,8,1,132
BRDA:92,9,0,0
BRDA:92,9,1,0
BRDA:93,10,0,132
BRDA:93,10,1,72
BRDA:104,11,0,12
BRDA:104,11,1,12
BRDA:118,12,0,30
BRDA:118,12,1,0
BRDA:130,13,0,0
BRDA:130,13,1,6
BRDA:133,14,0,6
BRDA:133,14,1,0
BRDA:134,15,0,6
BRDA:134,15,1,0
BRDA:135,16,0,0
BRDA:135,16,1,6
BRDA:137,17,0,0
BRDA:137,17,1,0
BRDA:152,18,0,6
BRDA:152,18,1,0
BRDA:153,19,0,6
BRDA:153,19,1,0
BRDA:154,20,0,6
BRDA:154,20,1,0
BRDA:155,21,0,0
BRDA:155,21,1,6
BRDA:155,22,0,6
BRDA:155,22,1,6
BRDA:155,22,2,6
BRDA:156,23,0,0
BRDA:156,23,1,6
BRDA:157,24,0,0
BRDA:157,24,1,6
BRDA:158,25,0,0
BRDA:158,25,1,6
BRDA:159,26,0,6
BRDA:159,26,1,0
BRDA:160,27,0,0
BRDA:160,27,1,0
BRDA:161,28,0,0
BRDA:161,28,1,0
BRDA:163,29,0,0
BRDA:163,29,1,0
BRDA:164,30,0,0
BRDA:164,30,1,0
BRDA:177,31,0,0
BRDA:177,31,1,6
BRDA:183,32,0,0
BRDA:183,32,1,6
BRDA:188,33,0,6
BRDA:188,33,1,0
BRDA:192,34,0,0
BRDA:192,34,1,0
BRDA:197,35,0,0
BRDA:197,35,1,0
BRDA:207,36,0,0
BRDA:207,36,1,0
BRDA:207,37,0,0
BRDA:207,37,1,0
BRDA:207,37,2,0
BRDA:220,38,0,0
BRDA:220,38,1,0
BRDA:226,39,0,0
BRDA:226,39,1,0
BRDA:263,40,0,0
BRDA:263,40,1,6
BRDA:263,41,0,6
BRDA:263,41,1,6
BRDA:282,42,0,6
BRDA:282,42,1,0
BRDA:284,43,0,6
BRDA:284,43,1,6
BRDA:285,44,0,0
BRDA:285,44,1,6
BRDA:290,45,0,6
BRDA:290,45,1,0
BRDA:291,46,0,0
BRDA:291,46,1,6
BRDA:301,47,0,6
BRDA:301,47,1,0
BRDA:307,48,0,0
BRDA:307,48,1,0
BRDA:321,49,0,0
BRDA:321,49,1,0
BRDA:321,50,0,0
BRDA:321,50,1,0
BRDA:340,51,0,0
BRDA:340,51,1,0
BRDA:352,52,0,3
BRDA:352,52,1,6
BRDA:352,53,0,9
BRDA:352,53,1,9
BRDA:354,54,0,0
BRDA:354,54,1,6
BRDA:354,55,0,6
BRDA:354,55,1,6
BRDA:354,55,2,6
BRDA:358,56,0,0
BRDA:358,56,1,0
BRDA:366,57,0,0
BRDA:366,57,1,6
BRDA:366,58,0,6
BRDA:366,58,1,0
BRDA:376,59,0,6
BRDA:376,59,1,0
BRDA:377,60,0,0
BRDA:377,60,1,0
BRDA:378,61,0,0
BRDA:378,61,1,0
BRDA:386,62,0,6
BRDA:386,62,1,6
BRDA:386,62,2,0
BRDA:393,63,0,0
BRDA:393,63,1,0
BRDA:399,64,0,0
BRDA:399,64,1,0
BRDA:418,65,0,0
BRDA:418,65,1,12
BRDA:418,66,0,12
BRDA:418,66,1,12
BRDA:450,67,0,0
BRDA:450,67,1,0
BRDA:555,68,0,6
BRDA:555,68,1,6
BRDA:590,69,0,0
BRDA:590,69,1,6
BRDA:593,70,0,0
BRDA:593,70,1,6
BRDA:596,71,0,0
BRDA:596,71,1,6
BRDA:605,72,0,6
BRDA:605,72,1,0
BRDA:619,73,0,6
BRDA:619,73,1,0
BRDA:665,74,0,0
BRDA:665,74,1,6
BRDA:702,75,0,72
BRDA:702,75,1,0
BRDA:710,76,0,0
BRDA:710,76,1,72
BRDA:710,77,0,6
BRDA:710,77,1,66
BRDA:716,78,0,72
BRDA:716,78,1,0
BRDA:717,79,0,72
BRDA:717,79,1,6
BRDA:721,80,0,72
BRDA:721,80,1,6
BRDA:721,80,2,0
BRF:167
BRH:74
end_of_record
TN:
SF:app/(app)/(tabs)/appointments/details.tsx
FN:53,BookAppointment
FN:79,(anonymous_1)
FN:85,(anonymous_2)
FN:96,(anonymous_3)
FN:96,(anonymous_4)
FN:106,(anonymous_5)
FN:121,(anonymous_6)
FN:145,(anonymous_7)
FN:155,(anonymous_8)
FN:184,(anonymous_9)
FN:188,(anonymous_10)
FN:197,(anonymous_11)
FN:218,(anonymous_12)
FN:230,(anonymous_13)
FN:253,(anonymous_14)
FN:265,(anonymous_15)
FN:273,(anonymous_16)
FN:281,(anonymous_17)
FN:289,(anonymous_18)
FN:297,(anonymous_19)
FN:305,(anonymous_20)
FN:313,(anonymous_21)
FN:321,(anonymous_22)
FN:329,(anonymous_23)
FN:337,(anonymous_24)
FN:345,(anonymous_25)
FN:385,(anonymous_26)
FN:399,(anonymous_27)
FN:399,(anonymous_28)
FN:445,(anonymous_29)
FN:463,(anonymous_30)
FN:532,(anonymous_31)
FN:558,(anonymous_32)
FN:589,(anonymous_33)
FN:596,(anonymous_34)
FN:630,(anonymous_35)
FN:640,(anonymous_36)
FN:659,(anonymous_37)
FN:698,(anonymous_38)
FN:703,(anonymous_39)
FN:711,(anonymous_40)
FN:751,(anonymous_41)
FN:765,(anonymous_42)
FNF:43
FNH:0
FNDA:0,BookAppointment
FNDA:0,(anonymous_1)
FNDA:0,(anonymous_2)
FNDA:0,(anonymous_3)
FNDA:0,(anonymous_4)
FNDA:0,(anonymous_5)
FNDA:0,(anonymous_6)
FNDA:0,(anonymous_7)
FNDA:0,(anonymous_8)
FNDA:0,(anonymous_9)
FNDA:0,(anonymous_10)
FNDA:0,(anonymous_11)
FNDA:0,(anonymous_12)
FNDA:0,(anonymous_13)
FNDA:0,(anonymous_14)
FNDA:0,(anonymous_15)
FNDA:0,(anonymous_16)
FNDA:0,(anonymous_17)
FNDA:0,(anonymous_18)
FNDA:0,(anonymous_19)
FNDA:0,(anonymous_20)
FNDA:0,(anonymous_21)
FNDA:0,(anonymous_22)
FNDA:0,(anonymous_23)
FNDA:0,(anonymous_24)
FNDA:0,(anonymous_25)
FNDA:0,(anonymous_26)
FNDA:0,(anonymous_27)
FNDA:0,(anonymous_28)
FNDA:0,(anonymous_29)
FNDA:0,(anonymous_30)
FNDA:0,(anonymous_31)
FNDA:0,(anonymous_32)
FNDA:0,(anonymous_33)
FNDA:0,(anonymous_34)
FNDA:0,(anonymous_35)
FNDA:0,(anonymous_36)
FNDA:0,(anonymous_37)
FNDA:0,(anonymous_38)
FNDA:0,(anonymous_39)
FNDA:0,(anonymous_40)
FNDA:0,(anonymous_41)
FNDA:0,(anonymous_42)
DA:54,0
DA:56,0
DA:57,0
DA:58,0
DA:59,0
DA:60,0
DA:61,0
DA:62,0
DA:63,0
DA:66,0
DA:67,0
DA:68,0
DA:69,0
DA:72,0
DA:73,0
DA:76,0
DA:79,0
DA:82,0
DA:85,0
DA:86,0
DA:96,0
DA:97,0
DA:106,0
DA:108,0
DA:109,0
DA:110,0
DA:111,0
DA:112,0
DA:113,0
DA:114,0
DA:116,0
DA:118,0
DA:121,0
DA:122,0
DA:123,0
DA:124,0
DA:125,0
DA:126,0
DA:127,0
DA:129,0
DA:130,0
DA:131,0
DA:132,0
DA:133,0
DA:134,0
DA:136,0
DA:137,0
DA:138,0
DA:139,0
DA:145,0
DA:146,0
DA:147,0
DA:148,0
DA:149,0
DA:155,0
DA:156,0
DA:157,0
DA:158,0
DA:159,0
DA:160,0
DA:161,0
DA:162,0
DA:163,0
DA:165,0
DA:176,0
DA:177,0
DA:179,0
DA:184,0
DA:185,0
DA:188,0
DA:189,0
DA:190,0
DA:191,0
DA:192,0
DA:194,0
DA:197,0
DA:198,0
DA:206,0
DA:218,0
DA:219,0
DA:220,0
DA:221,0
DA:223,0
DA:230,0
DA:231,0
DA:233,0
DA:234,0
DA:235,0
DA:237,0
DA:238,0
DA:239,0
DA:242,0
DA:244,0
DA:246,0
DA:253,0
DA:254,0
DA:261,0
DA:266,0
DA:267,0
DA:274,0
DA:275,0
DA:282,0
DA:283,0
DA:290,0
DA:291,0
DA:298,0
DA:299,0
DA:306,0
DA:307,0
DA:314,0
DA:315,0
DA:322,0
DA:323,0
DA:330,0
DA:331,0
DA:338,0
DA:339,0
DA:346,0
DA:347,0
DA:359,0
DA:360,0
DA:368,0
DA:369,0
DA:382,0
DA:385,0
DA:386,0
DA:387,0
DA:388,0
DA:391,0
DA:392,0
DA:399,0
DA:400,0
DA:401,0
DA:402,0
DA:405,0
DA:407,0
DA:408,0
DA:409,0
DA:411,0
DA:412,0
DA:413,0
DA:414,0
DA:417,0
DA:419,0
DA:420,0
DA:421,0
DA:423,0
DA:429,0
DA:432,0
DA:434,0
DA:445,0
DA:446,0
DA:447,0
DA:448,0
DA:451,0
DA:452,0
DA:453,0
DA:457,0
DA:458,0
DA:459,0
DA:463,0
DA:464,0
DA:466,0
DA:476,0
DA:494,0
DA:535,0
DA:537,0
DA:538,0
DA:540,0
DA:541,0
DA:543,0
DA:544,0
DA:546,0
DA:549,0
DA:558,0
DA:590,0
DA:597,0
DA:598,0
DA:631,0
DA:632,0
DA:640,0
DA:659,0
DA:698,0
DA:703,0
DA:712,0
DA:751,0
DA:765,0
LF:187
LH:0
BRDA:96,0,0,0
BRDA:96,0,1,0
BRDA:109,1,0,0
BRDA:109,1,1,0
BRDA:112,2,0,0
BRDA:112,2,1,0
BRDA:113,3,0,0
BRDA:113,3,1,0
BRDA:114,4,0,0
BRDA:114,4,1,0
BRDA:116,5,0,0
BRDA:116,5,1,0
BRDA:124,6,0,0
BRDA:124,6,1,0
BRDA:125,7,0,0
BRDA:125,7,1,0
BRDA:126,8,0,0
BRDA:126,8,1,0
BRDA:127,9,0,0
BRDA:127,9,1,0
BRDA:127,10,0,0
BRDA:127,10,1,0
BRDA:127,10,2,0
BRDA:129,11,0,0
BRDA:129,11,1,0
BRDA:130,12,0,0
BRDA:130,12,1,0
BRDA:131,13,0,0
BRDA:131,13,1,0
BRDA:132,14,0,0
BRDA:132,14,1,0
BRDA:133,15,0,0
BRDA:133,15,1,0
BRDA:134,16,0,0
BRDA:134,16,1,0
BRDA:137,17,0,0
BRDA:137,17,1,0
BRDA:138,18,0,0
BRDA:138,18,1,0
BRDA:156,19,0,0
BRDA:156,19,1,0
BRDA:160,20,0,0
BRDA:160,20,1,0
BRDA:170,21,0,0
BRDA:170,21,1,0
BRDA:171,22,0,0
BRDA:171,22,1,0
BRDA:189,23,0,0
BRDA:189,23,1,0
BRDA:190,24,0,0
BRDA:190,24,1,0
BRDA:191,25,0,0
BRDA:191,25,1,0
BRDA:199,26,0,0
BRDA:199,26,1,0
BRDA:199,26,2,0
BRDA:220,27,0,0
BRDA:220,27,1,0
BRDA:231,28,0,0
BRDA:231,28,1,0
BRDA:238,29,0,0
BRDA:238,29,1,0
BRDA:359,30,0,0
BRDA:359,30,1,0
BRDA:368,31,0,0
BRDA:368,31,1,0
BRDA:399,32,0,0
BRDA:399,32,1,0
BRDA:446,33,0,0
BRDA:446,33,1,0
BRDA:451,34,0,0
BRDA:451,34,1,0
BRDA:451,35,0,0
BRDA:451,35,1,0
BRDA:457,36,0,0
BRDA:457,36,1,0
BRDA:464,37,0,0
BRDA:464,37,1,0
BRDA:481,38,0,0
BRDA:481,38,1,0
BRDA:482,39,0,0
BRDA:482,39,1,0
BRDA:484,40,0,0
BRDA:484,40,1,0
BRDA:485,41,0,0
BRDA:485,41,1,0
BRDA:486,42,0,0
BRDA:486,42,1,0
BRDA:488,43,0,0
BRDA:488,43,1,0
BRDA:489,44,0,0
BRDA:489,44,1,0
BRDA:535,45,0,0
BRDA:535,45,1,0
BRDA:535,45,2,0
BRDA:535,45,3,0
BRDA:555,46,0,0
BRDA:555,46,1,0
BRDA:562,47,0,0
BRDA:562,47,1,0
BRDA:594,48,0,0
BRDA:594,48,1,0
BRDA:597,49,0,0
BRDA:597,49,1,0
BRDA:603,50,0,0
BRDA:603,50,1,0
BRDA:625,51,0,0
BRDA:625,51,1,0
BRDA:637,52,0,0
BRDA:637,52,1,0
BRDA:637,53,0,0
BRDA:637,53,1,0
BRDA:638,54,0,0
BRDA:638,54,1,0
BRDA:640,55,0,0
BRDA:640,55,1,0
BRDA:647,56,0,0
BRDA:647,56,1,0
BRDA:647,57,0,0
BRDA:647,57,1,0
BRDA:659,58,0,0
BRDA:659,58,1,0
BRDA:681,59,0,0
BRDA:681,59,1,0
BRDA:681,60,0,0
BRDA:681,60,1,0
BRDA:684,61,0,0
BRDA:684,61,1,0
BRDA:687,62,0,0
BRDA:687,62,1,0
BRDA:687,63,0,0
BRDA:687,63,1,0
BRDA:688,64,0,0
BRDA:688,64,1,0
BRDA:688,65,0,0
BRDA:688,65,1,0
BRDA:717,66,0,0
BRDA:717,66,1,0
BRDA:725,67,0,0
BRDA:725,67,1,0
BRDA:731,68,0,0
BRDA:731,68,1,0
BRDA:732,69,0,0
BRDA:732,69,1,0
BRDA:736,70,0,0
BRDA:736,70,1,0
BRDA:736,70,2,0
BRF:147
BRH:0
end_of_record
TN:
SF:app/(app)/(tabs)/appointments/index.tsx
FN:57,AppointmentsScreen
FN:84,(anonymous_1)
FN:97,(anonymous_2)
FN:102,(anonymous_3)
FN:113,(anonymous_4)
FN:140,(anonymous_5)
FN:156,(anonymous_6)
FN:158,(anonymous_7)
FN:159,(anonymous_8)
FN:169,(anonymous_9)
FN:178,(anonymous_10)
FN:184,(anonymous_11)
FN:205,(anonymous_12)
FN:206,(anonymous_13)
FN:215,(anonymous_14)
FN:216,(anonymous_15)
FN:220,(anonymous_16)
FN:235,(anonymous_17)
FN:236,(anonymous_18)
FN:241,(anonymous_19)
FN:242,(anonymous_20)
FN:243,(anonymous_21)
FN:265,(anonymous_22)
FN:292,(anonymous_23)
FN:302,(anonymous_24)
FN:311,(anonymous_25)
FN:322,(anonymous_26)
FN:345,(anonymous_27)
FN:365,(anonymous_28)
FN:379,(anonymous_29)
FN:387,(anonymous_30)
FN:395,(anonymous_31)
FN:403,(anonymous_32)
FN:411,(anonymous_33)
FN:419,(anonymous_34)
FN:427,(anonymous_35)
FN:435,(anonymous_36)
FN:443,(anonymous_37)
FN:451,(anonymous_38)
FN:459,(anonymous_39)
FN:475,(anonymous_40)
FN:482,(anonymous_41)
FN:609,(anonymous_42)
FN:614,(anonymous_43)
FN:622,(anonymous_44)
FN:662,(anonymous_45)
FN:676,(anonymous_46)
FNF:47
FNH:12
FNDA:5,AppointmentsScreen
FNDA:1,(anonymous_1)
FNDA:2,(anonymous_2)
FNDA:0,(anonymous_3)
FNDA:3,(anonymous_4)
FNDA:0,(anonymous_5)
FNDA:6,(anonymous_6)
FNDA:0,(anonymous_7)
FNDA:0,(anonymous_8)
FNDA:0,(anonymous_9)
FNDA:0,(anonymous_10)
FNDA:0,(anonymous_11)
FNDA:15,(anonymous_12)
FNDA:75,(anonymous_13)
FNDA:0,(anonymous_14)
FNDA:0,(anonymous_15)
FNDA:0,(anonymous_16)
FNDA:0,(anonymous_17)
FNDA:0,(anonymous_18)
FNDA:0,(anonymous_19)
FNDA:0,(anonymous_20)
FNDA:0,(anonymous_21)
FNDA:0,(anonymous_22)
FNDA:3,(anonymous_23)
FNDA:3,(anonymous_24)
FNDA:3,(anonymous_25)
FNDA:0,(anonymous_26)
FNDA:0,(anonymous_27)
FNDA:0,(anonymous_28)
FNDA:0,(anonymous_29)
FNDA:0,(anonymous_30)
FNDA:0,(anonymous_31)
FNDA:0,(anonymous_32)
FNDA:0,(anonymous_33)
FNDA:0,(anonymous_34)
FNDA:0,(anonymous_35)
FNDA:0,(anonymous_36)
FNDA:0,(anonymous_37)
FNDA:0,(anonymous_38)
FNDA:0,(anonymous_39)
FNDA:0,(anonymous_40)
FNDA:0,(anonymous_41)
FNDA:0,(anonymous_42)
FNDA:0,(anonymous_43)
FNDA:36,(anonymous_44)
FNDA:0,(anonymous_45)
FNDA:2,(anonymous_46)
DA:33,1
DA:58,5
DA:60,5
DA:61,5
DA:62,5
DA:63,5
DA:64,5
DA:65,5
DA:66,5
DA:67,5
DA:68,5
DA:71,5
DA:72,5
DA:73,5
DA:74,5
DA:77,5
DA:78,5
DA:80,5
DA:83,5
DA:84,5
DA:85,1
DA:87,1
DA:89,1
DA:90,1
DA:92,5
DA:93,5
DA:94,5
DA:97,5
DA:102,5
DA:103,0
DA:104,0
DA:105,0
DA:106,0
DA:113,5
DA:114,3
DA:116,0
DA:117,0
DA:118,0
DA:119,0
DA:120,0
DA:121,0
DA:130,0
DA:132,0
DA:133,0
DA:135,3
DA:136,3
DA:137,3
DA:138,3
DA:140,3
DA:141,0
DA:142,0
DA:148,3
DA:152,3
DA:153,3
DA:156,3
DA:157,6
DA:158,0
DA:159,0
DA:161,3
DA:166,3
DA:167,3
DA:168,0
DA:170,0
DA:171,0
DA:172,0
DA:174,0
DA:178,0
DA:179,0
DA:184,3
DA:185,0
DA:186,0
DA:187,0
DA:188,0
DA:189,0
DA:190,0
DA:196,3
DA:205,3
DA:206,75
DA:207,15
DA:209,3
DA:210,3
DA:211,3
DA:212,3
DA:213,3
DA:215,3
DA:216,0
DA:217,0
DA:218,0
DA:219,0
DA:220,0
DA:221,0
DA:222,0
DA:223,0
DA:224,0
DA:225,0
DA:226,0
DA:227,0
DA:228,0
DA:229,0
DA:230,0
DA:231,0
DA:234,3
DA:235,0
DA:236,0
DA:238,3
DA:241,3
DA:242,0
DA:243,0
DA:244,0
DA:245,0
DA:247,0
DA:248,0
DA:249,0
DA:250,0
DA:251,0
DA:252,0
DA:253,0
DA:254,0
DA:255,0
DA:256,0
DA:257,0
DA:258,0
DA:260,0
DA:263,3
DA:265,0
DA:266,3
DA:269,3
DA:270,3
DA:271,0
DA:279,0
DA:281,3
DA:284,0
DA:285,0
DA:287,3
DA:292,5
DA:293,3
DA:294,0
DA:295,0
DA:297,3
DA:298,3
DA:302,5
DA:303,3
DA:304,0
DA:305,0
DA:306,0
DA:308,0
DA:311,5
DA:312,3
DA:322,5
DA:323,0
DA:325,0
DA:326,0
DA:327,0
DA:329,0
DA:330,0
DA:331,0
DA:334,0
DA:336,0
DA:338,0
DA:345,5
DA:346,0
DA:353,5
DA:365,5
DA:366,0
DA:367,0
DA:368,0
DA:370,0
DA:375,5
DA:380,0
DA:381,0
DA:388,0
DA:389,0
DA:396,0
DA:397,0
DA:404,0
DA:405,0
DA:412,0
DA:413,0
DA:420,0
DA:421,0
DA:428,0
DA:429,0
DA:436,0
DA:437,0
DA:444,0
DA:445,0
DA:452,0
DA:453,0
DA:460,0
DA:461,0
DA:475,5
DA:476,0
DA:482,5
DA:483,0
DA:487,5
DA:488,2
DA:495,3
DA:609,0
DA:614,0
DA:623,36
DA:662,0
DA:676,2
LF:202
LH:84
BRDA:57,0,0,5
BRDA:57,1,0,5
BRDA:57,2,0,5
BRDA:85,3,0,1
BRDA:85,3,1,1
BRDA:87,4,0,0
BRDA:87,4,1,1
BRDA:89,5,0,0
BRDA:89,5,1,1
BRDA:89,6,0,1
BRDA:89,6,1,0
BRDA:93,7,0,0
BRDA:93,7,1,5
BRDA:94,8,0,0
BRDA:94,8,1,5
BRDA:114,9,0,0
BRDA:114,9,1,3
BRDA:116,10,0,0
BRDA:116,10,1,0
BRDA:117,11,0,0
BRDA:117,11,1,0
BRDA:120,12,0,0
BRDA:120,12,1,0
BRDA:123,13,0,0
BRDA:123,13,1,0
BRDA:124,14,0,0
BRDA:124,14,1,0
BRDA:125,15,0,0
BRDA:125,15,1,0
BRDA:126,16,0,0
BRDA:126,16,1,0
BRDA:135,17,0,0
BRDA:135,17,1,3
BRDA:141,18,0,0
BRDA:141,18,1,0
BRDA:142,19,0,0
BRDA:142,19,1,0
BRDA:152,20,0,0
BRDA:152,20,1,3
BRDA:153,21,0,0
BRDA:153,21,1,3
BRDA:157,22,0,6
BRDA:157,22,1,0
BRDA:158,23,0,0
BRDA:158,23,1,0
BRDA:167,24,0,0
BRDA:167,24,1,3
BRDA:179,25,0,0
BRDA:179,25,1,0
BRDA:186,26,0,0
BRDA:186,26,1,0
BRDA:187,27,0,0
BRDA:187,27,1,0
BRDA:188,28,0,0
BRDA:188,28,1,0
BRDA:207,29,0,15
BRDA:207,29,1,0
BRDA:217,30,0,0
BRDA:217,30,1,0
BRDA:218,31,0,0
BRDA:218,31,1,0
BRDA:219,32,0,0
BRDA:219,32,1,0
BRDA:220,33,0,0
BRDA:220,33,1,0
BRDA:221,34,0,0
BRDA:221,34,1,0
BRDA:222,35,0,0
BRDA:222,35,1,0
BRDA:223,36,0,0
BRDA:223,36,1,0
BRDA:224,37,0,0
BRDA:224,37,1,0
BRDA:225,38,0,0
BRDA:225,38,1,0
BRDA:226,39,0,0
BRDA:226,39,1,0
BRDA:227,40,0,0
BRDA:227,40,1,0
BRDA:228,41,0,0
BRDA:228,41,1,0
BRDA:229,42,0,0
BRDA:229,42,1,0
BRDA:230,43,0,0
BRDA:230,43,1,0
BRDA:242,44,0,0
BRDA:242,44,1,0
BRDA:243,45,0,0
BRDA:243,45,1,0
BRDA:244,46,0,0
BRDA:244,46,1,0
BRDA:245,47,0,0
BRDA:245,47,1,0
BRDA:247,48,0,0
BRDA:247,48,1,0
BRDA:247,49,0,0
BRDA:247,49,1,0
BRDA:247,49,2,0
BRDA:250,50,0,0
BRDA:250,50,1,0
BRDA:251,51,0,0
BRDA:251,51,1,0
BRDA:252,52,0,0
BRDA:252,52,1,0
BRDA:253,53,0,0
BRDA:253,53,1,0
BRDA:254,54,0,0
BRDA:254,54,1,0
BRDA:255,55,0,0
BRDA:255,55,1,0
BRDA:256,56,0,0
BRDA:256,56,1,0
BRDA:257,57,0,0
BRDA:257,57,1,0
BRDA:270,58,0,0
BRDA:270,58,1,3
BRDA:273,59,0,0
BRDA:273,59,1,0
BRDA:273,59,2,0
BRDA:275,60,0,0
BRDA:275,60,1,0
BRDA:276,61,0,0
BRDA:276,61,1,0
BRDA:293,62,0,0
BRDA:293,62,1,3
BRDA:297,63,0,3
BRDA:297,63,1,0
BRDA:303,64,0,3
BRDA:303,64,1,0
BRDA:304,65,0,0
BRDA:304,65,1,0
BRDA:305,66,0,0
BRDA:305,66,1,0
BRDA:313,67,0,3
BRDA:313,67,1,3
BRDA:313,67,2,0
BRDA:323,68,0,0
BRDA:323,68,1,0
BRDA:330,69,0,0
BRDA:330,69,1,0
BRDA:367,70,0,0
BRDA:367,70,1,0
BRDA:487,71,0,2
BRDA:487,71,1,3
BRDA:513,72,0,0
BRDA:513,72,1,3
BRDA:518,73,0,0
BRDA:518,73,1,3
BRDA:535,74,0,0
BRDA:535,74,1,3
BRDA:545,75,0,0
BRDA:545,75,1,3
BRDA:550,76,0,0
BRDA:550,76,1,0
BRDA:584,77,0,3
BRDA:584,77,1,0
BRDA:585,78,0,0
BRDA:585,78,1,3
BRDA:586,79,0,0
BRDA:586,79,1,3
BRDA:628,80,0,36
BRDA:628,80,1,0
BRDA:636,81,0,0
BRDA:636,81,1,36
BRDA:642,82,0,36
BRDA:642,82,1,0
BRDA:643,83,0,36
BRDA:643,83,1,3
BRDA:647,84,0,36
BRDA:647,84,1,3
BRDA:647,84,2,0
BRF:171
BRH:39
end_of_record
TN:
SF:app/(app)/(tabs)/appointments/[id]/appointment-detail.tsx
FN:57,AppointmentList
FN:85,(anonymous_1)
FN:93,(anonymous_2)
FN:100,(anonymous_3)
FN:149,(anonymous_4)
FN:162,(anonymous_5)
FN:201,(anonymous_6)
FN:209,(anonymous_7)
FN:227,(anonymous_8)
FN:274,(anonymous_9)
FN:288,(anonymous_10)
FN:296,(anonymous_11)
FN:313,(anonymous_12)
FN:335,(anonymous_13)
FN:343,(anonymous_14)
FN:348,(anonymous_15)
FN:367,(anonymous_16)
FN:395,(anonymous_17)
FN:408,(anonymous_18)
FN:421,(anonymous_19)
FN:434,(anonymous_20)
FN:442,(anonymous_21)
FN:450,(anonymous_22)
FN:458,(anonymous_23)
FN:466,(anonymous_24)
FN:474,(anonymous_25)
FN:482,(anonymous_26)
FN:490,(anonymous_27)
FN:498,(anonymous_28)
FN:506,(anonymous_29)
FN:514,(anonymous_30)
FN:647,(anonymous_31)
FN:656,(anonymous_32)
FN:696,(anonymous_33)
FN:700,(anonymous_34)
FN:715,(anonymous_35)
FN:743,(anonymous_36)
FN:748,(anonymous_37)
FN:756,(anonymous_38)
FN:794,(anonymous_39)
FN:808,(anonymous_40)
FNF:41
FNH:0
FNDA:0,AppointmentList
FNDA:0,(anonymous_1)
FNDA:0,(anonymous_2)
FNDA:0,(anonymous_3)
FNDA:0,(anonymous_4)
FNDA:0,(anonymous_5)
FNDA:0,(anonymous_6)
FNDA:0,(anonymous_7)
FNDA:0,(anonymous_8)
FNDA:0,(anonymous_9)
FNDA:0,(anonymous_10)
FNDA:0,(anonymous_11)
FNDA:0,(anonymous_12)
FNDA:0,(anonymous_13)
FNDA:0,(anonymous_14)
FNDA:0,(anonymous_15)
FNDA:0,(anonymous_16)
FNDA:0,(anonymous_17)
FNDA:0,(anonymous_18)
FNDA:0,(anonymous_19)
FNDA:0,(anonymous_20)
FNDA:0,(anonymous_21)
FNDA:0,(anonymous_22)
FNDA:0,(anonymous_23)
FNDA:0,(anonymous_24)
FNDA:0,(anonymous_25)
FNDA:0,(anonymous_26)
FNDA:0,(anonymous_27)
FNDA:0,(anonymous_28)
FNDA:0,(anonymous_29)
FNDA:0,(anonymous_30)
FNDA:0,(anonymous_31)
FNDA:0,(anonymous_32)
FNDA:0,(anonymous_33)
FNDA:0,(anonymous_34)
FNDA:0,(anonymous_35)
FNDA:0,(anonymous_36)
FNDA:0,(anonymous_37)
FNDA:0,(anonymous_38)
FNDA:0,(anonymous_39)
FNDA:0,(anonymous_40)
DA:58,0
DA:61,0
DA:62,0
DA:63,0
DA:64,0
DA:65,0
DA:66,0
DA:67,0
DA:68,0
DA:69,0
DA:73,0
DA:74,0
DA:75,0
DA:76,0
DA:79,0
DA:80,0
DA:82,0
DA:85,0
DA:93,0
DA:94,0
DA:95,0
DA:96,0
DA:97,0
DA:100,0
DA:101,0
DA:102,0
DA:103,0
DA:104,0
DA:105,0
DA:106,0
DA:107,0
DA:108,0
DA:109,0
DA:112,0
DA:113,0
DA:114,0
DA:115,0
DA:116,0
DA:122,0
DA:123,0
DA:126,0
DA:140,0
DA:141,0
DA:142,0
DA:144,0
DA:149,0
DA:150,0
DA:151,0
DA:162,0
DA:163,0
DA:165,0
DA:166,0
DA:167,0
DA:170,0
DA:171,0
DA:174,0
DA:177,0
DA:178,0
DA:181,0
DA:182,0
DA:183,0
DA:187,0
DA:188,0
DA:191,0
DA:192,0
DA:194,0
DA:201,0
DA:202,0
DA:209,0
DA:224,0
DA:227,0
DA:228,0
DA:230,0
DA:231,0
DA:232,0
DA:233,0
DA:235,0
DA:245,0
DA:247,0
DA:248,0
DA:249,0
DA:250,0
DA:252,0
DA:253,0
DA:254,0
DA:255,0
DA:257,0
DA:259,0
DA:274,0
DA:276,0
DA:288,0
DA:289,0
DA:296,0
DA:297,0
DA:300,0
DA:302,0
DA:304,0
DA:305,0
DA:306,0
DA:307,0
DA:308,0
DA:312,0
DA:313,0
DA:315,0
DA:316,0
DA:317,0
DA:318,0
DA:321,0
DA:323,0
DA:324,0
DA:325,0
DA:327,0
DA:335,0
DA:336,0
DA:337,0
DA:338,0
DA:341,0
DA:343,0
DA:344,0
DA:345,0
DA:346,0
DA:347,0
DA:348,0
DA:353,0
DA:354,0
DA:362,0
DA:363,0
DA:367,0
DA:383,0
DA:395,0
DA:396,0
DA:397,0
DA:398,0
DA:400,0
DA:408,0
DA:409,0
DA:410,0
DA:411,0
DA:412,0
DA:414,0
DA:421,0
DA:422,0
DA:430,0
DA:435,0
DA:436,0
DA:443,0
DA:444,0
DA:451,0
DA:452,0
DA:459,0
DA:460,0
DA:467,0
DA:468,0
DA:475,0
DA:476,0
DA:483,0
DA:484,0
DA:491,0
DA:492,0
DA:499,0
DA:500,0
DA:507,0
DA:508,0
DA:515,0
DA:516,0
DA:528,0
DA:529,0
DA:542,0
DA:647,0
DA:656,0
DA:696,0
DA:700,0
DA:715,0
DA:743,0
DA:748,0
DA:757,0
DA:794,0
DA:808,0
LF:178
LH:0
BRDA:101,0,0,0
BRDA:101,0,1,0
BRDA:106,1,0,0
BRDA:106,1,1,0
BRDA:112,2,0,0
BRDA:112,2,1,0
BRDA:113,3,0,0
BRDA:113,3,1,0
BRDA:113,4,0,0
BRDA:113,4,1,0
BRDA:116,5,0,0
BRDA:116,5,1,0
BRDA:128,6,0,0
BRDA:128,6,1,0
BRDA:132,7,0,0
BRDA:132,7,1,0
BRDA:133,8,0,0
BRDA:133,8,1,0
BRDA:150,9,0,0
BRDA:150,9,1,0
BRDA:150,10,0,0
BRDA:150,10,1,0
BRDA:165,11,0,0
BRDA:165,11,1,0
BRDA:181,12,0,0
BRDA:181,12,1,0
BRDA:228,13,0,0
BRDA:228,13,1,0
BRDA:230,14,0,0
BRDA:230,14,1,0
BRDA:232,15,0,0
BRDA:232,15,1,0
BRDA:242,16,0,0
BRDA:242,16,1,0
BRDA:250,17,0,0
BRDA:250,17,1,0
BRDA:266,18,0,0
BRDA:266,18,1,0
BRDA:297,19,0,0
BRDA:297,19,1,0
BRDA:318,20,0,0
BRDA:318,20,1,0
BRDA:336,21,0,0
BRDA:336,21,1,0
BRDA:353,22,0,0
BRDA:353,22,1,0
BRDA:362,23,0,0
BRDA:362,23,1,0
BRDA:397,24,0,0
BRDA:397,24,1,0
BRDA:409,25,0,0
BRDA:409,25,1,0
BRDA:410,26,0,0
BRDA:410,26,1,0
BRDA:411,27,0,0
BRDA:411,27,1,0
BRDA:423,28,0,0
BRDA:423,28,1,0
BRDA:423,28,2,0
BRDA:528,29,0,0
BRDA:528,29,1,0
BRDA:528,30,0,0
BRDA:528,30,1,0
BRDA:556,31,0,0
BRDA:556,31,1,0
BRDA:569,32,0,0
BRDA:569,32,1,0
BRDA:609,33,0,0
BRDA:609,33,1,0
BRDA:609,34,0,0
BRDA:609,34,1,0
BRDA:610,35,0,0
BRDA:610,35,1,0
BRDA:619,36,0,0
BRDA:619,36,1,0
BRDA:619,36,2,0
BRDA:642,37,0,0
BRDA:642,37,1,0
BRDA:652,38,0,0
BRDA:652,38,1,0
BRDA:762,39,0,0
BRDA:762,39,1,0
BRDA:770,40,0,0
BRDA:770,40,1,0
BRDA:775,41,0,0
BRDA:775,41,1,0
BRDA:776,42,0,0
BRDA:776,42,1,0
BRDA:779,43,0,0
BRDA:779,43,1,0
BRDA:779,43,2,0
BRF:91
BRH:0
end_of_record
TN:
SF:app/(app)/(tabs)/community-forum/edit.tsx
FN:99,EditPostScreen
FN:139,(anonymous_1)
FN:144,(anonymous_2)
FN:153,(anonymous_3)
FN:161,(anonymous_4)
FN:170,(anonymous_5)
FN:173,(anonymous_6)
FN:180,(anonymous_7)
FN:200,(anonymous_8)
FN:224,(anonymous_9)
FN:225,(anonymous_10)
FN:231,(anonymous_11)
FN:239,(anonymous_12)
FN:279,(anonymous_13)
FN:283,(anonymous_14)
FN:289,(anonymous_15)
FN:304,(anonymous_16)
FN:326,(anonymous_17)
FN:327,fetchPost
FN:372,(anonymous_19)
FN:376,(anonymous_20)
FN:409,(anonymous_21)
FN:413,(anonymous_22)
FN:420,(anonymous_23)
FN:443,(anonymous_24)
FN:457,(anonymous_25)
FN:497,(anonymous_26)
FN:507,(anonymous_27)
FN:510,(anonymous_28)
FN:528,(anonymous_29)
FNF:30
FNH:0
FNDA:0,EditPostScreen
FNDA:0,(anonymous_1)
FNDA:0,(anonymous_2)
FNDA:0,(anonymous_3)
FNDA:0,(anonymous_4)
FNDA:0,(anonymous_5)
FNDA:0,(anonymous_6)
FNDA:0,(anonymous_7)
FNDA:0,(anonymous_8)
FNDA:0,(anonymous_9)
FNDA:0,(anonymous_10)
FNDA:0,(anonymous_11)
FNDA:0,(anonymous_12)
FNDA:0,(anonymous_13)
FNDA:0,(anonymous_14)
FNDA:0,(anonymous_15)
FNDA:0,(anonymous_16)
FNDA:0,(anonymous_17)
FNDA:0,fetchPost
FNDA:0,(anonymous_19)
FNDA:0,(anonymous_20)
FNDA:0,(anonymous_21)
FNDA:0,(anonymous_22)
FNDA:0,(anonymous_23)
FNDA:0,(anonymous_24)
FNDA:0,(anonymous_25)
FNDA:0,(anonymous_26)
FNDA:0,(anonymous_27)
FNDA:0,(anonymous_28)
FNDA:0,(anonymous_29)
DA:68,0
DA:81,0
DA:100,0
DA:108,0
DA:110,0
DA:111,0
DA:114,0
DA:115,0
DA:116,0
DA:117,0
DA:118,0
DA:120,0
DA:125,0
DA:126,0
DA:127,0
DA:128,0
DA:129,0
DA:130,0
DA:131,0
DA:132,0
DA:133,0
DA:136,0
DA:139,0
DA:144,0
DA:145,0
DA:146,0
DA:147,0
DA:153,0
DA:154,0
DA:155,0
DA:161,0
DA:162,0
DA:164,0
DA:170,0
DA:171,0
DA:172,0
DA:173,0
DA:174,0
DA:180,0
DA:181,0
DA:183,0
DA:184,0
DA:185,0
DA:186,0
DA:190,0
DA:197,0
DA:199,0
DA:201,0
DA:209,0
DA:213,0
DA:216,0
DA:217,0
DA:224,0
DA:225,0
DA:231,0
DA:232,0
DA:239,0
DA:241,0
DA:242,0
DA:243,0
DA:247,0
DA:248,0
DA:249,0
DA:252,0
DA:253,0
DA:256,0
DA:266,0
DA:268,0
DA:269,0
DA:271,0
DA:279,0
DA:280,0
DA:284,0
DA:286,0
DA:287,0
DA:289,0
DA:290,0
DA:293,0
DA:294,0
DA:304,0
DA:305,0
DA:306,0
DA:307,0
DA:309,0
DA:314,0
DA:323,0
DA:324,0
DA:326,0
DA:328,0
DA:329,0
DA:330,0
DA:331,0
DA:332,0
DA:333,0
DA:334,0
DA:335,0
DA:336,0
DA:337,0
DA:340,0
DA:342,0
DA:345,0
DA:349,0
DA:373,0
DA:376,0
DA:409,0
DA:414,0
DA:420,0
DA:444,0
DA:457,0
DA:497,0
DA:507,0
DA:511,0
DA:512,0
DA:513,0
DA:528,0
LF:115
LH:0
BRDA:114,0,0,0
BRDA:114,0,1,0
BRDA:115,1,0,0
BRDA:115,1,1,0
BRDA:116,2,0,0
BRDA:116,2,1,0
BRDA:184,3,0,0
BRDA:184,3,1,0
BRDA:197,4,0,0
BRDA:197,4,1,0
BRDA:197,5,0,0
BRDA:197,5,1,0
BRDA:232,6,0,0
BRDA:232,6,1,0
BRDA:241,7,0,0
BRDA:241,7,1,0
BRDA:241,8,0,0
BRDA:241,8,1,0
BRDA:247,9,0,0
BRDA:247,9,1,0
BRDA:260,10,0,0
BRDA:260,10,1,0
BRDA:306,11,0,0
BRDA:306,11,1,0
BRDA:328,12,0,0
BRDA:328,12,1,0
BRDA:332,13,0,0
BRDA:332,13,1,0
BRDA:333,14,0,0
BRDA:333,14,1,0
BRDA:334,15,0,0
BRDA:334,15,1,0
BRDA:335,16,0,0
BRDA:335,16,1,0
BRDA:336,17,0,0
BRDA:336,17,1,0
BRDA:337,18,0,0
BRDA:337,18,1,0
BRDA:356,19,0,0
BRDA:356,19,1,0
BRDA:375,20,0,0
BRDA:375,20,1,0
BRDA:378,21,0,0
BRDA:378,21,1,0
BRDA:407,22,0,0
BRDA:407,22,1,0
BRDA:418,23,0,0
BRDA:418,23,1,0
BRDA:432,24,0,0
BRDA:432,24,1,0
BRDA:440,25,0,0
BRDA:440,25,1,0
BRDA:448,26,0,0
BRDA:448,26,1,0
BRDA:449,27,0,0
BRDA:449,27,1,0
BRDA:450,28,0,0
BRDA:450,28,1,0
BRDA:475,29,0,0
BRDA:475,29,1,0
BRDA:512,30,0,0
BRDA:512,30,1,0
BRF:62
BRH:0
end_of_record
TN:
SF:app/(app)/(tabs)/community-forum/index.tsx
FN:56,(anonymous_0)
FN:59,(anonymous_1)
FN:60,(anonymous_2)
FN:64,(anonymous_3)
FN:85,(anonymous_4)
FN:86,(anonymous_5)
FN:100,useCommunityMainScreenState
FN:183,CommunityMainScreen
FN:244,(anonymous_8)
FN:259,(anonymous_9)
FN:265,(anonymous_10)
FN:272,(anonymous_11)
FN:277,(anonymous_12)
FN:284,(anonymous_13)
FN:287,(anonymous_14)
FN:291,(anonymous_15)
FN:299,(anonymous_16)
FN:312,(anonymous_17)
FN:337,(anonymous_18)
FN:367,(anonymous_19)
FN:390,(anonymous_20)
FN:411,(anonymous_21)
FN:436,(anonymous_22)
FN:469,(anonymous_23)
FN:483,(anonymous_24)
FN:511,(anonymous_25)
FN:521,(anonymous_26)
FN:533,(anonymous_27)
FN:541,(anonymous_28)
FN:552,(anonymous_29)
FN:553,(anonymous_30)
FN:565,(anonymous_31)
FN:573,(anonymous_32)
FN:593,(anonymous_33)
FN:619,(anonymous_34)
FN:632,(anonymous_35)
FN:663,(anonymous_36)
FN:697,(anonymous_37)
FN:698,(anonymous_38)
FN:716,(anonymous_39)
FN:738,(anonymous_40)
FN:739,(anonymous_41)
FN:747,(anonymous_42)
FN:747,(anonymous_43)
FN:749,(anonymous_44)
FN:749,(anonymous_45)
FN:763,(anonymous_46)
FN:775,(anonymous_47)
FN:787,(anonymous_48)
FN:808,(anonymous_49)
FN:809,(anonymous_50)
FN:815,(anonymous_51)
FN:824,(anonymous_52)
FN:836,(anonymous_53)
FN:841,(anonymous_54)
FN:849,(anonymous_55)
FN:859,(anonymous_56)
FN:870,(anonymous_57)
FN:882,(anonymous_58)
FN:884,(anonymous_59)
FN:890,(anonymous_60)
FN:894,(anonymous_61)
FN:902,(anonymous_62)
FN:910,(anonymous_63)
FN:918,(anonymous_64)
FN:926,(anonymous_65)
FN:934,(anonymous_66)
FN:942,(anonymous_67)
FN:950,(anonymous_68)
FN:958,(anonymous_69)
FN:966,(anonymous_70)
FN:974,(anonymous_71)
FN:991,(anonymous_72)
FN:994,(anonymous_73)
FN:1019,(anonymous_74)
FN:1027,(anonymous_75)
FN:1048,(anonymous_76)
FN:1071,(anonymous_77)
FN:1101,(anonymous_78)
FN:1116,(anonymous_79)
FN:1138,(anonymous_80)
FN:1185,(anonymous_81)
FN:1186,(anonymous_82)
FN:1209,(anonymous_83)
FN:1216,(anonymous_84)
FN:1241,(anonymous_85)
FN:1257,(anonymous_86)
FN:1261,(anonymous_87)
FN:1268,(anonymous_88)
FN:1322,(anonymous_89)
FN:1371,(anonymous_90)
FN:1381,(anonymous_91)
FN:1391,(anonymous_92)
FN:1394,(anonymous_93)
FN:1410,(anonymous_94)
FNF:95
FNH:28
FNDA:0,(anonymous_0)
FNDA:0,(anonymous_1)
FNDA:0,(anonymous_2)
FNDA:0,(anonymous_3)
FNDA:0,(anonymous_4)
FNDA:0,(anonymous_5)
FNDA:52,useCommunityMainScreenState
FNDA:52,CommunityMainScreen
FNDA:16,(anonymous_8)
FNDA:0,(anonymous_9)
FNDA:0,(anonymous_10)
FNDA:0,(anonymous_11)
FNDA:0,(anonymous_12)
FNDA:0,(anonymous_13)
FNDA:0,(anonymous_14)
FNDA:0,(anonymous_15)
FNDA:8,(anonymous_16)
FNDA:56,(anonymous_17)
FNDA:0,(anonymous_18)
FNDA:0,(anonymous_19)
FNDA:0,(anonymous_20)
FNDA:7,(anonymous_21)
FNDA:0,(anonymous_22)
FNDA:8,(anonymous_23)
FNDA:8,(anonymous_24)
FNDA:8,(anonymous_25)
FNDA:11,(anonymous_26)
FNDA:8,(anonymous_27)
FNDA:8,(anonymous_28)
FNDA:8,(anonymous_29)
FNDA:0,(anonymous_30)
FNDA:8,(anonymous_31)
FNDA:52,(anonymous_32)
FNDA:0,(anonymous_33)
FNDA:0,(anonymous_34)
FNDA:0,(anonymous_35)
FNDA:0,(anonymous_36)
FNDA:0,(anonymous_37)
FNDA:0,(anonymous_38)
FNDA:0,(anonymous_39)
FNDA:0,(anonymous_40)
FNDA:0,(anonymous_41)
FNDA:0,(anonymous_42)
FNDA:0,(anonymous_43)
FNDA:0,(anonymous_44)
FNDA:0,(anonymous_45)
FNDA:104,(anonymous_46)
FNDA:52,(anonymous_47)
FNDA:0,(anonymous_48)
FNDA:0,(anonymous_49)
FNDA:0,(anonymous_50)
FNDA:52,(anonymous_51)
FNDA:0,(anonymous_52)
FNDA:0,(anonymous_53)
FNDA:0,(anonymous_54)
FNDA:0,(anonymous_55)
FNDA:8,(anonymous_56)
FNDA:0,(anonymous_57)
FNDA:0,(anonymous_58)
FNDA:0,(anonymous_59)
FNDA:8,(anonymous_60)
FNDA:0,(anonymous_61)
FNDA:0,(anonymous_62)
FNDA:0,(anonymous_63)
FNDA:0,(anonymous_64)
FNDA:0,(anonymous_65)
FNDA:0,(anonymous_66)
FNDA:0,(anonymous_67)
FNDA:0,(anonymous_68)
FNDA:0,(anonymous_69)
FNDA:0,(anonymous_70)
FNDA:0,(anonymous_71)
FNDA:25,(anonymous_72)
FNDA:0,(anonymous_73)
FNDA:0,(anonymous_74)
FNDA:1,(anonymous_75)
FNDA:0,(anonymous_76)
FNDA:1,(anonymous_77)
FNDA:506,(anonymous_78)
FNDA:2,(anonymous_79)
FNDA:81,(anonymous_80)
FNDA:0,(anonymous_81)
FNDA:0,(anonymous_82)
FNDA:0,(anonymous_83)
FNDA:0,(anonymous_84)
FNDA:0,(anonymous_85)
FNDA:0,(anonymous_86)
FNDA:0,(anonymous_87)
FNDA:0,(anonymous_88)
FNDA:624,(anonymous_89)
FNDA:0,(anonymous_90)
FNDA:0,(anonymous_91)
FNDA:0,(anonymous_92)
FNDA:0,(anonymous_93)
FNDA:16,(anonymous_94)
DA:37,1
DA:38,1
DA:41,1
DA:56,1
DA:57,0
DA:58,0
DA:59,0
DA:60,0
DA:64,1
DA:65,0
DA:66,0
DA:67,0
DA:68,0
DA:69,0
DA:70,0
DA:71,0
DA:72,0
DA:73,0
DA:74,0
DA:75,0
DA:76,0
DA:77,0
DA:78,0
DA:79,0
DA:80,0
DA:81,0
DA:85,1
DA:86,0
DA:87,0
DA:88,0
DA:92,0
DA:102,52
DA:103,52
DA:104,52
DA:107,52
DA:108,52
DA:109,52
DA:110,52
DA:113,52
DA:114,52
DA:115,52
DA:116,52
DA:117,52
DA:120,52
DA:123,52
DA:124,52
DA:125,52
DA:126,52
DA:127,52
DA:128,52
DA:129,52
DA:130,52
DA:131,52
DA:133,52
DA:184,52
DA:185,52
DA:188,52
DA:189,52
DA:192,52
DA:238,52
DA:241,52
DA:244,52
DA:245,52
DA:248,52
DA:249,52
DA:250,52
DA:253,52
DA:254,52
DA:259,52
DA:260,0
DA:261,0
DA:262,0
DA:265,52
DA:266,0
DA:272,52
DA:273,0
DA:274,0
DA:277,52
DA:278,0
DA:284,52
DA:285,0
DA:286,0
DA:287,0
DA:288,0
DA:291,52
DA:292,0
DA:299,52
DA:300,8
DA:301,8
DA:302,8
DA:304,0
DA:312,52
DA:314,56
DA:315,34
DA:316,34
DA:319,22
DA:320,22
DA:321,22
DA:324,22
DA:325,0
DA:326,0
DA:327,0
DA:328,0
DA:329,0
DA:330,0
DA:333,0
DA:334,0
DA:337,0
DA:353,0
DA:354,0
DA:355,0
DA:356,0
DA:357,0
DA:361,22
DA:362,22
DA:363,22
DA:367,22
DA:383,22
DA:384,22
DA:387,22
DA:388,22
DA:389,22
DA:390,0
DA:392,22
DA:395,0
DA:396,0
DA:397,0
DA:399,22
DA:400,22
DA:401,22
DA:411,52
DA:413,7
DA:414,4
DA:415,4
DA:418,3
DA:419,0
DA:420,0
DA:421,0
DA:422,0
DA:425,3
DA:426,3
DA:427,3
DA:429,3
DA:430,3
DA:436,3
DA:452,3
DA:453,3
DA:455,0
DA:456,0
DA:458,3
DA:459,3
DA:460,3
DA:469,52
DA:470,8
DA:471,8
DA:473,0
DA:475,0
DA:476,0
DA:483,52
DA:484,8
DA:486,8
DA:487,0
DA:488,0
DA:490,0
DA:491,0
DA:495,8
DA:496,8
DA:497,0
DA:498,0
DA:500,8
DA:503,0
DA:511,52
DA:512,8
DA:521,52
DA:522,11
DA:523,10
DA:524,1
DA:525,1
DA:533,52
DA:534,8
DA:541,52
DA:542,8
DA:543,0
DA:544,0
DA:545,0
DA:552,52
DA:553,8
DA:554,0
DA:555,0
DA:557,0
DA:558,0
DA:560,0
DA:562,0
DA:565,8
DA:566,8
DA:571,52
DA:572,52
DA:575,52
DA:576,8
DA:577,8
DA:580,44
DA:581,38
DA:583,6
DA:593,52
DA:594,0
DA:597,0
DA:598,0
DA:599,0
DA:603,0
DA:604,0
DA:608,0
DA:609,0
DA:612,0
DA:619,52
DA:620,0
DA:621,0
DA:622,0
DA:624,0
DA:632,52
DA:633,0
DA:634,0
DA:635,0
DA:638,0
DA:639,0
DA:640,0
DA:646,0
DA:647,0
DA:649,0
DA:652,0
DA:654,0
DA:655,0
DA:663,52
DA:664,0
DA:665,0
DA:666,0
DA:669,0
DA:670,0
DA:671,0
DA:674,0
DA:675,0
DA:676,0
DA:678,0
DA:680,0
DA:682,0
DA:685,0
DA:686,0
DA:689,0
DA:690,0
DA:697,52
DA:698,0
DA:699,0
DA:700,0
DA:716,52
DA:717,0
DA:719,0
DA:720,0
DA:721,0
DA:725,0
DA:726,0
DA:727,0
DA:729,0
DA:730,0
DA:738,52
DA:739,0
DA:740,0
DA:741,0
DA:742,0
DA:743,0
DA:746,0
DA:747,0
DA:749,0
DA:751,0
DA:753,0
DA:754,0
DA:763,52
DA:764,104
DA:765,0
DA:766,0
DA:767,0
DA:769,0
DA:775,52
DA:776,52
DA:787,52
DA:788,0
DA:790,0
DA:791,0
DA:792,0
DA:793,0
DA:794,0
DA:795,0
DA:797,0
DA:799,0
DA:801,0
DA:808,52
DA:809,0
DA:815,52
DA:816,52
DA:817,52
DA:818,52
DA:824,52
DA:825,0
DA:826,0
DA:836,52
DA:837,0
DA:842,0
DA:849,52
DA:850,0
DA:859,52
DA:870,52
DA:871,0
DA:872,0
DA:873,0
DA:875,0
DA:882,52
DA:883,0
DA:884,0
DA:890,52
DA:895,0
DA:896,0
DA:903,0
DA:904,0
DA:911,0
DA:912,0
DA:919,0
DA:920,0
DA:927,0
DA:928,0
DA:935,0
DA:936,0
DA:943,0
DA:944,0
DA:951,0
DA:952,0
DA:959,0
DA:960,0
DA:967,0
DA:968,0
DA:975,0
DA:976,0
DA:988,52
DA:991,52
DA:992,25
DA:993,0
DA:994,0
DA:995,0
DA:996,0
DA:1000,52
DA:1019,0
DA:1027,1
DA:1048,0
DA:1071,1
DA:1102,506
DA:1116,2
DA:1139,81
DA:1186,0
DA:1209,0
DA:1216,0
DA:1242,0
DA:1258,0
DA:1261,0
DA:1268,0
DA:1323,624
DA:1371,0
DA:1381,0
DA:1391,0
DA:1395,0
DA:1396,0
DA:1397,0
DA:1410,16
LF:369
LH:157
BRDA:57,0,0,0
BRDA:57,0,1,0
BRDA:69,1,0,0
BRDA:69,1,1,0
BRDA:71,2,0,0
BRDA:71,2,1,0
BRDA:73,3,0,0
BRDA:73,3,1,0
BRDA:75,4,0,0
BRDA:75,4,1,0
BRDA:77,5,0,0
BRDA:77,5,1,0
BRDA:79,6,0,0
BRDA:79,6,1,0
BRDA:87,7,0,0
BRDA:87,7,1,0
BRDA:314,8,0,34
BRDA:314,8,1,22
BRDA:324,9,0,0
BRDA:324,9,1,22
BRDA:325,10,0,0
BRDA:325,10,1,0
BRDA:337,11,0,0
BRDA:337,11,1,0
BRDA:344,12,0,0
BRDA:344,12,1,0
BRDA:345,13,0,0
BRDA:345,13,1,0
BRDA:346,14,0,0
BRDA:346,14,1,0
BRDA:348,15,0,0
BRDA:348,15,1,0
BRDA:349,16,0,0
BRDA:349,16,1,0
BRDA:350,17,0,0
BRDA:350,17,1,0
BRDA:362,18,0,22
BRDA:362,18,1,0
BRDA:362,19,0,22
BRDA:362,19,1,0
BRDA:362,19,2,0
BRDA:367,20,0,22
BRDA:367,20,1,22
BRDA:374,21,0,0
BRDA:374,21,1,0
BRDA:375,22,0,0
BRDA:375,22,1,0
BRDA:376,23,0,0
BRDA:376,23,1,0
BRDA:378,24,0,0
BRDA:378,24,1,0
BRDA:379,25,0,0
BRDA:379,25,1,0
BRDA:380,26,0,0
BRDA:380,26,1,0
BRDA:387,27,0,22
BRDA:387,27,1,0
BRDA:387,28,0,22
BRDA:387,28,1,22
BRDA:390,29,0,22
BRDA:390,29,1,22
BRDA:413,30,0,4
BRDA:413,30,1,3
BRDA:418,31,0,0
BRDA:418,31,1,3
BRDA:436,32,0,3
BRDA:436,32,1,3
BRDA:443,33,0,0
BRDA:443,33,1,0
BRDA:444,34,0,0
BRDA:444,34,1,0
BRDA:445,35,0,0
BRDA:445,35,1,0
BRDA:447,36,0,0
BRDA:447,36,1,0
BRDA:448,37,0,0
BRDA:448,37,1,0
BRDA:449,38,0,0
BRDA:449,38,1,0
BRDA:486,39,0,0
BRDA:486,39,1,8
BRDA:496,40,0,0
BRDA:496,40,1,8
BRDA:522,41,0,10
BRDA:522,41,1,1
BRDA:522,42,0,11
BRDA:522,42,1,11
BRDA:524,43,0,1
BRDA:524,43,1,0
BRDA:542,44,0,0
BRDA:542,44,1,8
BRDA:557,45,0,0
BRDA:557,45,1,0
BRDA:575,46,0,8
BRDA:575,46,1,44
BRDA:580,47,0,38
BRDA:580,47,1,6
BRDA:594,48,0,0
BRDA:594,48,1,0
BRDA:597,49,0,0
BRDA:597,49,1,0
BRDA:603,50,0,0
BRDA:603,50,1,0
BRDA:603,51,0,0
BRDA:603,51,1,0
BRDA:608,52,0,0
BRDA:608,52,1,0
BRDA:621,53,0,0
BRDA:621,53,1,0
BRDA:633,54,0,0
BRDA:633,54,1,0
BRDA:646,55,0,0
BRDA:646,55,1,0
BRDA:664,56,0,0
BRDA:664,56,1,0
BRDA:675,57,0,0
BRDA:675,57,1,0
BRDA:685,58,0,0
BRDA:685,58,1,0
BRDA:685,59,0,0
BRDA:685,59,1,0
BRDA:699,60,0,0
BRDA:699,60,1,0
BRDA:707,61,0,0
BRDA:707,61,1,0
BRDA:717,62,0,0
BRDA:717,62,1,0
BRDA:746,63,0,0
BRDA:746,63,1,0
BRDA:764,64,0,104
BRDA:764,64,1,0
BRDA:765,65,0,0
BRDA:765,65,1,0
BRDA:766,66,0,0
BRDA:766,66,1,0
BRDA:777,67,0,52
BRDA:777,67,1,0
BRDA:777,67,2,0
BRDA:788,68,0,0
BRDA:788,68,1,0
BRDA:794,69,0,0
BRDA:794,69,1,0
BRDA:816,70,0,52
BRDA:816,70,1,0
BRDA:817,71,0,52
BRDA:817,71,1,0
BRDA:818,72,0,52
BRDA:818,72,1,0
BRDA:872,73,0,0
BRDA:872,73,1,0
BRDA:883,74,0,0
BRDA:883,74,1,0
BRDA:988,75,0,46
BRDA:988,75,1,6
BRDA:992,76,0,25
BRDA:992,76,1,0
BRDA:995,77,0,0
BRDA:995,77,1,0
BRDA:995,78,0,0
BRDA:995,78,1,0
BRDA:995,79,0,0
BRDA:995,79,1,0
BRDA:1018,80,0,52
BRDA:1018,80,1,0
BRDA:1046,81,0,52
BRDA:1046,81,1,46
BRDA:1054,82,0,46
BRDA:1054,82,1,6
BRDA:1059,83,0,46
BRDA:1059,83,1,6
BRDA:1069,84,0,52
BRDA:1069,84,1,6
BRDA:1077,85,0,6
BRDA:1077,85,1,46
BRDA:1082,86,0,6
BRDA:1082,86,1,46
BRDA:1091,87,0,52
BRDA:1091,87,1,46
BRDA:1107,88,0,46
BRDA:1107,88,1,460
BRDA:1109,89,0,0
BRDA:1109,89,1,460
BRDA:1110,90,0,46
BRDA:1110,90,1,460
BRDA:1122,91,0,46
BRDA:1122,91,1,460
BRDA:1136,92,0,27
BRDA:1136,92,1,25
BRDA:1139,93,0,0
BRDA:1139,93,1,81
BRDA:1141,94,0,0
BRDA:1141,94,1,81
BRDA:1143,95,0,0
BRDA:1143,95,1,81
BRDA:1144,96,0,0
BRDA:1144,96,1,81
BRDA:1147,97,0,0
BRDA:1147,97,1,81
BRDA:1148,98,0,0
BRDA:1148,98,1,81
BRDA:1149,99,0,0
BRDA:1149,99,1,81
BRDA:1153,100,0,25
BRDA:1153,100,1,0
BRDA:1157,101,0,22
BRDA:1157,101,1,3
BRDA:1168,102,0,22
BRDA:1168,102,1,3
BRDA:1169,103,0,0
BRDA:1169,103,1,22
BRDA:1175,104,0,25
BRDA:1175,104,1,22
BRDA:1179,105,0,25
BRDA:1179,105,1,3
BRDA:1186,106,0,0
BRDA:1186,106,1,0
BRDA:1186,107,0,0
BRDA:1186,107,1,0
BRDA:1187,108,0,0
BRDA:1187,108,1,0
BRDA:1187,109,0,0
BRDA:1187,109,1,0
BRDA:1187,110,0,0
BRDA:1187,110,1,0
BRDA:1187,111,0,0
BRDA:1187,111,1,0
BRDA:1189,112,0,0
BRDA:1189,112,1,0
BRDA:1198,113,0,0
BRDA:1198,113,1,0
BRDA:1205,114,0,0
BRDA:1205,114,1,0
BRDA:1229,115,0,0
BRDA:1229,115,1,0
BRDA:1239,116,0,0
BRDA:1239,116,1,0
BRDA:1239,116,2,0
BRDA:1244,117,0,0
BRDA:1244,117,1,0
BRDA:1245,118,0,0
BRDA:1245,118,1,0
BRDA:1246,119,0,0
BRDA:1246,119,1,0
BRDA:1255,120,0,0
BRDA:1255,120,1,0
BRDA:1260,121,0,0
BRDA:1260,121,1,0
BRDA:1264,122,0,0
BRDA:1264,122,1,0
BRDA:1269,123,0,0
BRDA:1269,123,1,0
BRDA:1269,124,0,0
BRDA:1269,124,1,0
BRDA:1280,125,0,52
BRDA:1280,125,1,0
BRDA:1305,126,0,0
BRDA:1305,126,1,52
BRDA:1305,127,0,52
BRDA:1305,127,1,52
BRDA:1307,128,0,0
BRDA:1307,128,1,0
BRDA:1328,129,0,624
BRDA:1328,129,1,0
BRDA:1336,130,0,0
BRDA:1336,130,1,624
BRDA:1336,131,0,52
BRDA:1336,131,1,572
BRDA:1342,132,0,624
BRDA:1342,132,1,0
BRDA:1343,133,0,624
BRDA:1343,133,1,52
BRDA:1347,134,0,624
BRDA:1347,134,1,52
BRDA:1347,134,2,0
BRDA:1396,135,0,0
BRDA:1396,135,1,0
BRF:276
BRH:91
end_of_record
TN:
SF:app/(app)/(tabs)/community-forum/post-detail.tsx
FN:56,PostDetailScreen
FN:85,(anonymous_1)
FN:90,(anonymous_2)
FN:99,(anonymous_3)
FN:105,(anonymous_4)
FN:106,(anonymous_5)
FN:122,(anonymous_6)
FN:125,(anonymous_7)
FN:131,(anonymous_8)
FN:140,(anonymous_9)
FN:156,(anonymous_10)
FN:163,(anonymous_11)
FN:171,(anonymous_12)
FN:189,(anonymous_13)
FN:195,(anonymous_14)
FN:204,(anonymous_15)
FN:208,(anonymous_16)
FN:213,(anonymous_17)
FN:214,(anonymous_18)
FN:220,(anonymous_19)
FN:221,(anonymous_20)
FN:227,(anonymous_21)
FN:229,(anonymous_22)
FN:235,(anonymous_23)
FN:238,(anonymous_24)
FN:263,(anonymous_25)
FN:279,(anonymous_26)
FN:296,(anonymous_27)
FN:328,(anonymous_28)
FN:351,(anonymous_29)
FN:353,(anonymous_30)
FN:361,(anonymous_31)
FN:376,(anonymous_32)
FN:380,(anonymous_33)
FN:386,(anonymous_34)
FN:419,(anonymous_35)
FN:446,(anonymous_36)
FN:537,(anonymous_37)
FN:554,(anonymous_38)
FN:555,(anonymous_39)
FN:562,(anonymous_40)
FN:575,(anonymous_41)
FN:596,(anonymous_42)
FN:603,(anonymous_43)
FN:618,(anonymous_44)
FN:622,(anonymous_45)
FN:657,(anonymous_46)
FN:667,(anonymous_47)
FN:677,(anonymous_48)
FN:688,(anonymous_49)
FNF:50
FNH:0
FNDA:0,PostDetailScreen
FNDA:0,(anonymous_1)
FNDA:0,(anonymous_2)
FNDA:0,(anonymous_3)
FNDA:0,(anonymous_4)
FNDA:0,(anonymous_5)
FNDA:0,(anonymous_6)
FNDA:0,(anonymous_7)
FNDA:0,(anonymous_8)
FNDA:0,(anonymous_9)
FNDA:0,(anonymous_10)
FNDA:0,(anonymous_11)
FNDA:0,(anonymous_12)
FNDA:0,(anonymous_13)
FNDA:0,(anonymous_14)
FNDA:0,(anonymous_15)
FNDA:0,(anonymous_16)
FNDA:0,(anonymous_17)
FNDA:0,(anonymous_18)
FNDA:0,(anonymous_19)
FNDA:0,(anonymous_20)
FNDA:0,(anonymous_21)
FNDA:0,(anonymous_22)
FNDA:0,(anonymous_23)
FNDA:0,(anonymous_24)
FNDA:0,(anonymous_25)
FNDA:0,(anonymous_26)
FNDA:0,(anonymous_27)
FNDA:0,(anonymous_28)
FNDA:0,(anonymous_29)
FNDA:0,(anonymous_30)
FNDA:0,(anonymous_31)
FNDA:0,(anonymous_32)
FNDA:0,(anonymous_33)
FNDA:0,(anonymous_34)
FNDA:0,(anonymous_35)
FNDA:0,(anonymous_36)
FNDA:0,(anonymous_37)
FNDA:0,(anonymous_38)
FNDA:0,(anonymous_39)
FNDA:0,(anonymous_40)
FNDA:0,(anonymous_41)
FNDA:0,(anonymous_42)
FNDA:0,(anonymous_43)
FNDA:0,(anonymous_44)
FNDA:0,(anonymous_45)
FNDA:0,(anonymous_46)
FNDA:0,(anonymous_47)
FNDA:0,(anonymous_48)
FNDA:0,(anonymous_49)
DA:51,0
DA:57,0
DA:59,0
DA:61,0
DA:62,0
DA:65,0
DA:68,0
DA:69,0
DA:70,0
DA:71,0
DA:72,0
DA:73,0
DA:74,0
DA:75,0
DA:78,0
DA:79,0
DA:80,0
DA:81,0
DA:82,0
DA:85,0
DA:90,0
DA:91,0
DA:92,0
DA:93,0
DA:99,0
DA:100,0
DA:101,0
DA:105,0
DA:106,0
DA:107,0
DA:108,0
DA:109,0
DA:110,0
DA:111,0
DA:113,0
DA:114,0
DA:117,0
DA:121,0
DA:122,0
DA:123,0
DA:125,0
DA:126,0
DA:131,0
DA:132,0
DA:133,0
DA:134,0
DA:135,0
DA:136,0
DA:140,0
DA:141,0
DA:142,0
DA:143,0
DA:144,0
DA:145,0
DA:146,0
DA:147,0
DA:149,0
DA:156,0
DA:157,0
DA:163,0
DA:164,0
DA:165,0
DA:168,0
DA:171,0
DA:172,0
DA:174,0
DA:175,0
DA:176,0
DA:178,0
DA:191,0
DA:192,0
DA:194,0
DA:195,0
DA:196,0
DA:198,0
DA:204,0
DA:208,0
DA:210,0
DA:211,0
DA:213,0
DA:214,0
DA:215,0
DA:216,0
DA:219,0
DA:220,0
DA:222,0
DA:223,0
DA:224,0
DA:225,0
DA:227,0
DA:229,0
DA:236,0
DA:237,0
DA:238,0
DA:239,0
DA:241,0
DA:244,0
DA:247,0
DA:248,0
DA:249,0
DA:253,0
DA:254,0
DA:256,0
DA:263,0
DA:264,0
DA:266,0
DA:267,0
DA:270,0
DA:272,0
DA:279,0
DA:280,0
DA:282,0
DA:283,0
DA:286,0
DA:288,0
DA:296,0
DA:297,0
DA:298,0
DA:299,0
DA:302,0
DA:304,0
DA:305,0
DA:307,0
DA:308,0
DA:313,0
DA:315,0
DA:316,0
DA:318,0
DA:319,0
DA:321,0
DA:328,0
DA:329,0
DA:330,0
DA:331,0
DA:334,0
DA:335,0
DA:338,0
DA:339,0
DA:341,0
DA:342,0
DA:351,0
DA:352,0
DA:353,0
DA:361,0
DA:362,0
DA:363,0
DA:364,0
DA:366,0
DA:367,0
DA:368,0
DA:369,0
DA:376,0
DA:377,0
DA:380,0
DA:381,0
DA:385,0
DA:386,0
DA:387,0
DA:391,0
DA:395,0
DA:396,0
DA:409,0
DA:410,0
DA:419,0
DA:428,0
DA:430,0
DA:448,0
DA:451,0
DA:453,0
DA:459,0
DA:460,0
DA:462,0
DA:463,0
DA:474,0
DA:475,0
DA:486,0
DA:538,0
DA:554,0
DA:556,0
DA:562,0
DA:575,0
DA:597,0
DA:603,0
DA:619,0
DA:623,0
DA:657,0
DA:667,0
DA:677,0
DA:688,0
LF:189
LH:0
BRDA:109,0,0,0
BRDA:109,0,1,0
BRDA:113,1,0,0
BRDA:113,1,1,0
BRDA:123,2,0,0
BRDA:123,2,1,0
BRDA:132,3,0,0
BRDA:132,3,1,0
BRDA:133,4,0,0
BRDA:133,4,1,0
BRDA:134,5,0,0
BRDA:134,5,1,0
BRDA:134,6,0,0
BRDA:134,6,1,0
BRDA:135,7,0,0
BRDA:135,7,1,0
BRDA:140,8,0,0
BRDA:140,9,0,0
BRDA:141,10,0,0
BRDA:141,10,1,0
BRDA:145,11,0,0
BRDA:145,11,1,0
BRDA:145,12,0,0
BRDA:145,12,1,0
BRDA:146,13,0,0
BRDA:146,13,1,0
BRDA:172,14,0,0
BRDA:172,14,1,0
BRDA:174,15,0,0
BRDA:174,15,1,0
BRDA:174,15,2,0
BRDA:174,15,3,0
BRDA:175,16,0,0
BRDA:175,16,1,0
BRDA:175,16,2,0
BRDA:175,16,3,0
BRDA:176,17,0,0
BRDA:176,17,1,0
BRDA:176,17,2,0
BRDA:176,17,3,0
BRDA:186,18,0,0
BRDA:186,18,1,0
BRDA:186,18,2,0
BRDA:187,19,0,0
BRDA:187,19,1,0
BRDA:188,20,0,0
BRDA:188,20,1,0
BRDA:191,21,0,0
BRDA:191,21,1,0
BRDA:191,22,0,0
BRDA:191,22,1,0
BRDA:191,22,2,0
BRDA:194,23,0,0
BRDA:194,23,1,0
BRDA:195,24,0,0
BRDA:195,24,1,0
BRDA:195,25,0,0
BRDA:195,25,1,0
BRDA:204,26,0,0
BRDA:204,26,1,0
BRDA:210,27,0,0
BRDA:210,27,1,0
BRDA:210,28,0,0
BRDA:210,28,1,0
BRDA:216,29,0,0
BRDA:216,29,1,0
BRDA:222,30,0,0
BRDA:222,30,1,0
BRDA:222,31,0,0
BRDA:222,31,1,0
BRDA:224,32,0,0
BRDA:224,32,1,0
BRDA:234,33,0,0
BRDA:234,33,1,0
BRDA:234,33,2,0
BRDA:236,34,0,0
BRDA:236,34,1,0
BRDA:236,35,0,0
BRDA:236,35,1,0
BRDA:236,35,2,0
BRDA:237,36,0,0
BRDA:237,36,1,0
BRDA:238,37,0,0
BRDA:238,37,1,0
BRDA:238,38,0,0
BRDA:238,38,1,0
BRDA:247,39,0,0
BRDA:247,39,1,0
BRDA:264,40,0,0
BRDA:264,40,1,0
BRDA:280,41,0,0
BRDA:280,41,1,0
BRDA:297,42,0,0
BRDA:297,42,1,0
BRDA:302,43,0,0
BRDA:302,43,1,0
BRDA:329,44,0,0
BRDA:329,44,1,0
BRDA:339,45,0,0
BRDA:339,45,1,0
BRDA:352,46,0,0
BRDA:352,46,1,0
BRDA:366,47,0,0
BRDA:366,47,1,0
BRDA:367,48,0,0
BRDA:367,48,1,0
BRDA:368,49,0,0
BRDA:368,49,1,0
BRDA:385,50,0,0
BRDA:385,50,1,0
BRDA:395,51,0,0
BRDA:395,51,1,0
BRDA:409,52,0,0
BRDA:409,52,1,0
BRDA:449,53,0,0
BRDA:449,53,1,0
BRDA:449,53,2,0
BRDA:462,54,0,0
BRDA:462,54,1,0
BRDA:474,55,0,0
BRDA:474,55,1,0
BRDA:474,56,0,0
BRDA:474,56,1,0
BRDA:488,57,0,0
BRDA:488,57,1,0
BRDA:494,58,0,0
BRDA:494,58,1,0
BRDA:504,59,0,0
BRDA:504,59,1,0
BRDA:506,60,0,0
BRDA:506,60,1,0
BRDA:512,61,0,0
BRDA:512,61,1,0
BRDA:525,62,0,0
BRDA:525,62,1,0
BRDA:535,63,0,0
BRDA:535,63,1,0
BRDA:535,63,2,0
BRDA:540,64,0,0
BRDA:540,64,1,0
BRDA:541,65,0,0
BRDA:541,65,1,0
BRDA:542,66,0,0
BRDA:542,66,1,0
BRDA:560,67,0,0
BRDA:560,67,1,0
BRDA:583,68,0,0
BRDA:583,68,1,0
BRDA:592,69,0,0
BRDA:592,69,1,0
BRDA:601,70,0,0
BRDA:601,70,1,0
BRDA:615,71,0,0
BRDA:615,71,1,0
BRDA:631,72,0,0
BRDA:631,72,1,0
BRDA:654,73,0,0
BRDA:654,73,1,0
BRF:158
BRH:0
end_of_record
TN:
SF:app/(app)/(tabs)/community-forum/create/content.tsx
FN:49,CreatePostScreen
FN:76,(anonymous_1)
FN:78,(anonymous_2)
FN:96,(anonymous_3)
FN:99,(anonymous_4)
FN:107,(anonymous_5)
FN:112,(anonymous_6)
FN:134,(anonymous_7)
FN:143,(anonymous_8)
FN:153,(anonymous_9)
FN:159,(anonymous_10)
FN:161,(anonymous_11)
FN:165,(anonymous_12)
FN:196,(anonymous_13)
FN:197,(anonymous_14)
FN:200,(anonymous_15)
FN:226,(anonymous_16)
FN:237,(anonymous_17)
FN:284,(anonymous_18)
FN:293,(anonymous_19)
FN:335,(anonymous_20)
FN:391,(anonymous_21)
FN:400,(anonymous_22)
FN:410,(anonymous_23)
FN:424,(anonymous_24)
FN:433,(anonymous_25)
FN:437,(anonymous_26)
FN:468,(anonymous_27)
FN:544,(anonymous_28)
FN:559,(anonymous_29)
FN:568,(anonymous_30)
FNF:31
FNH:12
FNDA:46,CreatePostScreen
FNDA:34,(anonymous_1)
FNDA:17,(anonymous_2)
FNDA:17,(anonymous_3)
FNDA:0,(anonymous_4)
FNDA:17,(anonymous_5)
FNDA:46,(anonymous_6)
FNDA:94,(anonymous_7)
FNDA:46,(anonymous_8)
FNDA:0,(anonymous_9)
FNDA:0,(anonymous_10)
FNDA:0,(anonymous_11)
FNDA:0,(anonymous_12)
FNDA:0,(anonymous_13)
FNDA:0,(anonymous_14)
FNDA:0,(anonymous_15)
FNDA:0,(anonymous_16)
FNDA:0,(anonymous_17)
FNDA:0,(anonymous_18)
FNDA:0,(anonymous_19)
FNDA:1,(anonymous_20)
FNDA:0,(anonymous_21)
FNDA:0,(anonymous_22)
FNDA:0,(anonymous_23)
FNDA:0,(anonymous_24)
FNDA:18,(anonymous_25)
FNDA:0,(anonymous_26)
FNDA:1,(anonymous_27)
FNDA:0,(anonymous_28)
FNDA:0,(anonymous_29)
FNDA:34,(anonymous_30)
DA:37,1
DA:50,46
DA:51,46
DA:52,46
DA:53,46
DA:55,46
DA:56,46
DA:57,46
DA:58,46
DA:59,46
DA:60,46
DA:61,46
DA:62,46
DA:63,46
DA:65,46
DA:68,46
DA:69,46
DA:70,46
DA:71,46
DA:72,46
DA:73,46
DA:76,46
DA:78,46
DA:79,17
DA:80,17
DA:81,17
DA:82,17
DA:83,0
DA:84,0
DA:85,0
DA:87,17
DA:88,0
DA:89,0
DA:92,0
DA:96,46
DA:97,17
DA:99,17
DA:100,0
DA:101,0
DA:102,0
DA:103,0
DA:107,17
DA:108,17
DA:112,46
DA:113,46
DA:114,46
DA:115,46
DA:117,0
DA:118,0
DA:119,0
DA:121,0
DA:122,0
DA:123,0
DA:125,0
DA:126,0
DA:127,0
DA:128,0
DA:130,0
DA:131,0
DA:134,46
DA:135,94
DA:136,6
DA:137,6
DA:138,0
DA:140,6
DA:143,46
DA:144,46
DA:145,46
DA:146,46
DA:147,44
DA:149,2
DA:150,2
DA:153,46
DA:154,0
DA:155,0
DA:156,0
DA:159,46
DA:160,0
DA:161,0
DA:162,0
DA:165,46
DA:166,0
DA:167,0
DA:168,0
DA:171,0
DA:172,0
DA:173,0
DA:174,0
DA:177,0
DA:184,0
DA:186,0
DA:192,0
DA:196,46
DA:197,0
DA:200,46
DA:201,0
DA:202,0
DA:203,0
DA:206,0
DA:207,0
DA:208,0
DA:211,0
DA:212,0
DA:213,0
DA:214,0
DA:226,0
DA:227,0
DA:230,0
DA:231,0
DA:233,0
DA:237,46
DA:238,0
DA:239,0
DA:240,0
DA:243,0
DA:244,0
DA:245,0
DA:248,0
DA:249,0
DA:250,0
DA:251,0
DA:263,0
DA:264,0
DA:269,0
DA:270,0
DA:272,0
DA:276,46
DA:284,46
DA:285,0
DA:286,0
DA:287,0
DA:289,0
DA:293,46
DA:294,0
DA:295,0
DA:296,0
DA:299,46
DA:335,1
DA:391,0
DA:401,0
DA:410,0
DA:424,0
DA:434,18
DA:438,0
DA:439,0
DA:468,1
DA:545,0
DA:546,0
DA:547,0
DA:559,0
DA:568,34
LF:151
LH:63
[...]
BRDA:65,4,0,0
BRDA:65,4,1,0
BRDA:65,5,0,0
BRDA:65,5,1,0
BRDA:76,6,0,0
BRDA:76,6,1,0
BRDA:79,7,0,0
BRDA:79,7,1,0
BRDA:79,8,0,0
BRDA:79,8,1,0
BRDA:79,8,2,0
BRDA:79,8,3,0
BRDA:80,9,0,0
BRDA:80,9,1,0
BRDA:91,10,0,0
BRDA:91,10,1,0
BRDA:94,11,0,0
BRDA:94,11,1,0
BRDA:94,12,0,0
BRDA:94,12,1,0
BRDA:116,13,0,0
BRDA:116,13,1,0
BRDA:129,14,0,0
BRDA:129,14,1,0
BRDA:133,15,0,0
BRDA:133,15,1,0
BRDA:143,16,0,0
BRDA:143,16,1,0
BRDA:143,17,0,0
BRDA:143,17,1,0
BRDA:156,18,0,0
BRDA:156,18,1,0
BRDA:156,19,0,0
BRDA:156,19,1,0
BRDA:159,20,0,0
BRDA:159,20,1,0
BRDA:159,21,0,0
BRDA:159,21,1,0
BRDA:162,22,0,0
BRDA:162,22,1,0
BRDA:165,23,0,0
BRDA:165,23,1,0
BRDA:178,24,0,0
BRDA:178,24,1,0
BRDA:179,25,0,0
BRDA:179,25,1,0
BRDA:193,26,0,0
BRDA:193,26,1,0
BRDA:196,27,0,0
BRDA:196,27,1,0
BRDA:196,28,0,0
BRDA:196,28,1,0
BRDA:196,28,2,0
BRDA:225,29,0,0
BRDA:225,29,1,0
BRDA:232,30,0,0
BRDA:232,30,1,0
BRDA:233,31,0,0
BRDA:233,31,1,0
BRDA:234,32,0,0
BRDA:234,32,1,0
BRDA:235,33,0,0
BRDA:235,33,1,0
BRDA:255,34,0,0
BRDA:255,34,1,0
BRDA:256,35,0,0
BRDA:256,35,1,0
BRDA:257,36,0,0
BRDA:257,36,1,0
BRDA:258,37,0,0
BRDA:258,37,1,0
BRDA:266,38,0,0
BRDA:266,38,1,0
BRDA:267,39,0,0
BRDA:267,39,1,0
BRDA:277,40,0,0
BRDA:277,40,1,0
BRDA:278,41,0,0
BRDA:278,41,1,0
BRDA:279,42,0,0
BRDA:279,42,1,0
BRDA:280,43,0,0
BRDA:280,43,1,0
BRDA:308,44,0,0
BRDA:308,44,1,0
BRDA:335,45,0,0
BRDA:335,45,1,0
BRDA:373,46,0,0
BRDA:373,46,1,0
BRDA:392,47,0,0
BRDA:392,47,1,0
BRDA:393,48,0,0
BRDA:393,48,1,0
BRDA:396,49,0,0
BRDA:396,49,1,0
BRDA:397,50,0,0
BRDA:397,50,1,0
BRDA:398,51,0,0
BRDA:398,51,1,0
BRDA:399,52,0,0
BRDA:399,52,1,0
BRDA:400,53,0,0
BRDA:400,53,1,0
BRDA:401,54,0,0
BRDA:401,54,1,0
BRDA:402,55,0,0
BRDA:402,55,1,0
BRDA:403,56,0,0
BRDA:403,56,1,0
BRDA:404,57,0,0
BRDA:404,57,1,0
BRDA:405,58,0,0
BRDA:405,58,1,0
BRDA:406,59,0,0
BRDA:406,59,1,0
BRDA:407,60,0,0
BRDA:407,60,1,0
BRDA:409,61,0,0
BRDA:409,61,1,0
BRDA:410,62,0,0
BRDA:410,62,1,0
BRDA:411,63,0,0
BRDA:411,63,1,0
BRDA:412,64,0,0
BRDA:412,64,1,0
BRDA:413,65,0,0
BRDA:413,65,1,0
BRDA:415,66,0,0
BRDA:415,66,1,0
BRDA:416,67,0,0
BRDA:416,67,1,0
BRDA:417,68,0,0
BRDA:417,68,1,0
BRF:141
BRH:0
end_of_record
TN:
SF:utils/timezone.ts
FN:6,(anonymous_0)
FN:14,(anonymous_1)
FN:22,(anonymous_2)
FNF:3
FNH:0
FNDA:0,(anonymous_0)
FNDA:0,(anonymous_1)
FNDA:0,(anonymous_2)
DA:3,2
DA:6,2
DA:10,0
DA:11,0
DA:14,2
DA:18,0
DA:19,0
DA:22,2
DA:23,0
DA:24,0
DA:25,0
DA:26,0
LF:12
LH:4
BRDA:8,0,0,0
BRDA:16,1,0,0
BRF:2
BRH:0
end_of_record
TN:
SF:utils/userSync.ts
FN:8,syncUserWithDatabase
FNF:1
FNH:0
FNDA:0,syncUserWithDatabase
DA:9,0
DA:10,0
DA:21,0
DA:29,0
DA:32,0
DA:34,0
LF:6
LH:0
BRDA:13,0,0,0
BRDA:13,0,1,0
BRDA:14,1,0,0
BRDA:14,1,1,0
BRDA:15,2,0,0
BRDA:15,2,1,0
BRF:6
BRH:0
end_of_record
TN:
SF:utils/hooks/useConvexActivity.ts
FN:6,useConvexActivity
FN:8,(anonymous_1)
FN:25,(anonymous_2)
FN:42,(anonymous_3)
FN:57,(anonymous_4)
FN:72,(anonymous_5)
FNF:6
FNH:1
FNDA:814,useConvexActivity
FNDA:0,(anonymous_1)
FNDA:0,(anonymous_2)
FNDA:0,(anonymous_3)
FNDA:0,(anonymous_4)
FNDA:0,(anonymous_5)
DA:8,814
DA:9,0
DA:10,0
DA:11,0
DA:14,0
DA:15,0
DA:16,0
DA:17,0
DA:19,0
DA:20,0
DA:25,814
DA:26,0
DA:27,0
DA:28,0
DA:31,0
DA:32,0
DA:33,0
DA:34,0
DA:36,0
DA:37,0
DA:42,814
DA:43,0
DA:44,0
DA:47,0
DA:48,0
DA:49,0
DA:51,0
DA:52,0
DA:57,814
DA:58,0
DA:59,0
DA:62,0
DA:63,0
DA:64,0
DA:66,0
DA:67,0
DA:72,814
DA:73,0
DA:74,0
DA:77,0
DA:78,0
DA:79,0
DA:81,0
DA:82,0
DA:86,814
LF:45
LH:6
BRDA:9,0,0,0
BRDA:9,0,1,0
BRDA:26,1,0,0
BRDA:26,1,1,0
BRDA:43,2,0,0
BRDA:43,2,1,0
BRDA:58,3,0,0
BRDA:58,3,1,0
BRDA:73,4,0,0
BRDA:73,4,1,0
BRF:10
BRH:0
end_of_record
TN:
SF:utils/hooks/useConvexAppointments.ts
FN:5,isValidDate
FN:34,useConvexAppointments
FN:48,(anonymous_2)
FN:62,(anonymous_3)
FN:88,(anonymous_4)
FN:129,(anonymous_5)
FN:154,(anonymous_6)
FN:179,(anonymous_7)
FN:201,(anonymous_8)
FN:203,(anonymous_9)
FNF:10
FNH:0
FNDA:0,isValidDate
FNDA:0,useConvexAppointments
FNDA:0,(anonymous_2)
FNDA:0,(anonymous_3)
FNDA:0,(anonymous_4)
FNDA:0,(anonymous_5)
FNDA:0,(anonymous_6)
FNDA:0,(anonymous_7)
FNDA:0,(anonymous_8)
FNDA:0,(anonymous_9)
DA:6,0
DA:7,0
DA:35,0
DA:36,0
DA:37,0
DA:38,0
DA:39,0
DA:40,0
DA:43,0
DA:48,0
DA:49,0
DA:51,0
DA:52,0
DA:53,0
DA:56,0
DA:57,0
DA:62,0
DA:74,0
DA:75,0
DA:77,0
DA:78,0
DA:79,0
DA:81,0
DA:88,0
DA:89,0
DA:91,0
DA:93,0
DA:94,0
DA:98,0
DA:99,0
DA:102,0
DA:103,0
DA:114,0
DA:116,0
DA:119,0
DA:121,0
DA:122,0
DA:129,0
DA:130,0
DA:132,0
DA:134,0
DA:135,0
DA:142,0
DA:143,0
DA:144,0
DA:146,0
DA:147,0
DA:154,0
DA:155,0
DA:157,0
DA:159,0
DA:161,0
DA:167,0
DA:168,0
DA:169,0
DA:171,0
DA:172,0
DA:179,0
DA:180,0
DA:182,0
DA:184,0
DA:186,0
DA:191,0
DA:192,0
DA:193,0
DA:195,0
DA:196,0
DA:201,0
DA:202,0
DA:203,0
DA:204,0
DA:209,0
LF:72
LH:0
BRDA:7,0,0,0
BRDA:7,0,1,0
BRDA:43,1,0,0
BRDA:43,1,1,0
BRDA:49,2,0,0
BRDA:49,2,1,0
BRDA:49,3,0,0
BRDA:49,3,1,0
BRDA:70,4,0,0
BRDA:70,4,1,0
BRDA:71,5,0,0
BRDA:71,5,1,0
BRDA:89,6,0,0
BRDA:89,6,1,0
BRDA:89,7,0,0
BRDA:89,7,1,0
BRDA:102,8,0,0
BRDA:102,8,1,0
BRDA:111,9,0,0
BRDA:111,9,1,0
BRDA:112,10,0,0
BRDA:112,10,1,0
BRDA:130,11,0,0
BRDA:130,11,1,0
BRDA:130,12,0,0
BRDA:130,12,1,0
BRDA:155,13,0,0
BRDA:155,13,1,0
BRDA:155,14,0,0
BRDA:155,14,1,0
BRDA:180,15,0,0
BRDA:180,15,1,0
BRDA:180,16,0,0
BRDA:180,16,1,0
BRDA:202,17,0,0
BRDA:202,17,1,0
BRF:36
BRH:0
end_of_record
TN:
SF:utils/hooks/useConvexMessages.ts
FN:10,useConvexMessages
FN:21,(anonymous_1)
FN:37,(anonymous_2)
FN:82,(anonymous_3)
FN:98,(anonymous_4)
FN:105,(anonymous_5)
FN:142,(anonymous_6)
FN:189,(anonymous_7)
FN:202,(anonymous_8)
FN:203,(anonymous_9)
FN:229,(anonymous_10)
FN:230,(anonymous_11)
FN:246,(anonymous_12)
FN:295,(anonymous_13)
FN:310,(anonymous_14)
FN:310,(anonymous_15)
FN:319,(anonymous_16)
FN:343,useConvexLiveMessages
FN:351,(anonymous_18)
FN:358,(anonymous_19)
FNF:20
FNH:0
FNDA:0,useConvexMessages
FNDA:0,(anonymous_1)
FNDA:0,(anonymous_2)
FNDA:0,(anonymous_3)
FNDA:0,(anonymous_4)
FNDA:0,(anonymous_5)
FNDA:0,(anonymous_6)
FNDA:0,(anonymous_7)
FNDA:0,(anonymous_8)
FNDA:0,(anonymous_9)
FNDA:0,(anonymous_10)
FNDA:0,(anonymous_11)
FNDA:0,(anonymous_12)
FNDA:0,(anonymous_13)
FNDA:0,(anonymous_14)
FNDA:0,(anonymous_15)
FNDA:0,(anonymous_16)
FNDA:0,useConvexLiveMessages
FNDA:0,(anonymous_18)
FNDA:0,(anonymous_19)
DA:11,0
DA:12,0
DA:13,0
DA:16,0
DA:21,0
DA:22,0
DA:24,0
DA:25,0
DA:26,0
DA:28,0
DA:29,0
DA:31,0
DA:34,0
DA:37,0
DA:48,0
DA:49,0
DA:51,0
DA:57,0
DA:58,0
DA:62,0
DA:63,0
DA:64,0
DA:65,0
DA:68,0
DA:70,0
DA:71,0
DA:72,0
DA:74,0
DA:82,0
DA:83,0
DA:85,0
DA:87,0
DA:88,0
DA:90,0
DA:93,0
DA:98,0
DA:106,0
DA:107,0
DA:117,0
DA:119,0
DA:124,0
DA:125,0
DA:128,0
DA:129,0
DA:130,0
DA:132,0
DA:134,0
DA:135,0
DA:142,0
DA:143,0
DA:145,0
DA:146,0
DA:147,0
DA:149,0
DA:150,0
DA:156,0
DA:157,0
DA:159,0
DA:164,0
DA:165,0
DA:175,0
DA:178,0
DA:179,0
DA:181,0
DA:182,0
DA:189,0
DA:190,0
DA:192,0
DA:193,0
DA:194,0
DA:196,0
DA:197,0
DA:202,0
DA:203,0
DA:204,0
DA:209,0
DA:211,0
DA:216,0
DA:217,0
DA:226,0
DA:229,0
DA:230,0
DA:231,0
DA:236,0
DA:238,0
DA:239,0
DA:246,0
DA:247,0
DA:249,0
DA:250,0
DA:251,0
DA:253,0
DA:254,0
DA:260,0
DA:261,0
DA:263,0
DA:268,0
DA:269,0
DA:279,0
DA:281,0
DA:284,0
DA:285,0
DA:287,0
DA:288,0
DA:295,0
DA:296,0
DA:298,0
DA:301,0
DA:302,0
DA:307,0
DA:310,0
DA:311,0
DA:313,0
DA:314,0
DA:319,0
DA:320,0
DA:321,0
DA:325,0
DA:345,0
DA:351,0
DA:359,0
DA:360,0
DA:370,0
LF:123
LH:0
BRDA:16,0,0,0
BRDA:16,0,1,0
BRDA:22,1,0,0
BRDA:22,1,1,0
BRDA:28,2,0,0
BRDA:28,2,1,0
BRDA:28,3,0,0
BRDA:28,3,1,0
BRDA:39,4,0,0
BRDA:39,4,1,0
BRDA:57,5,0,0
BRDA:57,5,1,0
BRDA:62,6,0,0
BRDA:62,6,1,0
BRDA:64,7,0,0
BRDA:64,7,1,0
BRDA:65,8,0,0
BRDA:65,8,1,0
BRDA:83,9,0,0
BRDA:83,9,1,0
BRDA:83,10,0,0
BRDA:83,10,1,0
BRDA:87,11,0,0
BRDA:87,11,1,0
BRDA:87,12,0,0
BRDA:87,12,1,0
BRDA:95,13,0,0
BRDA:95,13,1,0
BRDA:98,14,0,0
BRDA:98,14,1,0
BRDA:99,15,0,0
BRDA:99,15,1,0
BRDA:99,15,2,0
BRDA:100,16,0,0
BRDA:100,16,1,0
BRDA:100,17,0,0
BRDA:100,17,1,0
BRDA:101,18,0,0
BRDA:101,18,1,0
BRDA:101,18,2,0
BRDA:101,18,3,0
BRDA:102,19,0,0
BRDA:102,19,1,0
BRDA:102,19,2,0
BRDA:103,20,0,0
BRDA:103,20,1,0
BRDA:103,20,2,0
BRDA:104,21,0,0
BRDA:104,21,1,0
BRDA:106,22,0,0
BRDA:106,22,1,0
BRDA:106,22,2,0
BRDA:110,23,0,0
BRDA:110,23,1,0
BRDA:110,23,2,0
BRDA:110,23,3,0
BRDA:111,24,0,0
BRDA:111,24,1,0
BRDA:111,24,2,0
BRDA:112,25,0,0
BRDA:112,25,1,0
BRDA:112,25,2,0
BRDA:113,26,0,0
BRDA:113,26,1,0
BRDA:113,26,2,0
BRDA:113,26,3,0
BRDA:124,27,0,0
BRDA:124,27,1,0
BRDA:128,28,0,0
BRDA:128,28,1,0
BRDA:130,29,0,0
BRDA:130,29,1,0
BRDA:143,30,0,0
BRDA:143,30,1,0
BRDA:146,31,0,0
BRDA:146,31,1,0
BRDA:146,32,0,0
BRDA:146,32,1,0
BRDA:164,33,0,0
BRDA:164,33,1,0
BRDA:175,34,0,0
BRDA:175,34,1,0
BRDA:190,35,0,0
BRDA:190,35,1,0
BRDA:193,36,0,0
BRDA:193,36,1,0
BRDA:193,37,0,0
BRDA:193,37,1,0
BRDA:204,38,0,0
BRDA:204,38,1,0
BRDA:216,39,0,0
BRDA:216,39,1,0
BRDA:226,40,0,0
BRDA:226,40,1,0
BRDA:231,41,0,0
BRDA:231,41,1,0
BRDA:247,42,0,0
BRDA:247,42,1,0
BRDA:250,43,0,0
BRDA:250,43,1,0
BRDA:250,44,0,0
BRDA:250,44,1,0
BRDA:268,45,0,0
BRDA:268,45,1,0
BRDA:279,46,0,0
BRDA:279,46,1,0
BRDA:296,47,0,0
BRDA:296,47,1,0
BRDA:301,48,0,0
BRDA:301,48,1,0
BRDA:307,49,0,0
BRDA:307,49,1,0
BRDA:320,50,0,0
BRDA:320,50,1,0
BRDA:343,51,0,0
BRDA:348,52,0,0
BRDA:348,52,1,0
BRDA:351,53,0,0
BRDA:351,53,1,0
BRDA:352,54,0,0
BRDA:352,54,1,0
BRDA:352,54,2,0
BRDA:353,55,0,0
BRDA:353,55,1,0
BRDA:353,56,0,0
BRDA:353,56,1,0
BRDA:354,57,0,0
BRDA:354,57,1,0
BRDA:354,57,2,0
BRDA:354,57,3,0
BRDA:355,58,0,0
BRDA:355,58,1,0
BRDA:355,58,2,0
BRDA:356,59,0,0
BRDA:356,59,1,0
BRDA:356,59,2,0
BRDA:357,60,0,0
BRDA:357,60,1,0
BRDA:359,61,0,0
BRDA:359,61,1,0
BRDA:359,61,2,0
BRDA:363,62,0,0
BRDA:363,62,1,0
BRDA:363,62,2,0
BRDA:363,62,3,0
BRDA:364,63,0,0
BRDA:364,63,1,0
BRDA:364,63,2,0
BRDA:365,64,0,0
BRDA:365,64,1,0
BRDA:365,64,2,0
BRDA:366,65,0,0
BRDA:366,65,1,0
BRDA:366,65,2,0
BRDA:366,65,3,0
BRF:155
BRH:0
end_of_record
TN:
SF:utils/hooks/useConvexMoods.ts
FN:8,useConvexMoods
FN:20,(anonymous_1)
FN:37,(anonymous_2)
FN:71,(anonymous_3)
FN:93,(anonymous_4)
FN:114,(anonymous_5)
FN:159,(anonymous_6)
FNF:7
FNH:0
FNDA:0,useConvexMoods
FNDA:0,(anonymous_1)
FNDA:0,(anonymous_2)
FNDA:0,(anonymous_3)
FNDA:0,(anonymous_4)
FNDA:0,(anonymous_5)
FNDA:0,(anonymous_6)
DA:9,0
DA:10,0
DA:11,0
DA:12,0
DA:15,0
DA:20,0
DA:21,0
DA:23,0
DA:24,0
DA:25,0
DA:27,0
DA:29,0
DA:31,0
DA:32,0
DA:37,0
DA:46,0
DA:47,0
DA:49,0
DA:55,0
DA:56,0
DA:57,0
DA:58,0
DA:60,0
DA:61,0
DA:62,0
DA:64,0
DA:71,0
DA:72,0
DA:74,0
DA:75,0
DA:76,0
DA:78,0
DA:79,0
DA:84,0
DA:85,0
DA:87,0
DA:92,0
DA:93,0
DA:94,0
DA:97,0
DA:103,0
DA:104,0
DA:106,0
DA:107,0
DA:114,0
DA:120,0
DA:122,0
DA:123,0
DA:124,0
DA:126,0
DA:127,0
DA:133,0
DA:134,0
DA:136,0
DA:141,0
DA:142,0
DA:150,0
DA:151,0
DA:153,0
DA:154,0
DA:159,0
DA:160,0
DA:161,0
DA:165,0
LF:64
LH:0
BRDA:15,0,0,0
BRDA:15,0,1,0
BRDA:20,1,0,0
BRDA:21,2,0,0
BRDA:21,2,1,0
BRDA:27,3,0,0
BRDA:27,3,1,0
BRDA:27,4,0,0
BRDA:27,4,1,0
BRDA:57,5,0,0
BRDA:57,5,1,0
BRDA:58,6,0,0
BRDA:58,6,1,0
BRDA:71,7,0,0
BRDA:72,8,0,0
BRDA:72,8,1,0
BRDA:75,9,0,0
BRDA:75,9,1,0
BRDA:75,10,0,0
BRDA:75,10,1,0
BRDA:94,11,0,0
BRDA:94,11,1,0
BRDA:120,12,0,0
BRDA:120,12,1,0
BRDA:123,13,0,0
BRDA:123,13,1,0
BRDA:123,14,0,0
BRDA:123,14,1,0
BRDA:160,15,0,0
BRDA:160,15,1,0
BRF:30
BRH:0
end_of_record
TN:
SF:utils/hooks/useConvexPosts.ts
FN:8,useConvexPosts
FN:20,(anonymous_1)
FN:32,(anonymous_2)
FN:75,(anonymous_3)
FN:89,(anonymous_4)
FN:132,(anonymous_5)
FN:190,(anonymous_6)
FN:229,(anonymous_7)
FN:272,(anonymous_8)
FN:328,(anonymous_9)
FN:367,(anonymous_10)
FNF:11
FNH:0
FNDA:0,useConvexPosts
FNDA:0,(anonymous_1)
FNDA:0,(anonymous_2)
FNDA:0,(anonymous_3)
FNDA:0,(anonymous_4)
FNDA:0,(anonymous_5)
FNDA:0,(anonymous_6)
FNDA:0,(anonymous_7)
FNDA:0,(anonymous_8)
FNDA:0,(anonymous_9)
FNDA:0,(anonymous_10)
DA:9,0
DA:10,0
DA:11,0
DA:12,0
DA:15,0
DA:20,0
DA:21,0
DA:22,0
DA:23,0
DA:25,0
DA:26,0
DA:28,0
DA:29,0
DA:32,0
DA:44,0
DA:45,0
DA:47,0
DA:53,0
DA:54,0
DA:55,0
DA:57,0
DA:58,0
DA:59,0
DA:62,0
DA:64,0
DA:65,0
DA:66,0
DA:68,0
DA:75,0
DA:76,0
DA:78,0
DA:79,0
DA:80,0
DA:82,0
DA:83,0
DA:85,0
DA:86,0
DA:89,0
DA:101,0
DA:102,0
DA:104,0
DA:109,0
DA:110,0
DA:111,0
DA:112,0
DA:114,0
DA:115,0
DA:116,0
DA:119,0
DA:121,0
DA:122,0
DA:123,0
DA:125,0
DA:132,0
DA:138,0
DA:140,0
DA:141,0
DA:142,0
DA:144,0
DA:145,0
DA:151,0
DA:154,0
DA:155,0
DA:156,0
DA:158,0
DA:163,0
DA:164,0
DA:173,0
DA:175,0
DA:178,0
DA:179,0
DA:180,0
DA:182,0
DA:183,0
DA:190,0
DA:191,0
DA:193,0
DA:194,0
DA:195,0
DA:197,0
DA:198,0
DA:203,0
DA:204,0
DA:206,0
DA:211,0
DA:212,0
DA:218,0
DA:219,0
DA:221,0
DA:222,0
DA:229,0
DA:230,0
DA:232,0
DA:234,0
DA:235,0
DA:237,0
DA:238,0
DA:240,0
DA:243,0
DA:244,0
DA:245,0
DA:247,0
DA:252,0
DA:253,0
DA:257,0
DA:260,0
DA:261,0
DA:262,0
DA:264,0
DA:265,0
DA:272,0
DA:278,0
DA:280,0
DA:282,0
DA:283,0
DA:285,0
DA:286,0
DA:291,0
DA:294,0
DA:295,0
DA:296,0
DA:298,0
DA:303,0
DA:304,0
DA:313,0
DA:316,0
DA:317,0
DA:318,0
DA:320,0
DA:321,0
DA:328,0
DA:329,0
DA:331,0
DA:333,0
DA:334,0
DA:336,0
DA:337,0
DA:341,0
DA:342,0
DA:344,0
DA:349,0
DA:350,0
DA:356,0
DA:358,0
DA:359,0
DA:361,0
DA:362,0
DA:367,0
DA:368,0
DA:369,0
DA:373,0
LF:151
LH:0
BRDA:15,0,0,0
BRDA:15,0,1,0
BRDA:20,1,0,0
BRDA:25,2,0,0
BRDA:25,2,1,0
BRDA:25,3,0,0
BRDA:25,3,1,0
BRDA:39,4,0,0
BRDA:39,4,1,0
BRDA:53,5,0,0
BRDA:53,5,1,0
BRDA:57,6,0,0
BRDA:57,6,1,0
BRDA:57,7,0,0
BRDA:57,7,1,0
BRDA:75,8,0,0
BRDA:76,9,0,0
BRDA:76,9,1,0
BRDA:82,10,0,0
BRDA:82,10,1,0
BRDA:82,11,0,0
BRDA:82,11,1,0
BRDA:96,12,0,0
BRDA:96,12,1,0
BRDA:109,13,0,0
BRDA:109,13,1,0
BRDA:110,14,0,0
BRDA:110,14,1,0
BRDA:114,15,0,0
BRDA:114,15,1,0
BRDA:114,16,0,0
BRDA:114,16,1,0
BRDA:138,17,0,0
BRDA:138,17,1,0
BRDA:141,18,0,0
BRDA:141,18,1,0
BRDA:141,19,0,0
BRDA:141,19,1,0
BRDA:148,20,0,0
BRDA:148,20,1,0
BRDA:163,21,0,0
BRDA:163,21,1,0
BRDA:173,22,0,0
BRDA:173,22,1,0
BRDA:191,23,0,0
BRDA:191,23,1,0
BRDA:194,24,0,0
BRDA:194,24,1,0
BRDA:194,25,0,0
BRDA:194,25,1,0
BRDA:211,26,0,0
BRDA:211,26,1,0
BRDA:218,27,0,0
BRDA:218,27,1,0
BRDA:230,28,0,0
BRDA:230,28,1,0
BRDA:234,29,0,0
BRDA:234,29,1,0
BRDA:234,30,0,0
BRDA:234,30,1,0
BRDA:252,31,0,0
BRDA:252,31,1,0
BRDA:257,32,0,0
BRDA:257,32,1,0
BRDA:278,33,0,0
BRDA:278,33,1,0
BRDA:282,34,0,0
BRDA:282,34,1,0
BRDA:282,35,0,0
BRDA:282,35,1,0
BRDA:303,36,0,0
BRDA:303,36,1,0
BRDA:313,37,0,0
BRDA:313,37,1,0
BRDA:329,38,0,0
BRDA:329,38,1,0
BRDA:333,39,0,0
BRDA:333,39,1,0
BRDA:333,40,0,0
BRDA:333,40,1,0
BRDA:349,41,0,0
BRDA:349,41,1,0
BRDA:356,42,0,0
BRDA:356,42,1,0
BRDA:368,43,0,0
BRDA:368,43,1,0
BRF:86
BRH:0
end_of_record
TN:
SF:utils/hooks/useConvexProfile.ts
FN:49,useConvexProfile
FN:64,(anonymous_1)
FN:154,(anonymous_2)
FN:205,(anonymous_3)
FN:223,(anonymous_4)
FN:237,(anonymous_5)
FN:250,(anonymous_6)
FN:268,(anonymous_7)
FN:280,(anonymous_8)
FN:296,(anonymous_9)
FNF:10
FNH:0
FNDA:0,useConvexProfile
FNDA:0,(anonymous_1)
FNDA:0,(anonymous_2)
FNDA:0,(anonymous_3)
FNDA:0,(anonymous_4)
FNDA:0,(anonymous_5)
FNDA:0,(anonymous_6)
FNDA:0,(anonymous_7)
FNDA:0,(anonymous_8)
FNDA:0,(anonymous_9)
DA:53,0
DA:54,0
DA:55,0
DA:58,0
DA:59,0
DA:64,0
DA:65,0
DA:67,0
DA:68,0
DA:69,0
DA:72,0
DA:73,0
DA:75,0
DA:77,0
DA:81,0
DA:82,0
DA:91,0
DA:94,0
DA:96,0
DA:99,0
DA:105,0
DA:107,0
DA:108,0
DA:120,0
DA:123,0
DA:125,0
DA:128,0
DA:130,0
DA:131,0
DA:134,0
DA:135,0
DA:136,0
DA:137,0
DA:138,0
DA:139,0
DA:142,0
DA:145,0
DA:147,0
DA:154,0
DA:155,0
DA:157,0
DA:158,0
DA:159,0
DA:162,0
DA:163,0
DA:165,0
DA:166,0
DA:176,0
DA:177,0
DA:179,0
DA:186,0
DA:187,0
DA:188,0
DA:192,0
DA:194,0
DA:195,0
DA:196,0
DA:198,0
DA:205,0
DA:206,0
DA:208,0
DA:209,0
DA:210,0
DA:213,0
DA:214,0
DA:216,0
DA:217,0
DA:223,0
DA:224,0
DA:226,0
DA:232,0
DA:237,0
DA:239,0
DA:240,0
DA:241,0
DA:243,0
DA:250,0
DA:251,0
DA:253,0
DA:254,0
DA:255,0
DA:258,0
DA:259,0
DA:261,0
DA:262,0
DA:268,0
DA:269,0
DA:271,0
DA:277,0
DA:280,0
DA:282,0
DA:283,0
DA:284,0
DA:287,0
DA:288,0
DA:289,0
DA:291,0
DA:296,0
DA:297,0
DA:298,0
DA:302,0
LF:101
LH:0
BRDA:58,0,0,0
BRDA:58,0,1,0
BRDA:59,1,0,0
BRDA:59,1,1,0
BRDA:65,2,0,0
BRDA:65,2,1,0
BRDA:72,3,0,0
BRDA:72,3,1,0
BRDA:72,4,0,0
BRDA:72,4,1,0
BRDA:81,5,0,0
BRDA:81,5,1,0
BRDA:107,6,0,0
BRDA:107,6,1,0
BRDA:111,7,0,0
BRDA:111,7,1,0
BRDA:111,8,0,0
BRDA:111,8,1,0
BRDA:111,9,0,0
BRDA:111,9,1,0
BRDA:111,10,0,0
BRDA:111,10,1,0
BRDA:111,11,0,0
BRDA:111,11,1,0
BRDA:131,12,0,0
BRDA:131,12,1,0
BRDA:136,13,0,0
BRDA:136,13,1,0
BRDA:155,14,0,0
BRDA:155,14,1,0
BRDA:162,15,0,0
BRDA:162,15,1,0
BRDA:162,16,0,0
BRDA:162,16,1,0
BRDA:186,17,0,0
BRDA:186,17,1,0
BRDA:186,18,0,0
BRDA:186,18,1,0
BRDA:195,19,0,0
BRDA:195,19,1,0
BRDA:206,20,0,0
BRDA:206,20,1,0
BRDA:213,21,0,0
BRDA:213,21,1,0
BRDA:213,22,0,0
BRDA:213,22,1,0
BRDA:223,23,0,0
BRDA:223,23,1,0
BRDA:237,24,0,0
BRDA:237,24,1,0
BRDA:240,25,0,0
BRDA:240,25,1,0
BRDA:251,26,0,0
BRDA:251,26,1,0
BRDA:258,27,0,0
BRDA:258,27,1,0
BRDA:258,28,0,0
BRDA:258,28,1,0
BRDA:264,29,0,0
BRDA:264,29,1,0
BRDA:268,30,0,0
BRDA:268,30,1,0
BRDA:280,31,0,0
BRDA:280,31,1,0
BRDA:282,32,0,0
BRDA:282,32,1,0
BRDA:288,33,0,0
BRDA:288,33,1,0
BRDA:297,34,0,0
BRDA:297,34,1,0
BRDA:297,35,0,0
BRDA:297,35,1,0
BRF:72
BRH:0
end_of_record
TN:
SF:utils/hooks/useConvexSettings.ts
FN:62,useConvexSettings
FN:69,(anonymous_1)
FN:149,(anonymous_2)
FN:184,(anonymous_3)
FN:201,(anonymous_4)
FN:212,(anonymous_5)
FNF:6
FNH:0
FNDA:0,useConvexSettings
FNDA:0,(anonymous_1)
FNDA:0,(anonymous_2)
FNDA:0,(anonymous_3)
FNDA:0,(anonymous_4)
FNDA:0,(anonymous_5)
DA:39,0
DA:63,0
DA:64,0
DA:65,0
DA:66,0
DA:69,0
DA:70,0
DA:71,0
DA:72,0
DA:75,0
DA:76,0
DA:77,0
DA:80,0
DA:82,0
DA:84,0
DA:108,0
DA:115,0
DA:116,0
DA:117,0
DA:118,0
DA:119,0
DA:124,0
DA:125,0
DA:126,0
DA:132,0
DA:133,0
DA:136,0
DA:137,0
DA:140,0
DA:141,0
DA:142,0
DA:144,0
DA:149,0
DA:150,0
DA:151,0
DA:152,0
DA:155,0
DA:156,0
DA:157,0
DA:160,0
DA:166,0
DA:173,0
DA:174,0
DA:176,0
DA:177,0
DA:179,0
DA:184,0
DA:185,0
DA:186,0
DA:187,0
DA:190,0
DA:191,0
DA:194,0
DA:195,0
DA:196,0
DA:201,0
DA:202,0
DA:204,0
DA:205,0
DA:207,0
DA:212,0
DA:213,0
DA:214,0
DA:215,0
DA:218,0
DA:219,0
DA:222,0
DA:226,0
DA:227,0
DA:229,0
DA:230,0
DA:232,0
DA:236,0
LF:73
LH:0
BRDA:70,0,0,0
BRDA:70,0,1,0
BRDA:82,1,0,0
BRDA:82,1,1,0
BRDA:98,2,0,0
BRDA:98,2,1,0
BRDA:102,3,0,0
BRDA:102,3,1,0
BRDA:115,4,0,0
BRDA:115,4,1,0
BRDA:116,5,0,0
BRDA:116,5,1,0
BRDA:117,6,0,0
BRDA:117,6,1,0
BRDA:124,7,0,0
BRDA:124,7,1,0
BRDA:141,8,0,0
BRDA:141,8,1,0
BRDA:150,9,0,0
BRDA:150,9,1,0
BRDA:177,10,0,0
BRDA:177,10,1,0
BRDA:185,11,0,0
BRDA:185,11,1,0
BRDA:195,12,0,0
BRDA:195,12,1,0
BRDA:205,13,0,0
BRDA:205,13,1,0
BRDA:213,14,0,0
BRDA:213,14,1,0
BRDA:230,15,0,0
BRDA:230,15,1,0
BRF:32
BRH:0
end_of_record
TN:
SF:utils/hooks/useConvexVideoSession.ts
FN:7,useConvexVideoSession
FN:20,(anonymous_1)
FN:72,(anonymous_2)
FN:99,(anonymous_3)
FN:108,(anonymous_4)
FN:149,(anonymous_5)
FN:179,(anonymous_6)
FNF:7
FNH:0
FNDA:0,useConvexVideoSession
FNDA:0,(anonymous_1)
FNDA:0,(anonymous_2)
FNDA:0,(anonymous_3)
FNDA:0,(anonymous_4)
FNDA:0,(anonymous_5)
FNDA:0,(anonymous_6)
DA:8,0
DA:9,0
DA:10,0
DA:11,0
DA:12,0
DA:15,0
DA:20,0
DA:26,0
DA:27,0
DA:28,0
DA:30,0
DA:31,0
DA:33,0
DA:34,0
DA:39,0
DA:40,0
DA:42,0
DA:44,0
DA:45,0
DA:46,0
DA:49,0
DA:50,0
DA:51,0
DA:53,0
DA:59,0
DA:61,0
DA:62,0
DA:63,0
DA:65,0
DA:72,0
DA:73,0
DA:74,0
DA:76,0
DA:77,0
DA:78,0
DA:80,0
DA:81,0
DA:85,0
DA:87,0
DA:91,0
DA:99,0
DA:100,0
DA:101,0
DA:108,0
DA:112,0
DA:113,0
DA:115,0
DA:116,0
DA:118,0
DA:119,0
DA:121,0
DA:122,0
DA:127,0
DA:128,0
DA:129,0
DA:131,0
DA:135,0
DA:136,0
DA:138,0
DA:139,0
DA:140,0
DA:142,0
DA:149,0
DA:154,0
DA:156,0
DA:157,0
DA:158,0
DA:160,0
DA:161,0
DA:166,0
DA:168,0
DA:172,0
DA:179,0
DA:180,0
DA:182,0
DA:183,0
DA:184,0
DA:186,0
DA:187,0
DA:192,0
DA:194,0
DA:198,0
DA:202,0
LF:83
LH:0
BRDA:12,0,0,0
BRDA:12,0,1,0
BRDA:30,1,0,0
BRDA:30,1,1,0
BRDA:30,2,0,0
BRDA:30,2,1,0
BRDA:39,3,0,0
BRDA:39,3,1,0
BRDA:49,4,0,0
BRDA:49,4,1,0
BRDA:49,4,2,0
BRDA:50,5,0,0
BRDA:50,5,1,0
BRDA:73,6,0,0
BRDA:73,6,1,0
BRDA:74,7,0,0
BRDA:74,7,1,0
BRDA:77,8,0,0
BRDA:77,8,1,0
BRDA:77,9,0,0
BRDA:77,9,1,0
BRDA:100,10,0,0
BRDA:100,10,1,0
BRDA:112,11,0,0
BRDA:112,11,1,0
BRDA:113,12,0,0
BRDA:113,12,1,0
BRDA:118,13,0,0
BRDA:118,13,1,0
BRDA:118,14,0,0
BRDA:118,14,1,0
BRDA:154,15,0,0
BRDA:154,15,1,0
BRDA:157,16,0,0
BRDA:157,16,1,0
BRDA:157,17,0,0
BRDA:157,17,1,0
BRDA:180,18,0,0
BRDA:180,18,1,0
BRDA:183,19,0,0
BRDA:183,19,1,0
BRDA:183,20,0,0
BRDA:183,20,1,0
BRF:43
BRH:0
end_of_record
